This is TeX, Version 3.14159 (Web2C 7.3.1) (format=latex 2003.1.20)  5 JUN 2003 16:51
**figure1_left_final.tex
(figure1_left_final.tex
LaTeX2e <2000/06/01>
Babel <v3.7h> and hyphenation patterns for american, french, german, ngerman, i
talian, nohyphenation, loaded.
(/usr/share/texmf/tex/latex/base/article.cls
Document Class: article 2000/05/19 v1.4b Standard LaTeX document class
(/usr/share/texmf/tex/latex/base/size11.clo
File: size11.clo 2000/05/19 v1.4b Standard LaTeX file (size option)
)
\c@part=\count79
\c@section=\count80
\c@subsection=\count81
\c@subsubsection=\count82
\c@paragraph=\count83
\c@subparagraph=\count84
\c@figure=\count85
\c@table=\count86
\abovecaptionskip=\skip41
\belowcaptionskip=\skip42
\bibindent=\dimen102
)
(/usr/share/texmf/tex/latex/misc/geometry.sty
Package: geometry 1999/10/07 v2.2 Page Geometry

(/usr/share/texmf/tex/latex/graphics/keyval.sty
Package: keyval 1999/03/16 v1.13 key=value parser (DPC)
\KV@toks@=\toks14
)
\geom@cnth=\count87
\geom@cntv=\count88

(/usr/share/texmf/tex/latex/config/geometry.cfg))
(/usr/share/texmf/tex/latex/graphics/graphicx.sty
Package: graphicx 1999/02/16 v )
(see the transcript file for additional information)
Output written on figure1_left_final.dvi (1 page, 1464 bytes).
Transcript written on figure1_left_final.log.
This is dvips(k) 5.86 Copyright 1999 Radical Eye Software (www.radicaleye.com)
' TeX output 2003.06.05:1651' -> figure1_left_final.ps
<texc.pro><special.pro><color.pro>. [1<figure1_left.ps><figure1_left_zoom.ps>] 
share/texmf/tex/latex/graphics/dvips.def
File: dvips.def 1999/02/16 v3.0i Driver-dependant file (DPC,SPQR)
))
\Gin@req@height=\dimen103
\Gin@req@width=\dimen104
)
(/usr/share/texmf/tex/latex/graphics/color.sty
Package: color 1999/02/16 v1.0i Standard LaTeX Color (DPC)

(/usr/share/texmf/tex/latex/config/color.cfg)
Package color Info: Driver file: dvips.def on input line 125.

(/usr/share/texmf/tex/latex/graphics/dvipsnam.def
File: dvipsnam.def 1999/02/16 v3.0i Driver-dependant file (DPC,SPQR)
))
\Wfig=\skip43
\wfig=\skip44
\tfig=\skip45
\hfig=\skip46
\nhfig=\skip47
\tsep=\skip48
\sfig=\skip49
\nsfig=\skip50
 (figure1_left_final.aux)
\openout1 = `figure1_left_final.aux'.

LaTeX Font Info:    Checking defaults for OML/cmm/m/it on input line 34.
LaTeX Font Info:    ... okay on input line 34.
LaTeX Font Info:    Checking defaults for T1/cmr/m/n on input line 34.
LaTeX Font Info:    ... okay on input line 34.
LaTeX Font Info:    Checking defaults for OT1/cmr/m/n on input line 34.
LaTeX Font Info:    ... okay on input line 34.
LaTeX Font Info:    Checking defaults for OMS/cmsy/m/n on input line 34.
LaTeX Font Info:    ... okay on input line 34.
LaTeX Font Info:    Checking defaults for OMX/cmex/m/n on input line 34.
LaTeX Font Info:    ... okay on input line 34.
LaTeX Font Info:    Checking defaults for U/cmr/m/n on input line 34.
LaTeX Font Info:    ... okay on input line 34.
File: figure1_left.ps Graphic file (type eps)

<figure1_left.ps>
File: figure1_left_zoom.ps Graphic file (type eps)
 <figure1_left_zoom.ps>
Overfull \hbox (0.79999pt too wide) in paragraph at lines 86--86
 [] 
 []

LaTeX Font Info:    Font shape `OT1/cmtt/bx/n' in size <10.95> not available
(Font)              Font shape `OT1/cmtt/m/n' tried instead on input line 94.
LaTeX Font Info:    External font `cmex10' loaded for size
(Font)              <10.95> on input line 94.
LaTeX Font Info:    External font `cmex10' loaded for size
(Font)              <8> on input line 94.
LaTeX Font Info:    External font `cmex10' loaded for size
(Font)              <6> on input line 94.

Overfull \hbox (17.0pt too wide) in paragraph at lines 39--98
[]$[]$ 
 []

[1

] (figure1_left_final.aux) ) 
Here is how much of TeX's memory you used:
 914 strings out of 61422
 11839 string characters out of 697363
 57122 words of memory out of 8000001
 3898 multiletter control sequences out of 10000+50000
 6855 words of font info for 25 fonts, out of 1000000 for 2000
 14 hyphenation exceptions out of 32000
 25i,14n,29p,220b,582s stack positions out of 5000i,500n,3000p,200000b,15000s

Output written on figure1_left_final.dvi (1 page, 1464 bytes).
