<?xml version='1.0' encoding='UTF-8'?><moby:MOBY xmlns:moby='http://www.biomoby.org/moby' xmlns='http://www.biomoby.org/moby'><moby:mobyContent moby:authority='genome.imim.es'>
        <moby:mobyData moby:queryID='1'>
            <moby:Collection moby:articleName='meta_predictions'>
                
                <moby:Simple><moby:text-formatted namespace='' id=''>
<![CDATA[
# meta_v1.0
# date Tue Oct 18 16:35:10 2005
# MAP1 CG9855 - Length = 92 elems
# MAP2 CG31911 - Length = 94 elems
# ALPHA = 0.50, LAMBDA = 0.10, MU = 0.10
# Maximum similarity: 28.38
# SimMatrix: 281 matches / 8648 positions (3.25 %)
### Best meta-alignment contains 13 elements
V$FOXO1_01:		 29-38	 :	 1-10 	7.82-8.40
V$NKX62_Q2:		 201-212	 :	 140-151 	8.07-7.78
V$CDXA_02:		 229-235	 :	 174-180 	5.04-5.68
V$CDXA_02:		 237-243	 :	 255-261 	5.04-5.17
V$STAT5A_03:		 251-258	 :	 265-272 	6.46-5.81
V$NKX62_Q2:		 259-270	 :	 310-321 	8.19-8.76
V$CDXA_02:		 319-325	 :	 384-390 	4.98-5.62
V$CDXA_02:		 350-356	 :	 451-457 	5.62-5.04
V$CEBP_Q3:		 420-429	 :	 511-520 	6.63-6.47
V$CDXA_02:		 432-438	 :	 540-546 	5.56-5.29
V$CDXA_02:		 469-475	 :	 576-582 	5.17-5.56
V$CDXA_02:		 567-573	 :	 677-683 	5.62-5.68
V$CDXA_01:		 594-600	 :	 684-690 	6.28-5.03

]]>
</moby:text-formatted>
</moby:Simple>
            
                <moby:Simple><moby:text-formatted namespace='' id=''>
<![CDATA[
# meta_v1.0
# date Tue Oct 18 16:35:10 2005
# MAP1 CG9855 - Length = 92 elems
# MAP2 CG1916 - Length = 626 elems
# ALPHA = 0.50, LAMBDA = 0.10, MU = 0.10
# Maximum similarity: -3.44
# SimMatrix: 1757 matches / 57592 positions (3.05 %)
### Best meta-alignment contains 15 elements
V$STAT4_01:		 159-166	 :	 185-192 	5.52-5.77
V$CIZ_01:		 184-192	 :	 220-228 	8.41-8.15
V$STAT5A_04:		 196-203	 :	 230-237 	5.27-5.70
V$CDXA_02:		 229-235	 :	 263-269 	5.04-5.04
V$CDXA_02:		 237-243	 :	 273-279 	5.04-5.74
V$STAT5A_04:		 251-258	 :	 302-309 	4.96-5.22
V$STAT6_02:		 363-370	 :	 400-407 	6.10-6.99
V$STAT5A_04:		 400-407	 :	 409-416 	5.43-5.77
V$CDXA_02:		 432-438	 :	 467-473 	5.56-5.62
V$CAP_01:		 450-457	 :	 486-493 	4.42-4.27
V$CDXA_02:		 469-475	 :	 520-526 	5.17-5.68
V$CDXA_02:		 520-526	 :	 553-559 	5.62-5.68
V$CDXA_02:		 567-573	 :	 566-572 	5.62-4.98
V$CDXA_01:		 594-600	 :	 583-589 	6.28-5.88
V$DBP_Q6:		 620-626	 :	 621-627 	6.10-6.10

]]>
</moby:text-formatted>
</moby:Simple>
            
                <moby:Simple><moby:text-formatted namespace='' id=''>
<![CDATA[
# meta_v1.0
# date Tue Oct 18 16:35:11 2005
# MAP1 CG9855 - Length = 92 elems
# MAP2 CG40178 - Length = 537 elems
# ALPHA = 0.50, LAMBDA = 0.10, MU = 0.10
# Maximum similarity: -21.15
# SimMatrix: 1700 matches / 49404 positions (3.44 %)
### Best meta-alignment contains 10 elements
V$DBP_Q6:		 68-74	 :	 94-100 	6.10-6.79
V$CDXA_02:		 229-235	 :	 232-238 	5.04-4.64
V$CDXA_02:		 237-243	 :	 239-245 	5.04-4.64
V$CDXA_02:		 262-268	 :	 270-276 	4.64-5.22
V$CDXA_02:		 319-325	 :	 323-329 	4.98-5.11
V$CDXA_02:		 350-356	 :	 391-397 	5.62-5.68
V$TEF1_Q6:		 363-368	 :	 411-416 	6.89-6.48
V$STAT5A_04:		 407-414	 :	 463-470 	5.64-4.96
V$CDXA_02:		 520-526	 :	 558-564 	5.62-5.62
V$STAT6_01:		 646-653	 :	 673-680 	5.34-6.66

]]>
</moby:text-formatted>
</moby:Simple>
            
                <moby:Simple><moby:text-formatted namespace='' id=''>
<![CDATA[
# meta_v1.0
# date Tue Oct 18 16:35:11 2005
# MAP1 CG9855 - Length = 92 elems
# MAP2 CG5390 - Length = 50 elems
# ALPHA = 0.50, LAMBDA = 0.10, MU = 0.10
# Maximum similarity: 11.06
# SimMatrix: 176 matches / 4600 positions (3.83 %)
### Best meta-alignment contains 9 elements
V$STAT4_01:		 159-166	 :	 60-67 	5.52-5.77
V$NKX62_Q2:		 201-212	 :	 94-105 	8.07-8.19
V$CDXA_02:		 237-243	 :	 135-141 	5.04-4.98
V$HNF3ALPHA_Q6:		 258-268	 :	 151-161 	9.33-8.76
V$CDXA_02:		 319-325	 :	 192-198 	4.98-5.74
V$CDXA_02:		 350-356	 :	 200-206 	5.62-5.04
V$STAT1_03:		 363-370	 :	 227-234 	6.27-5.99
V$STAT3_02:		 397-404	 :	 253-260 	4.78-4.98
V$STAT5A_04:		 407-414	 :	 291-298 	5.64-5.03

]]>
</moby:text-formatted>
</moby:Simple>
            
                <moby:Simple><moby:text-formatted namespace='' id=''>
<![CDATA[
# meta_v1.0
# date Tue Oct 18 16:35:11 2005
# MAP1 CG9855 - Length = 92 elems
# MAP2 CG6936 - Length = 646 elems
# ALPHA = 0.50, LAMBDA = 0.10, MU = 0.10
# Maximum similarity: -28.36
# SimMatrix: 1575 matches / 59432 positions (2.65 %)
### Best meta-alignment contains 8 elements
V$STAT5A_04:		 196-203	 :	 198-205 	5.27-5.74
V$TCF1P_Q6:		 305-312	 :	 313-320 	7.32-9.11
V$STAT1_03:		 363-370	 :	 366-373 	6.27-5.93
V$FOXO4_01:		 412-422	 :	 413-423 	8.50-8.67
V$TBP_01:		 428-435	 :	 426-433 	7.35-7.70
V$STAT4_01:		 469-476	 :	 448-455 	6.18-5.52
V$HOXA3_01:		 567-575	 :	 585-593 	5.06-4.85
V$STAT5A_04:		 646-653	 :	 648-655 	5.07-5.54

]]>
</moby:text-formatted>
</moby:Simple>
            
                <moby:Simple><moby:text-formatted namespace='' id=''>
<![CDATA[
# meta_v1.0
# date Tue Oct 18 16:35:11 2005
# MAP1 CG9855 - Length = 92 elems
# MAP2 CG5304 - Length = 561 elems
# ALPHA = 0.50, LAMBDA = 0.10, MU = 0.10
# Maximum similarity: -32.04
# SimMatrix: 1459 matches / 51612 positions (2.83 %)
### Best meta-alignment contains 8 elements
V$MYB_Q3:		 50-55	 :	 31-36 	5.39-5.86
V$STAT4_01:		 251-258	 :	 252-259 	5.52-5.93
V$CDXA_02:		 262-268	 :	 289-295 	4.64-5.22
V$STAT3_02:		 363-370	 :	 386-393 	5.09-5.34
V$STAT5A_04:		 400-407	 :	 420-427 	5.43-5.49
V$CDXA_01:		 432-438	 :	 453-459 	5.03-5.47
V$CDXA_02:		 469-475	 :	 489-495 	5.17-4.86
V$CDXA_02:		 567-573	 :	 554-560 	5.62-4.86

]]>
</moby:text-formatted>
</moby:Simple>
            
                <moby:Simple><moby:text-formatted namespace='' id=''>
<![CDATA[
# meta_v1.0
# date Tue Oct 18 16:35:11 2005
# MAP1 CG9855 - Length = 92 elems
# MAP2 CG11331 - Length = 160 elems
# ALPHA = 0.50, LAMBDA = 0.10, MU = 0.10
# Maximum similarity: -1.68
# SimMatrix: 317 matches / 14720 positions (2.15 %)
### Best meta-alignment contains 6 elements
V$STAT5A_04:		 196-203	 :	 213-220 	5.27-5.03
V$CDXA_02:		 319-325	 :	 358-364 	4.98-5.74
V$STAT4_01:		 400-407	 :	 453-460 	6.18-5.52
V$TBP_01:		 428-435	 :	 496-503 	7.35-7.35
V$CDXA_02:		 567-573	 :	 600-606 	5.62-5.74
V$CDXA_02:		 594-600	 :	 616-622 	5.68-4.98

]]>
</moby:text-formatted>
</moby:Simple>
            
                <moby:Simple><moby:text-formatted namespace='' id=''>
<![CDATA[
# meta_v1.0
# date Tue Oct 18 16:35:11 2005
# MAP1 CG9855 - Length = 92 elems
# MAP2 CG5731 - Length = 17 elems
# ALPHA = 0.50, LAMBDA = 0.10, MU = 0.10
# Maximum similarity: -5.02
# SimMatrix: 106 matches / 1564 positions (6.78 %)
### Best meta-alignment contains 1 elements
V$MYB_Q3:		 50-55	 :	 54-59 	5.39-5.17

]]>
</moby:text-formatted>
</moby:Simple>
            
                <moby:Simple><moby:text-formatted namespace='' id=''>
<![CDATA[
# meta_v1.0
# date Tue Oct 18 16:35:11 2005
# MAP1 CG9855 - Length = 92 elems
# MAP2 CG14439 - Length = 377 elems
# ALPHA = 0.50, LAMBDA = 0.10, MU = 0.10
# Maximum similarity: -6.04
# SimMatrix: 845 matches / 34684 positions (2.44 %)
### Best meta-alignment contains 11 elements
V$MYB_Q3:		 50-55	 :	 86-91 	5.39-5.17
V$SRY_01:		 195-201	 :	 214-220 	6.05-6.11
V$CDXA_02:		 229-235	 :	 236-242 	5.04-5.68
V$CDXA_02:		 237-243	 :	 265-271 	5.04-4.98
V$TCF1P_Q6:		 305-312	 :	 341-348 	7.32-8.30
V$STAT1_03:		 363-370	 :	 362-369 	6.27-5.10
V$E2F1_Q4:		 392-399	 :	 377-384 	8.52-7.42
V$STAT6_01:		 418-425	 :	 406-413 	5.94-5.34
V$STAT5A_04:		 469-476	 :	 498-505 	5.43-5.64
V$DBP_Q6:		 620-626	 :	 682-688 	6.10-6.37
V$STAT5A_04:		 646-653	 :	 703-710 	5.07-5.43

]]>
</moby:text-formatted>
</moby:Simple>
            
                <moby:Simple><moby:text-formatted namespace='' id=''>
<![CDATA[
# meta_v1.0
# date Tue Oct 18 16:35:11 2005
# MAP1 CG31911 - Length = 94 elems
# MAP2 CG1916 - Length = 626 elems
# ALPHA = 0.50, LAMBDA = 0.10, MU = 0.10
# Maximum similarity: -8.88
# SimMatrix: 1629 matches / 58844 positions (2.77 %)
### Best meta-alignment contains 17 elements
V$CDXA_02:		 22-28	 :	 56-62 	5.17-5.04
V$STAT5A_04:		 31-38	 :	 112-119 	5.45-5.70
V$STAT5A_03:		 42-49	 :	 154-161 	5.18-6.09
V$STAT4_01:		 56-63	 :	 185-192 	5.52-5.77
V$TBP_01:		 115-122	 :	 272-279 	7.51-9.09
V$CDXA_02:		 129-135	 :	 280-286 	5.62-4.64
V$STAT5A_04:		 147-154	 :	 302-309 	5.54-5.22
V$STAT4_01:		 254-261	 :	 400-407 	5.77-5.52
V$STAT5A_04:		 265-272	 :	 409-416 	5.43-5.77
V$NKX62_Q2:		 310-321	 :	 505-516 	8.76-7.90
V$DBP_Q6:		 346-352	 :	 522-528 	6.10-6.10
V$CDXA_02:		 384-390	 :	 553-559 	5.62-5.68
V$CDXA_02:		 451-457	 :	 583-589 	5.04-5.74
V$DBP_Q6:		 501-507	 :	 621-627 	6.34-6.10
V$CDXA_02:		 540-546	 :	 652-658 	5.29-5.68
V$CDXA_02:		 576-582	 :	 682-688 	5.56-5.74
V$CDXA_01:		 677-683	 :	 758-764 	6.28-5.88

]]>
</moby:text-formatted>
</moby:Simple>
            
                <moby:Simple><moby:text-formatted namespace='' id=''>
<![CDATA[
# meta_v1.0
# date Tue Oct 18 16:35:11 2005
# MAP1 CG31911 - Length = 94 elems
# MAP2 CG40178 - Length = 537 elems
# ALPHA = 0.50, LAMBDA = 0.10, MU = 0.10
# Maximum similarity: -24.34
# SimMatrix: 1597 matches / 50478 positions (3.16 %)
### Best meta-alignment contains 8 elements
V$OSF2_Q6:		 16-23	 :	 14-21 	7.61-7.79
V$CEBP_Q3:		 149-158	 :	 124-133 	6.68-7.05
V$CDXA_02:		 255-261	 :	 230-236 	5.17-4.64
V$STAT5A_03:		 265-272	 :	 273-280 	5.81-5.88
V$CDXA_02:		 384-390	 :	 391-397 	5.62-5.68
V$TEF1_Q6:		 509-514	 :	 548-553 	6.89-6.89
V$CDXA_02:		 540-546	 :	 558-564 	5.29-5.62
V$CDXA_02:		 677-683	 :	 677-683 	5.68-5.62

]]>
</moby:text-formatted>
</moby:Simple>
            
                <moby:Simple><moby:text-formatted namespace='' id=''>
<![CDATA[
# meta_v1.0
# date Tue Oct 18 16:35:11 2005
# MAP1 CG31911 - Length = 94 elems
# MAP2 CG5390 - Length = 50 elems
# ALPHA = 0.50, LAMBDA = 0.10, MU = 0.10
# Maximum similarity: 12.47
# SimMatrix: 152 matches / 4700 positions (3.23 %)
### Best meta-alignment contains 6 elements
V$STAT5A_03:		 21-28	 :	 60-67 	5.23-6.00
V$STAT4_01:		 56-63	 :	 105-112 	5.52-5.93
V$MEF2_Q6:		 113-122	 :	 146-155 	7.90-7.75
V$CDXA_02:		 129-135	 :	 168-174 	5.62-5.56
V$CDXA_01:		 174-180	 :	 197-203 	6.28-5.88
V$STAT5A_04:		 265-272	 :	 291-298 	5.43-5.03

]]>
</moby:text-formatted>
</moby:Simple>
            
                <moby:Simple><moby:text-formatted namespace='' id=''>
<![CDATA[
# meta_v1.0
# date Tue Oct 18 16:35:12 2005
# MAP1 CG31911 - Length = 94 elems
# MAP2 CG6936 - Length = 646 elems
# ALPHA = 0.50, LAMBDA = 0.10, MU = 0.10
# Maximum similarity: -23.75
# SimMatrix: 1528 matches / 60724 positions (2.52 %)
### Best meta-alignment contains 12 elements
V$SRY_01:		 4-10	 :	 18-24 	7.09-7.09
V$OSF2_Q6:		 16-23	 :	 41-48 	7.61-7.39
V$CDXA_02:		 129-135	 :	 66-72 	5.62-4.64
V$CEBP_Q3:		 149-158	 :	 88-97 	6.68-7.10
V$STAT5A_04:		 254-261	 :	 198-205 	5.46-5.74
V$STAT5A_04:		 265-272	 :	 215-222 	5.43-5.14
V$AREB6_04:		 435-443	 :	 381-389 	6.85-7.55
V$DBP_Q6:		 501-507	 :	 462-468 	6.34-6.79
V$STAT3_02:		 622-629	 :	 628-635 	5.09-5.01
V$MYB_Q3:		 643-648	 :	 639-644 	5.23-5.98
V$CDXA_02:		 677-683	 :	 664-670 	5.68-4.98
V$MYB_Q3:		 693-698	 :	 713-718 	5.35-5.86

]]>
</moby:text-formatted>
</moby:Simple>
            
                <moby:Simple><moby:text-formatted namespace='' id=''>
<![CDATA[
# meta_v1.0
# date Tue Oct 18 16:35:12 2005
# MAP1 CG31911 - Length = 94 elems
# MAP2 CG5304 - Length = 561 elems
# ALPHA = 0.50, LAMBDA = 0.10, MU = 0.10
# Maximum similarity: -30.73
# SimMatrix: 1358 matches / 52734 positions (2.58 %)
### Best meta-alignment contains 9 elements
V$PAX2_02:		 10-18	 :	 39-47 	5.38-5.42
V$STAT5A_03:		 21-28	 :	 59-66 	5.23-5.51
V$HMGIY_Q6:		 57-63	 :	 113-119 	6.63-6.69
V$NKX25_02:		 152-159	 :	 170-177 	7.83-9.62
V$STAT4_01:		 254-261	 :	 252-259 	5.77-5.93
V$STAT5A_03:		 265-272	 :	 282-289 	5.81-6.46
V$CDXA_02:		 451-457	 :	 489-495 	5.04-4.86
V$CDXA_02:		 540-546	 :	 554-560 	5.29-4.86
V$MYB_Q3:		 643-648	 :	 671-676 	5.23-5.98

]]>
</moby:text-formatted>
</moby:Simple>
            
                <moby:Simple><moby:text-formatted namespace='' id=''>
<![CDATA[
# meta_v1.0
# date Tue Oct 18 16:35:12 2005
# MAP1 CG31911 - Length = 94 elems
# MAP2 CG11331 - Length = 160 elems
# ALPHA = 0.50, LAMBDA = 0.10, MU = 0.10
# Maximum similarity: 1.20
# SimMatrix: 329 matches / 15040 positions (2.19 %)
### Best meta-alignment contains 8 elements
V$STAT5A_04:		 147-154	 :	 166-173 	5.54-5.30
V$EN1_01:		 224-230	 :	 268-274 	5.69-5.00
V$VMW65_Q6:		 258-265	 :	 323-330 	8.19-8.88
V$AREB6_04:		 435-443	 :	 439-447 	6.85-6.56
V$CEBP_Q3:		 511-520	 :	 488-497 	6.47-6.18
V$CDXA_02:		 677-683	 :	 605-611 	5.68-4.64
V$CDXA_02:		 684-690	 :	 616-622 	5.56-4.98
V$AP4_Q5:		 722-731	 :	 682-691 	7.89-8.99

]]>
</moby:text-formatted>
</moby:Simple>
            
                <moby:Simple><moby:text-formatted namespace='' id=''>
<![CDATA[
# meta_v1.0
# date Tue Oct 18 16:35:12 2005
# MAP1 CG31911 - Length = 94 elems
# MAP2 CG5731 - Length = 17 elems
# ALPHA = 0.50, LAMBDA = 0.10, MU = 0.10
# Maximum similarity: -6.61
# SimMatrix: 89 matches / 1598 positions (5.57 %)
### Best meta-alignment contains 3 elements
V$SRY_01:		 4-10	 :	 50-56 	7.09-6.05
V$CDXA_02:		 22-28	 :	 62-68 	5.17-4.98
V$CDXA_02:		 129-135	 :	 102-108 	5.62-5.68

]]>
</moby:text-formatted>
</moby:Simple>
            
                <moby:Simple><moby:text-formatted namespace='' id=''>
<![CDATA[
# meta_v1.0
# date Tue Oct 18 16:35:12 2005
# MAP1 CG31911 - Length = 94 elems
# MAP2 CG14439 - Length = 377 elems
# ALPHA = 0.50, LAMBDA = 0.10, MU = 0.10
# Maximum similarity: -1.65
# SimMatrix: 810 matches / 35438 positions (2.29 %)
### Best meta-alignment contains 13 elements
V$HMGIY_Q6:		 19-25	 :	 7-13 	6.41-7.79
V$IRF1_Q6:		 40-46	 :	 35-41 	7.62-7.65
V$CDXA_02:		 129-135	 :	 52-58 	5.62-5.62
V$IRF1_Q6:		 171-177	 :	 87-93 	7.65-7.93
V$EN1_01:		 224-230	 :	 148-154 	5.69-5.07
V$CDXA_02:		 255-261	 :	 162-168 	5.17-5.68
V$IRF1_Q6:		 297-303	 :	 182-188 	7.65-8.63
V$CDXA_02:		 384-390	 :	 236-242 	5.62-5.68
V$AREB6_04:		 435-443	 :	 276-284 	6.85-6.79
V$CAP_01:		 519-526	 :	 340-347 	4.41-4.80
V$CDXA_02:		 540-546	 :	 372-378 	5.29-5.11
V$GATA6_01:		 556-565	 :	 453-462 	5.66-5.93
V$MYB_Q3:		 643-648	 :	 553-558 	5.23-5.35

]]>
</moby:text-formatted>
</moby:Simple>
            
                <moby:Simple><moby:text-formatted namespace='' id=''>
<![CDATA[
# meta_v1.0
# date Tue Oct 18 16:35:12 2005
# MAP1 CG1916 - Length = 626 elems
# MAP2 CG40178 - Length = 537 elems
# ALPHA = 0.50, LAMBDA = 0.10, MU = 0.10
# Maximum similarity: 215.33
# SimMatrix: 10563 matches / 336162 positions (3.14 %)
### Best meta-alignment contains 75 elements
V$AREB6_04:		 80-88	 :	 18-26 	7.19-7.61
V$STAT5A_03:		 185-192	 :	 152-159 	6.00-5.19
V$CDXA_02:		 263-269	 :	 230-236 	5.04-4.64
V$CDXA_02:		 273-279	 :	 239-245 	5.74-4.64
V$STAT5A_03:		 306-313	 :	 273-280 	5.23-5.88
V$STAT4_01:		 400-407	 :	 286-293 	5.52-5.93
V$CDXA_02:		 467-473	 :	 323-329 	5.62-5.11
V$HOXA4_Q2:		 551-558	 :	 392-399 	7.14-7.14
V$FOXM1_01:		 647-655	 :	 496-504 	7.85-7.85
V$CEBP_Q3:		 715-724	 :	 550-559 	7.05-6.36
V$CDXA_02:		 817-823	 :	 677-683 	4.98-5.62
V$CDXA_02:		 851-857	 :	 748-754 	5.74-5.11
V$STAT5A_04:		 949-956	 :	 865-872 	4.96-4.92
V$MYB_Q3:		 973-978	 :	 933-938 	5.17-5.39
V$STAT4_01:		 1069-1076	 :	 1034-1041 	5.52-5.52
V$GATA6_01:		 1156-1165	 :	 1128-1137 	5.98-5.89
V$HSF2_01:		 1251-1260	 :	 1232-1241 	6.97-7.46
V$CAP_01:		 1264-1271	 :	 1259-1266 	4.45-4.24
V$CDXA_01:		 1287-1293	 :	 1305-1311 	5.37-5.27
V$USF2_Q6:		 1425-1430	 :	 1429-1434 	5.83-5.83
V$SRY_01:		 1466-1472	 :	 1493-1499 	6.53-6.53
V$SRY_01:		 1486-1492	 :	 1515-1521 	5.70-6.13
V$SRY_01:		 1535-1541	 :	 1554-1560 	6.13-6.11
V$CDXA_02:		 1560-1566	 :	 1577-1583 	4.64-5.04
V$LPOLYA_B:		 1626-1633	 :	 1642-1649 	10.07-8.38
V$STAT5A_04:		 1664-1671	 :	 1700-1707 	5.47-4.98
V$STAT5A_03:		 1678-1685	 :	 1710-1717 	5.18-6.46
V$GATA6_01:		 1713-1722	 :	 1748-1757 	5.61-6.11
V$CAP_01:		 1759-1766	 :	 1880-1887 	4.31-4.75
V$CIZ_01:		 1829-1837	 :	 1936-1944 	7.36-7.31
V$LBP1_Q6:		 1845-1851	 :	 1962-1968 	8.46-6.95
V$STAT5A_04:		 1865-1872	 :	 1975-1982 	5.66-5.77
V$ETS_Q4:		 1884-1889	 :	 1994-1999 	6.13-6.13
V$SRY_01:		 2007-2013	 :	 2087-2093 	6.68-6.68
V$DBP_Q6:		 2024-2030	 :	 2117-2123 	6.10-6.37
V$HMGIY_Q6:		 2131-2137	 :	 2157-2163 	6.63-6.63
V$NKX25_01:		 2157-2163	 :	 2204-2210 	7.04-8.37
V$PAX2_02:		 2365-2373	 :	 2380-2388 	6.14-5.75
V$STAT5A_04:		 2380-2387	 :	 2420-2427 	5.14-5.14
V$GEN_INI3_B:		 2397-2404	 :	 2453-2460 	5.39-5.41
V$OCT1_03:		 2627-2639	 :	 2736-2748 	7.58-7.19
V$HMGIY_Q6:		 2654-2660	 :	 2762-2768 	6.63-7.61
V$SRY_01:		 2688-2694	 :	 2815-2821 	7.09-6.05
V$CDXA_02:		 2721-2727	 :	 2854-2860 	5.74-5.22
V$CDXA_02:		 2770-2776	 :	 2876-2882 	5.04-5.68
V$CDXA_02:		 2891-2897	 :	 2992-2998 	5.04-5.22
V$CDXA_02:		 3012-3018	 :	 3113-3119 	4.98-5.68
V$CDXA_02:		 3233-3239	 :	 3319-3325 	4.98-4.64
V$STAT5A_03:		 3248-3255	 :	 3362-3369 	5.88-5.54
V$SRY_01:		 3334-3340	 :	 3449-3455 	6.53-6.11
V$AP1_C:		 3439-3447	 :	 3537-3545 	9.52-8.52
V$FOXO1_01:		 3469-3478	 :	 3577-3586 	8.91-8.16
V$FOXO1_01:		 3491-3500	 :	 3622-3631 	8.23-8.83
V$FOXO1_01:		 3518-3527	 :	 3658-3667 	7.81-8.08
V$FOXO1_01:		 3617-3626	 :	 3739-3748 	7.65-9.46
V$DBP_Q6:		 3677-3683	 :	 3759-3765 	6.10-6.54
V$USF2_Q6:		 3762-3767	 :	 3789-3794 	6.53-6.12
V$LPOLYA_B:		 3878-3885	 :	 3896-3903 	8.90-8.38
V$LBP1_Q6:		 3945-3951	 :	 3969-3975 	7.07-7.36
V$TBP_01:		 3969-3976	 :	 4037-4044 	8.93-9.09
V$MEF2_Q6:		 4127-4136	 :	 4227-4236 	7.68-8.08
V$CDXA_02:		 4169-4175	 :	 4299-4305 	5.56-4.64
V$SRY_01:		 4178-4184	 :	 4319-4325 	6.11-6.12
V$LYF1_01:		 4202-4210	 :	 4341-4349 	8.30-8.04
V$CAP_01:		 4241-4248	 :	 4399-4406 	4.31-4.37
V$CDXA_02:		 4447-4453	 :	 4547-4553 	5.74-4.64
V$STAT6_02:		 4505-4512	 :	 4556-4563 	6.41-5.63
V$TCF4_Q5:		 4573-4580	 :	 4597-4604 	8.93-7.55
V$STAT5A_04:		 4584-4591	 :	 4651-4658 	5.43-5.27
V$CDXA_02:		 4620-4626	 :	 4689-4695 	5.62-5.74
V$SRY_01:		 4629-4635	 :	 4696-4702 	6.68-6.53
V$CDXA_02:		 4643-4649	 :	 4704-4710 	5.62-5.17
V$USF2_Q6:		 4672-4677	 :	 4725-4730 	5.83-6.53
V$CDXA_02:		 4817-4823	 :	 4868-4874 	5.62-5.56
V$MYB_Q3:		 4934-4939	 :	 4989-4994 	5.39-4.82

]]>
</moby:text-formatted>
</moby:Simple>
            
                <moby:Simple><moby:text-formatted namespace='' id=''>
<![CDATA[
# meta_v1.0
# date Tue Oct 18 16:35:15 2005
# MAP1 CG1916 - Length = 626 elems
# MAP2 CG5390 - Length = 50 elems
# ALPHA = 0.50, LAMBDA = 0.10, MU = 0.10
# Maximum similarity: -33.24
# SimMatrix: 1049 matches / 31300 positions (3.35 %)
### Best meta-alignment contains 9 elements
V$STAT5A_03:		 112-119	 :	 60-67 	5.45-6.00
V$NKX62_Q2:		 161-172	 :	 94-105 	7.78-8.19
V$CDXA_02:		 240-246	 :	 148-154 	4.64-5.04
V$CDXA_02:		 263-269	 :	 168-174 	5.04-5.56
V$TBP_01:		 272-279	 :	 192-199 	9.09-8.93
V$CDXA_02:		 280-286	 :	 200-206 	4.64-5.04
V$STAT5A_04:		 306-313	 :	 227-234 	5.04-5.14
V$TCF4_Q5:		 389-396	 :	 276-283 	9.34-8.93
V$STAT5A_04:		 400-407	 :	 291-298 	5.44-5.03

]]>
</moby:text-formatted>
</moby:Simple>
            
                <moby:Simple><moby:text-formatted namespace='' id=''>
<![CDATA[
# meta_v1.0
# date Tue Oct 18 16:35:15 2005
# MAP1 CG1916 - Length = 626 elems
# MAP2 CG6936 - Length = 646 elems
# ALPHA = 0.50, LAMBDA = 0.10, MU = 0.10
# Maximum similarity: 232.00
# SimMatrix: 9574 matches / 404396 positions (2.37 %)
### Best meta-alignment contains 88 elements
V$CDXA_02:		 4-10	 :	 45-51 	5.04-5.56
V$POU1F1_Q6:		 29-38	 :	 66-75 	9.70-9.01
V$STAT5A_04:		 112-119	 :	 198-205 	5.70-5.74
V$STAT5A_04:		 154-161	 :	 215-222 	5.23-5.14
V$STAT3_02:		 185-192	 :	 267-274 	5.01-5.67
V$STAT5A_04:		 199-206	 :	 288-295 	5.64-4.96
V$CEBP_Q3:		 232-241	 :	 327-336 	6.35-6.22
V$TBP_01:		 272-279	 :	 426-433 	9.09-7.70
V$SRY_01:		 288-294	 :	 479-485 	6.13-7.09
V$STAT5A_04:		 400-407	 :	 628-635 	5.44-4.98
V$STAT5A_04:		 409-416	 :	 648-655 	5.77-5.54
V$CDXA_02:		 467-473	 :	 725-731 	5.62-5.29
V$SRY_01:		 494-500	 :	 767-773 	7.09-6.12
V$DBP_Q6:		 522-528	 :	 787-793 	6.10-6.54
V$HOXA4_Q2:		 551-558	 :	 826-833 	7.14-6.92
V$CDXA_02:		 566-572	 :	 950-956 	4.98-4.86
V$CDXA_02:		 583-589	 :	 983-989 	5.74-4.59
V$CDXA_02:		 619-625	 :	 1028-1034 	5.68-4.86
V$CDXA_02:		 652-658	 :	 1061-1067 	5.68-5.11
V$CDXA_02:		 665-671	 :	 1084-1090 	4.98-5.04
V$TBP_01:		 681-688	 :	 1096-1103 	7.43-7.43
V$EN1_01:		 762-768	 :	 1181-1187 	4.85-5.98
V$CDXA_02:		 851-857	 :	 1236-1242 	5.74-5.62
V$STAT5A_04:		 949-956	 :	 1296-1303 	4.96-4.98
V$MYB_Q3:		 973-978	 :	 1331-1336 	5.17-5.39
V$STAT5A_04:		 1024-1031	 :	 1371-1378 	5.74-5.04
V$CIZ_01:		 1042-1050	 :	 1387-1395 	8.37-8.24
V$MYB_Q3:		 1055-1060	 :	 1410-1415 	5.17-4.82
V$STAT5A_04:		 1069-1076	 :	 1448-1455 	4.96-5.54
V$STAT3_02:		 1250-1257	 :	 1649-1656 	4.79-4.84
V$CDXA_02:		 1346-1352	 :	 1701-1707 	5.62-5.68
V$IRF1_Q6:		 1365-1371	 :	 1734-1740 	7.65-7.65
V$USF2_Q6:		 1425-1430	 :	 1817-1822 	5.83-6.53
V$SRY_01:		 1466-1472	 :	 1825-1831 	6.53-5.70
V$CDXA_02:		 1577-1583	 :	 1943-1949 	4.64-5.74
V$STAT5A_04:		 1685-1692	 :	 2036-2043 	5.45-4.98
V$CDXA_02:		 1712-1718	 :	 2060-2066 	5.29-5.62
V$CAP_01:		 1759-1766	 :	 2093-2100 	4.31-4.88
V$STAT6_02:		 1835-1842	 :	 2192-2199 	6.21-5.60
V$IRF_Q6:		 1867-1875	 :	 2267-2275 	8.17-7.39
V$STAT4_01:		 1882-1889	 :	 2281-2288 	5.52-5.93
V$IRF1_Q6:		 1910-1916	 :	 2296-2302 	7.62-7.65
V$CAP_01:		 1961-1968	 :	 2362-2369 	4.55-4.44
V$SRY_01:		 2007-2013	 :	 2420-2426 	6.68-7.09
V$HMGIY_Q6:		 2131-2137	 :	 2535-2541 	6.63-6.69
V$STAT4_01:		 2349-2356	 :	 2692-2699 	5.52-5.52
V$STAT5A_04:		 2380-2387	 :	 2718-2725 	5.14-5.47
V$SRY_01:		 2433-2439	 :	 2753-2759 	6.68-6.68
V$SRY_01:		 2483-2489	 :	 2772-2778 	7.09-7.09
V$CDXA_02:		 2619-2625	 :	 2885-2891 	4.98-4.93
V$CDXA_01:		 2647-2653	 :	 2923-2929 	5.37-5.03
V$CDXA_02:		 2669-2675	 :	 2958-2964 	4.98-5.22
V$CDXA_02:		 2700-2706	 :	 2984-2990 	4.64-4.64
V$HOXA4_Q2:		 2752-2759	 :	 3039-3046 	8.12-7.43
V$MEF2_Q6:		 2768-2777	 :	 3069-3078 	7.52-8.37
V$HMGIY_Q6:		 2853-2859	 :	 3159-3165 	6.63-6.63
V$STAT5A_04:		 2903-2910	 :	 3185-3192 	5.70-5.22
V$NKX25_02:		 2949-2956	 :	 3210-3217 	7.83-7.83
V$CDXA_02:		 3012-3018	 :	 3227-3233 	4.98-5.68
V$MYB_Q3:		 3061-3066	 :	 3273-3278 	4.82-5.23
V$GATA6_01:		 3187-3196	 :	 3365-3374 	5.81-6.79
V$STAT5A_04:		 3386-3393	 :	 3560-3567 	4.91-5.61
V$CDXA_02:		 3409-3415	 :	 3582-3588 	5.56-5.56
V$CAP_01:		 3444-3451	 :	 3617-3624 	4.60-4.80
V$STAT4_01:		 3541-3548	 :	 3682-3689 	5.52-5.52
V$CDXA_02:		 3577-3583	 :	 3696-3702 	5.04-5.17
V$PAX2_02:		 3617-3625	 :	 3736-3744 	5.86-5.42
V$GATA3_01:		 3641-3649	 :	 3749-3757 	6.54-6.48
V$CDXA_01:		 3679-3685	 :	 3817-3823 	6.28-5.08
V$PBX1_01:		 3691-3699	 :	 3847-3855 	7.76-7.58
V$TEF1_Q6:		 3718-3723	 :	 3897-3902 	6.89-7.29
V$USF2_Q6:		 3762-3767	 :	 4008-4013 	6.53-6.12
V$IRF_Q6:		 3828-3836	 :	 4097-4105 	7.83-8.42
V$ETF_Q6:		 3856-3862	 :	 4112-4118 	7.63-7.63
V$MYB_Q3:		 3918-3923	 :	 4165-4170 	5.17-4.82
V$DBP_Q6:		 3932-3938	 :	 4222-4228 	6.54-6.79
V$CDXA_01:		 3969-3975	 :	 4272-4278 	5.88-5.47
V$SRY_01:		 3997-4003	 :	 4294-4300 	6.13-6.05
V$CDXA_01:		 4032-4038	 :	 4326-4332 	5.27-5.88
V$STAT1_03:		 4096-4103	 :	 4379-4386 	5.10-5.46
V$SRY_01:		 4195-4201	 :	 4398-4404 	6.68-7.09
V$AREB6_04:		 4481-4489	 :	 4674-4682 	7.04-7.19
V$CAP_01:		 4513-4520	 :	 4689-4696 	4.27-4.80
V$CDXA_02:		 4620-4626	 :	 4790-4796 	5.62-5.62
V$SRY_01:		 4629-4635	 :	 4798-4804 	6.68-6.05
V$USF2_Q6:		 4672-4677	 :	 4815-4820 	5.83-5.83
V$CDXA_02:		 4817-4823	 :	 4837-4843 	5.62-5.74
V$PAX2_02:		 4827-4835	 :	 4860-4868 	5.88-5.51

]]>
</moby:text-formatted>
</moby:Simple>
            
                <moby:Simple><moby:text-formatted namespace='' id=''>
<![CDATA[
# meta_v1.0
# date Tue Oct 18 16:35:19 2005
# MAP1 CG1916 - Length = 626 elems
# MAP2 CG5304 - Length = 561 elems
# ALPHA = 0.50, LAMBDA = 0.10, MU = 0.10
# Maximum similarity: 167.66
# SimMatrix: 8973 matches / 351186 positions (2.56 %)
### Best meta-alignment contains 69 elements
V$GEN_INI3_B:		 96-103	 :	 206-213 	5.68-5.41
V$STAT6_01:		 154-161	 :	 282-289 	6.05-6.66
V$STAT3_02:		 185-192	 :	 386-393 	5.01-5.34
V$STAT5A_04:		 230-237	 :	 420-427 	5.70-5.49
V$TBP_01:		 272-279	 :	 471-478 	9.09-7.33
V$CDXA_02:		 280-286	 :	 554-560 	4.64-4.86
V$SRY_01:		 288-294	 :	 591-597 	6.13-6.53
V$STAT5A_04:		 302-309	 :	 599-606 	5.22-5.11
V$FOXM1_01:		 395-403	 :	 707-715 	7.45-7.45
V$STAT5A_04:		 409-416	 :	 760-767 	5.77-5.22
V$CDXA_01:		 583-589	 :	 928-934 	5.88-6.28
V$CDXA_02:		 652-658	 :	 998-1004 	5.68-4.98
V$CDXA_02:		 665-671	 :	 1005-1011 	4.98-4.64
V$CDXA_02:		 758-764	 :	 1087-1093 	5.74-5.17
V$CDXA_02:		 845-851	 :	 1141-1147 	5.04-5.62
V$STAT5A_04:		 949-956	 :	 1243-1250 	4.96-5.11
V$MYB_Q3:		 973-978	 :	 1264-1269 	5.17-5.17
V$PAX2_02:		 1029-1037	 :	 1277-1285 	5.42-6.08
V$CEBP_Q3:		 1065-1074	 :	 1313-1322 	6.30-6.85
V$TBP_01:		 1084-1091	 :	 1330-1337 	7.51-7.85
V$STAT3_02:		 1250-1257	 :	 1412-1419 	4.79-5.88
V$NKX25_01:		 1260-1266	 :	 1434-1440 	8.65-8.65
V$SREBP_Q3:		 1313-1320	 :	 1481-1488 	7.27-7.31
V$CDXA_02:		 1346-1352	 :	 1510-1516 	5.62-5.11
V$SRY_01:		 1466-1472	 :	 1659-1665 	6.53-6.05
V$PAX2_02:		 1532-1540	 :	 1757-1765 	5.59-5.46
V$CDXA_02:		 1564-1570	 :	 1789-1795 	4.64-5.17
V$E2F1_Q3:		 1672-1679	 :	 1859-1866 	5.88-6.32
V$STAT4_01:		 1835-1842	 :	 2032-2039 	5.52-6.18
V$STAT6_01:		 1865-1872	 :	 2061-2068 	5.67-5.32
V$STAT4_01:		 1882-1889	 :	 2086-2093 	5.52-5.52
V$STAT5A_04:		 1917-1924	 :	 2103-2110 	4.95-4.98
V$SREBP_Q3:		 2122-2129	 :	 2278-2285 	7.78-8.41
V$CAP_01:		 2194-2201	 :	 2304-2311 	4.38-4.44
V$STAT4_01:		 2349-2356	 :	 2334-2341 	5.52-5.52
V$STAT5A_04:		 2380-2387	 :	 2364-2371 	5.14-4.96
V$AP3_Q6:		 2591-2598	 :	 2519-2526 	7.51-7.10
V$AREB6_04:		 2727-2735	 :	 2660-2668 	7.19-7.48
V$CDXA_02:		 2770-2776	 :	 2687-2693 	5.04-5.62
V$POU1F1_Q6:		 2843-2852	 :	 2738-2747 	9.01-9.41
V$CDXA_02:		 2891-2897	 :	 2766-2772 	5.04-5.74
V$NKX25_02:		 2949-2956	 :	 2887-2894 	7.83-8.52
V$MYB_Q3:		 2985-2990	 :	 2907-2912 	5.17-5.17
V$CDXA_02:		 3012-3018	 :	 2924-2930 	4.98-5.11
V$MYB_Q3:		 3130-3135	 :	 3067-3072 	4.82-5.86
V$SRY_01:		 3190-3196	 :	 3162-3168 	5.70-6.53
V$LBP1_Q6:		 3368-3374	 :	 3343-3349 	7.36-6.95
V$STAT5A_03:		 3386-3393	 :	 3368-3375 	5.72-5.57
V$CDXA_02:		 3409-3415	 :	 3433-3439 	5.56-5.04
V$PAX2_02:		 3469-3477	 :	 3516-3524 	5.39-5.87
V$SRY_02:		 3488-3499	 :	 3545-3556 	9.26-9.82
V$TBP_01:		 3557-3564	 :	 3594-3601 	7.35-7.85
V$CDXA_02:		 3577-3583	 :	 3615-3621 	5.04-5.29
V$CDXA_02:		 3679-3685	 :	 3704-3710 	5.68-4.64
V$STAT1_03:		 3716-3723	 :	 3743-3750 	5.29-5.57
V$IRF1_Q6:		 3829-3835	 :	 3844-3850 	7.65-6.92
V$IRF1_Q6:		 3941-3947	 :	 3961-3967 	7.93-7.65
V$CDXA_01:		 3969-3975	 :	 3993-3999 	5.88-5.88
V$MYB_Q3:		 4095-4100	 :	 4064-4069 	5.17-5.98
V$STAT3_02:		 4148-4155	 :	 4111-4118 	4.92-5.12
V$EN1_01:		 4170-4176	 :	 4150-4156 	5.13-4.85
V$CDXA_02:		 4452-4458	 :	 4425-4431 	5.74-5.62
V$ETS_Q4:		 4507-4512	 :	 4472-4477 	7.23-6.13
V$EN1_01:		 4537-4543	 :	 4530-4536 	4.88-5.29
V$FREAC7_01:		 4584-4599	 :	 4616-4631 	10.98-11.15
V$SOX5_01:		 4812-4821	 :	 4850-4859 	8.68-7.87
V$IRF1_Q6:		 4840-4846	 :	 4871-4877 	7.93-7.65
V$SRY_01:		 4881-4887	 :	 4883-4889 	6.11-6.11
V$CIZ_01:		 4902-4910	 :	 4896-4904 	7.86-7.43

]]>
</moby:text-formatted>
</moby:Simple>
            
                <moby:Simple><moby:text-formatted namespace='' id=''>
<![CDATA[
# meta_v1.0
# date Tue Oct 18 16:35:22 2005
# MAP1 CG1916 - Length = 626 elems
# MAP2 CG11331 - Length = 160 elems
# ALPHA = 0.50, LAMBDA = 0.10, MU = 0.10
# Maximum similarity: -7.46
# SimMatrix: 2177 matches / 100160 positions (2.17 %)
### Best meta-alignment contains 16 elements
V$AREB6_04:		 80-88	 :	 123-131 	7.19-6.63
V$STAT5A_04:		 154-161	 :	 166-173 	5.23-5.30
V$STAT3_02:		 185-192	 :	 192-199 	5.01-5.01
V$STAT5A_04:		 199-206	 :	 213-220 	5.64-5.03
V$EN1_01:		 228-234	 :	 268-274 	5.07-5.00
V$STAT5A_03:		 306-313	 :	 349-356 	5.23-5.20
V$STAT5A_04:		 409-416	 :	 453-460 	5.77-5.93
V$HOXA4_Q2:		 551-558	 :	 598-605 	7.14-7.14
V$CDXA_02:		 566-572	 :	 616-622 	4.98-4.98
V$CDXA_02:		 682-688	 :	 724-730 	5.74-4.93
V$CDXA_02:		 758-764	 :	 792-798 	5.74-5.74
V$CDXA_02:		 817-823	 :	 862-868 	4.98-5.62
V$CDXA_01:		 851-857	 :	 909-915 	5.88-5.27
V$MYB_Q3:		 973-978	 :	 957-962 	5.17-4.82
V$CIZ_01:		 1042-1050	 :	 1023-1031 	8.37-8.64
V$STAT6_01:		 1069-1076	 :	 1054-1061 	6.66-6.05

]]>
</moby:text-formatted>
</moby:Simple>
            
                <moby:Simple><moby:text-formatted namespace='' id=''>
<![CDATA[
# meta_v1.0
# date Tue Oct 18 16:35:22 2005
# MAP1 CG1916 - Length = 626 elems
# MAP2 CG5731 - Length = 17 elems
# ALPHA = 0.50, LAMBDA = 0.10, MU = 0.10
# Maximum similarity: -53.38
# SimMatrix: 739 matches / 10642 positions (6.94 %)
### Best meta-alignment contains 3 elements
V$CDXA_02:		 4-10	 :	 45-51 	5.04-4.98
V$POU1F1_Q6:		 29-38	 :	 82-91 	9.70-9.01
V$CDXA_02:		 56-62	 :	 102-108 	5.04-5.68

]]>
</moby:text-formatted>
</moby:Simple>
            
                <moby:Simple><moby:text-formatted namespace='' id=''>
<![CDATA[
# meta_v1.0
# date Tue Oct 18 16:35:22 2005
# MAP1 CG1916 - Length = 626 elems
# MAP2 CG14439 - Length = 377 elems
# ALPHA = 0.50, LAMBDA = 0.10, MU = 0.10
# Maximum similarity: 66.06
# SimMatrix: 5530 matches / 236002 positions (2.34 %)
### Best meta-alignment contains 42 elements
V$CDXA_02:		 56-62	 :	 52-58 	5.04-5.62
V$GEN_INI2_B:		 96-103	 :	 87-94 	5.64-5.55
V$STAT3_02:		 185-192	 :	 128-135 	5.01-5.28
V$CDXA_02:		 241-247	 :	 145-151 	4.64-5.68
V$CDXA_01:		 273-279	 :	 162-168 	5.88-6.28
V$IRF1_Q6:		 300-306	 :	 182-188 	6.92-8.63
V$STAT3_02:		 400-407	 :	 195-202 	5.07-5.28
V$MEF2_Q6:		 431-440	 :	 206-215 	8.88-9.29
V$CDXA_02:		 467-473	 :	 236-242 	5.62-5.68
V$CDXA_01:		 520-526	 :	 243-249 	6.28-5.27
V$CDXA_02:		 553-559	 :	 265-271 	5.68-4.98
V$CDXA_01:		 583-589	 :	 313-319 	5.88-5.27
V$CDXA_02:		 619-625	 :	 372-378 	5.68-5.11
V$HOXA4_Q2:		 650-657	 :	 412-419 	7.14-7.14
V$DBP_Q6:		 901-907	 :	 682-688 	6.66-6.37
V$STAT5A_04:		 949-956	 :	 703-710 	4.96-5.43
V$CIZ_01:		 1042-1050	 :	 730-738 	8.37-7.86
V$NKX25_01:		 1285-1291	 :	 1002-1008 	8.37-8.37
V$IRF1_Q6:		 1365-1371	 :	 1085-1091 	7.65-6.92
V$USF2_Q6:		 1425-1430	 :	 1136-1141 	5.83-6.93
V$STAT5A_04:		 1462-1469	 :	 1177-1184 	5.14-5.11
V$CDXA_02:		 1494-1500	 :	 1194-1200 	4.93-4.64
V$CDXA_02:		 1568-1574	 :	 1279-1285 	4.64-5.56
V$MYB_Q3:		 1649-1654	 :	 1360-1365 	5.86-5.17
V$STAT5A_04:		 1664-1671	 :	 1413-1420 	5.47-5.27
V$LBP1_Q6:		 1746-1752	 :	 1504-1510 	8.05-7.07
V$STAT1_03:		 1865-1872	 :	 1597-1604 	5.78-5.49
V$ETS_Q4:		 1884-1889	 :	 1618-1623 	6.13-6.13
V$FOXO1_01:		 2159-2168	 :	 1885-1894 	9.49-8.64
V$STAT3_02:		 2304-2311	 :	 2021-2028 	5.14-5.31
V$STAT4_01:		 2349-2356	 :	 2075-2082 	5.52-5.77
V$STAT5A_04:		 2380-2387	 :	 2135-2142 	5.14-5.07
V$SRY_01:		 2433-2439	 :	 2185-2191 	6.68-6.68
V$FOXO1_01:		 2483-2492	 :	 2214-2223 	8.89-9.06
V$CDXA_02:		 2619-2625	 :	 2368-2374 	4.98-5.11
V$CDXA_02:		 2669-2675	 :	 2391-2397 	4.98-5.11
V$SRY_01:		 2688-2694	 :	 2406-2412 	7.09-5.70
V$AREB6_04:		 2727-2735	 :	 2503-2511 	7.19-6.63
V$CIZ_01:		 2804-2812	 :	 2557-2565 	8.01-7.43
V$STAT5A_03:		 2903-2910	 :	 2653-2660 	5.45-5.88
V$CDXA_02:		 2917-2923	 :	 2672-2678 	4.64-5.11
V$SOX5_01:		 3089-3098	 :	 2912-2921 	8.77-9.07

]]>
</moby:text-formatted>
</moby:Simple>
            
                <moby:Simple><moby:text-formatted namespace='' id=''>
<![CDATA[
# meta_v1.0
# date Tue Oct 18 16:35:24 2005
# MAP1 CG40178 - Length = 537 elems
# MAP2 CG5390 - Length = 50 elems
# ALPHA = 0.50, LAMBDA = 0.10, MU = 0.10
# Maximum similarity: -40.41
# SimMatrix: 975 matches / 26850 positions (3.63 %)
### Best meta-alignment contains 4 elements
V$HNF3ALPHA_Q6:		 121-131	 :	 89-99 	9.88-9.33
V$CDXA_02:		 228-234	 :	 192-198 	4.64-5.74
V$CDXA_02:		 239-245	 :	 200-206 	4.64-5.04
V$STAT5A_04:		 270-277	 :	 227-234 	5.38-5.14

]]>
</moby:text-formatted>
</moby:Simple>
            
                <moby:Simple><moby:text-formatted namespace='' id=''>
<![CDATA[
# meta_v1.0
# date Tue Oct 18 16:35:24 2005
# MAP1 CG40178 - Length = 537 elems
# MAP2 CG6936 - Length = 646 elems
# ALPHA = 0.50, LAMBDA = 0.10, MU = 0.10
# Maximum similarity: 191.09
# SimMatrix: 8969 matches / 346902 positions (2.59 %)
### Best meta-alignment contains 80 elements
V$AML1_01:		 35-40	 :	 41-46 	7.54-6.54
V$CEBP_Q3:		 124-133	 :	 88-97 	7.05-7.10
V$ZF5_01:		 250-257	 :	 207-214 	6.46-7.84
V$STAT5A_04:		 270-277	 :	 215-222 	5.38-5.14
V$STAT5A_04:		 463-470	 :	 288-295 	4.96-4.96
V$STAT5A_04:		 554-561	 :	 366-373 	5.43-5.17
V$AREB6_04:		 577-585	 :	 381-389 	6.79-7.55
V$STAT6_01:		 673-680	 :	 481-488 	6.66-5.77
V$STAT5A_04:		 865-872	 :	 648-655 	4.92-5.54
V$MYB_Q3:		 924-929	 :	 713-718 	5.17-5.86
V$STAT5A_04:		 931-938	 :	 724-731 	5.46-6.13
V$STAT5A_04:		 1034-1041	 :	 846-853 	5.44-5.14
V$AREB6_04:		 1096-1104	 :	 897-905 	7.26-7.14
V$GATA6_01:		 1128-1137	 :	 930-939 	5.89-6.54
V$CAP_01:		 1259-1266	 :	 1035-1042 	4.24-4.44
V$ETS_Q4:		 1333-1338	 :	 1053-1058 	7.23-6.34
V$CDXA_02:		 1398-1404	 :	 1097-1103 	4.98-5.74
V$EN1_01:		 1461-1467	 :	 1134-1140 	5.29-5.69
V$CDXA_02:		 1577-1583	 :	 1236-1242 	5.04-5.62
V$PAX2_02:		 1673-1681	 :	 1313-1321 	5.59-5.83
V$STAT5A_04:		 1700-1707	 :	 1371-1378 	4.98-5.04
V$STAT5A_04:		 1710-1717	 :	 1390-1397 	4.96-5.27
V$STAT5A_04:		 1734-1741	 :	 1448-1455 	5.24-5.54
V$CAP_01:		 1745-1752	 :	 1497-1504 	4.31-4.44
V$HMGIY_Q6:		 1758-1764	 :	 1515-1521 	6.81-6.69
V$STAT5A_04:		 1776-1783	 :	 1533-1540 	5.49-5.27
V$MYB_Q3:		 1881-1886	 :	 1657-1662 	5.17-4.82
V$IRF1_Q6:		 1942-1948	 :	 1734-1740 	7.65-7.65
V$SRY_01:		 2087-2093	 :	 1825-1831 	6.68-5.70
V$DBP_Q6:		 2117-2123	 :	 1832-1838 	6.37-6.10
V$STAT5A_04:		 2156-2163	 :	 1914-1921 	5.46-4.98
V$STAT5A_04:		 2210-2217	 :	 1969-1976 	4.92-5.80
V$CDXA_02:		 2285-2291	 :	 2060-2066 	4.86-5.62
V$ETS_Q4:		 2336-2341	 :	 2150-2155 	6.34-7.23
V$AML1_01:		 2465-2470	 :	 2320-2325 	6.54-7.54
V$STAT5A_04:		 2495-2502	 :	 2383-2390 	5.62-5.58
V$DBP_Q6:		 2604-2610	 :	 2512-2518 	6.34-7.35
V$DBP_Q6:		 2667-2673	 :	 2601-2607 	6.34-6.54
V$STAT5A_03:		 2746-2753	 :	 2710-2717 	5.18-6.24
V$STAT5A_04:		 2761-2768	 :	 2718-2725 	5.07-5.47
V$PAX2_02:		 2806-2814	 :	 2757-2765 	5.37-5.77
V$SRY_01:		 2815-2821	 :	 2772-2778 	6.05-7.09
V$CDXA_02:		 2854-2860	 :	 2923-2929 	5.22-5.56
V$CDXA_01:		 2876-2882	 :	 2963-2969 	5.10-6.28
V$STAT6_02:		 2957-2964	 :	 3079-3086 	6.87-6.68
V$STAT5A_03:		 2995-3002	 :	 3116-3123 	5.88-5.94
V$HMGIY_Q6:		 3041-3047	 :	 3159-3165 	6.63-6.63
V$CDXA_01:		 3113-3119	 :	 3227-3233 	6.28-5.10
V$AP2REP_01:		 3155-3161	 :	 3303-3309 	5.77-5.92
V$STAT5A_04:		 3185-3192	 :	 3325-3332 	4.96-5.30
V$STAT5A_04:		 3199-3206	 :	 3338-3345 	5.35-4.92
V$MEF2_Q6:		 3274-3283	 :	 3388-3397 	7.64-7.93
V$AREB6_04:		 3299-3307	 :	 3445-3453 	7.48-7.55
V$CEBP_Q3:		 3350-3359	 :	 3500-3509 	6.50-6.37
V$STAT5A_04:		 3362-3369	 :	 3560-3567 	5.11-5.61
V$CDXA_02:		 3392-3398	 :	 3582-3588 	5.29-5.56
V$STAT5A_03:		 3409-3416	 :	 3662-3669 	5.60-5.96
V$CIZ_01:		 3458-3466	 :	 3715-3723 	8.01-8.24
V$CDXA_01:		 3494-3500	 :	 3776-3782 	5.88-5.88
V$STAT4_01:		 3564-3571	 :	 3798-3805 	5.52-5.52
V$HNF3ALPHA_Q6:		 3579-3589	 :	 3840-3850 	9.24-8.50
V$NKX25_01:		 3601-3607	 :	 3859-3865 	8.37-8.37
V$USF2_Q6:		 3789-3794	 :	 4008-4013 	6.12-6.12
V$DBP_Q6:		 3888-3894	 :	 4092-4098 	7.35-6.10
V$CDXA_01:		 4038-4044	 :	 4272-4278 	5.88-5.47
V$TBP_01:		 4066-4073	 :	 4326-4333 	7.35-7.43
V$GATA6_01:		 4262-4271	 :	 4525-4534 	5.76-5.64
V$CDXA_02:		 4300-4306	 :	 4578-4584 	4.64-5.62
V$CDXA_02:		 4313-4319	 :	 4590-4596 	5.29-5.04
V$GATA_C:		 4345-4355	 :	 4598-4608 	8.36-7.98
V$CAP_01:		 4399-4406	 :	 4655-4662 	4.37-4.36
V$STAT6_01:		 4480-4487	 :	 4674-4681 	5.66-5.77
V$MYB_Q3:		 4497-4502	 :	 4690-4695 	4.82-5.17
V$TBP_01:		 4577-4584	 :	 4771-4778 	8.93-7.35
V$CDXA_02:		 4689-4695	 :	 4790-4796 	5.74-5.62
V$SRY_01:		 4696-4702	 :	 4798-4804 	6.53-6.05
V$USF2_Q6:		 4725-4730	 :	 4815-4820 	6.53-5.83
V$CDXA_02:		 4736-4742	 :	 4837-4843 	5.29-5.74
V$EN1_01:		 4765-4771	 :	 4878-4884 	5.07-5.07
V$E2F1_Q3:		 4830-4837	 :	 4906-4913 	6.05-5.83

]]>
</moby:text-formatted>
</moby:Simple>
            
                <moby:Simple><moby:text-formatted namespace='' id=''>
<![CDATA[
# meta_v1.0
# date Tue Oct 18 16:35:27 2005
# MAP1 CG40178 - Length = 537 elems
# MAP2 CG5304 - Length = 561 elems
# ALPHA = 0.50, LAMBDA = 0.10, MU = 0.10
# Maximum similarity: 155.33
# SimMatrix: 8423 matches / 301257 positions (2.80 %)
### Best meta-alignment contains 67 elements
V$MYB_Q3:		 8-13	 :	 31-36 	5.17-5.86
V$PAX2_02:		 18-26	 :	 39-47 	5.40-5.42
V$STAT6_01:		 152-159	 :	 59-66 	5.48-5.35
V$HMGIY_Q6:		 319-325	 :	 113-119 	6.63-6.69
V$CDXA_01:		 391-397	 :	 127-133 	6.28-5.47
V$STAT3_02:		 517-524	 :	 213-220 	4.78-5.07
V$STAT4_01:		 554-561	 :	 252-259 	5.52-5.93
V$STAT5A_04:		 592-599	 :	 288-295 	5.62-5.11
V$STAT5A_03:		 673-680	 :	 420-427 	6.46-5.17
V$CDXA_02:		 748-754	 :	 489-495 	5.11-4.86
V$STAT5A_04:		 865-872	 :	 599-606 	4.92-5.11
V$USF_Q6:		 912-921	 :	 639-648 	8.33-8.39
V$MYB_Q3:		 933-938	 :	 671-676 	5.39-5.98
V$STAT5A_04:		 1034-1041	 :	 760-767 	5.44-5.22
V$STAT6_02:		 1068-1075	 :	 806-813 	5.71-6.32
V$USF2_Q6:		 1116-1121	 :	 903-908 	5.83-6.53
V$CDXA_01:		 1123-1129	 :	 928-934 	5.27-6.28
V$PAX2_02:		 1152-1160	 :	 940-948 	5.45-5.67
V$STAT5A_04:		 1336-1343	 :	 1087-1094 	5.27-5.04
V$CDXA_02:		 1398-1404	 :	 1141-1147 	4.98-5.62
V$CEBP_Q3:		 1595-1604	 :	 1313-1322 	6.83-6.85
V$PBX1_01:		 1627-1635	 :	 1341-1349 	8.46-8.86
V$CDXA_02:		 1688-1694	 :	 1378-1384 	5.56-4.98
V$STAT5A_03:		 1710-1717	 :	 1412-1419 	6.46-5.30
V$STAT5A_04:		 1734-1741	 :	 1439-1446 	5.24-5.62
V$CAP_01:		 1745-1752	 :	 1461-1468 	4.31-5.25
V$HMGIY_Q6:		 1758-1764	 :	 1488-1494 	6.81-7.79
V$STAT4_01:		 1765-1772	 :	 1496-1503 	5.52-6.18
V$STAT5A_04:		 1776-1783	 :	 1505-1512 	5.49-5.54
V$SRY_01:		 1946-1952	 :	 1659-1665 	7.09-6.05
V$DBP_Q6:		 2117-2123	 :	 1837-1843 	6.37-5.98
V$STAT5A_04:		 2210-2217	 :	 2032-2039 	4.92-5.66
V$CDXA_01:		 2228-2234	 :	 2071-2077 	5.10-6.28
V$AP1FJ_Q2:		 2308-2318	 :	 2134-2144 	8.46-8.16
V$SREBP1_Q6:		 2456-2462	 :	 2279-2285 	8.42-8.83
V$STAT5A_04:		 2495-2502	 :	 2334-2341 	5.62-4.96
V$DBP_Q6:		 2667-2673	 :	 2526-2532 	6.34-5.98
V$GATA3_01:		 2708-2716	 :	 2565-2573 	7.03-6.66
V$HMGIY_Q6:		 2793-2799	 :	 2645-2651 	6.81-6.69
V$TEF1_Q6:		 2832-2837	 :	 2678-2683 	6.48-7.29
V$CDXA_02:		 2876-2882	 :	 2687-2693 	5.68-5.62
V$TEF1_Q6:		 2987-2992	 :	 2711-2716 	7.29-6.89
V$CDXA_02:		 3045-3051	 :	 2765-2771 	5.11-5.74
V$AP4_Q6:		 3084-3093	 :	 2774-2783 	8.77-9.87
V$FOXM1_01:		 3218-3226	 :	 2820-2828 	7.85-8.55
V$CDXA_02:		 3319-3325	 :	 2924-2930 	4.64-5.11
V$STAT5A_04:		 3362-3369	 :	 2944-2951 	5.11-5.94
V$CDXA_01:		 3494-3500	 :	 3082-3088 	5.88-5.88
V$AP1_C:		 3537-3545	 :	 3119-3127 	8.52-8.08
V$SRY_01:		 3577-3583	 :	 3162-3168 	6.13-6.53
V$SRY_01:		 3739-3745	 :	 3367-3373 	7.09-6.05
V$LPOLYA_B:		 3896-3903	 :	 3533-3540 	8.38-10.07
V$CDXA_02:		 3939-3945	 :	 3591-3597 	4.59-5.62
V$GATA6_01:		 4006-4015	 :	 3660-3669 	6.11-5.79
V$CDXA_01:		 4038-4044	 :	 3695-3701 	5.88-5.47
V$STAT5A_04:		 4217-4224	 :	 3886-3893 	4.94-5.43
V$STAT4_01:		 4312-4319	 :	 4016-4023 	5.52-5.52
V$STAT4_01:		 4351-4358	 :	 4073-4080 	5.52-5.93
V$STAT5A_04:		 4556-4563	 :	 4285-4292 	5.52-5.64
V$DBP_Q6:		 4605-4611	 :	 4327-4333 	5.98-6.37
V$AML1_Q6:		 4672-4677	 :	 4370-4375 	8.20-8.20
V$CDXA_02:		 4689-4695	 :	 4408-4414 	5.74-5.74
V$SRY_01:		 4696-4702	 :	 4436-4442 	6.53-6.12
V$STAT5A_03:		 4704-4711	 :	 4472-4479 	5.23-6.46
V$AP3_Q6:		 4739-4746	 :	 4531-4538 	7.22-7.04
V$FOXO1_01:		 4753-4762	 :	 4709-4718 	8.91-9.46
V$CDXA_02:		 4884-4890	 :	 4888-4894 	5.62-5.62

]]>
</moby:text-formatted>
</moby:Simple>
            
                <moby:Simple><moby:text-formatted namespace='' id=''>
<![CDATA[
# meta_v1.0
# date Tue Oct 18 16:35:30 2005
# MAP1 CG40178 - Length = 537 elems
# MAP2 CG11331 - Length = 160 elems
# ALPHA = 0.50, LAMBDA = 0.10, MU = 0.10
# Maximum similarity: -13.79
# SimMatrix: 1965 matches / 85920 positions (2.29 %)
### Best meta-alignment contains 14 elements
V$CEBP_01:		 121-133	 :	 44-56 	7.36-7.31
V$STAT5A_04:		 270-277	 :	 166-173 	5.38-5.30
V$AP2REP_01:		 433-439	 :	 336-342 	5.77-5.77
V$IRF1_Q6:		 549-555	 :	 425-431 	7.65-7.93
V$AREB6_04:		 577-585	 :	 439-447 	6.79-6.56
V$STAT5A_04:		 592-599	 :	 453-460 	5.62-5.93
V$CDXA_02:		 748-754	 :	 600-606 	5.11-5.74
V$STAT5A_04:		 865-872	 :	 718-725 	4.92-5.43
V$STAT5A_04:		 931-938	 :	 785-792 	5.46-5.70
V$LBP1_Q6:		 970-976	 :	 826-832 	7.36-7.36
V$STAT6_02:		 1034-1041	 :	 926-933 	5.82-6.56
V$STAT6_02:		 1068-1075	 :	 1105-1112 	5.71-6.19
V$AML_Q6:		 1093-1101	 :	 1121-1129 	8.23-7.98
V$FOXO1_01:		 1151-1160	 :	 1178-1187 	7.70-7.99

]]>
</moby:text-formatted>
</moby:Simple>
            
                <moby:Simple><moby:text-formatted namespace='' id=''>
<![CDATA[
# meta_v1.0
# date Tue Oct 18 16:35:30 2005
# MAP1 CG40178 - Length = 537 elems
# MAP2 CG5731 - Length = 17 elems
# ALPHA = 0.50, LAMBDA = 0.10, MU = 0.10
# Maximum similarity: -54.20
# SimMatrix: 688 matches / 9129 positions (7.54 %)
### Best meta-alignment contains 0 elements

]]>
</moby:text-formatted>
</moby:Simple>
            
                <moby:Simple><moby:text-formatted namespace='' id=''>
<![CDATA[
# meta_v1.0
# date Tue Oct 18 16:35:30 2005
# MAP1 CG40178 - Length = 537 elems
# MAP2 CG14439 - Length = 377 elems
# ALPHA = 0.50, LAMBDA = 0.10, MU = 0.10
# Maximum similarity: 83.82
# SimMatrix: 5222 matches / 202449 positions (2.58 %)
### Best meta-alignment contains 41 elements
V$CDXA_02:		 239-245	 :	 236-242 	4.64-5.68
V$CDXA_02:		 270-276	 :	 265-271 	5.22-4.98
V$AML1_01:		 315-320	 :	 316-321 	6.54-7.54
V$GEN_INI2_B:		 369-376	 :	 342-349 	5.67-5.96
V$HOXA4_Q2:		 392-399	 :	 412-419 	7.14-7.14
V$STAT5A_04:		 477-484	 :	 498-505 	5.35-5.64
V$AREB6_04:		 577-585	 :	 592-600 	6.79-7.32
V$STAT5A_04:		 673-680	 :	 703-710 	4.96-5.43
V$STAT5A_04:		 865-872	 :	 894-901 	4.92-4.99
V$USF_C:		 913-920	 :	 922-929 	8.30-7.30
V$MYB_Q3:		 933-938	 :	 1006-1011 	5.39-5.86
V$TEF1_Q6:		 957-962	 :	 1039-1044 	7.29-7.29
V$USF2_Q6:		 1009-1014	 :	 1136-1141 	6.53-6.93
V$STAT5A_04:		 1034-1041	 :	 1177-1184 	5.44-5.11
V$GATA6_01:		 1128-1137	 :	 1336-1345 	5.89-5.95
V$SREBP_Q3:		 1147-1154	 :	 1348-1355 	7.97-7.97
V$AREB6_04:		 1215-1223	 :	 1438-1446 	6.68-6.79
V$MYB_Q3:		 1266-1271	 :	 1488-1493 	5.98-5.17
V$OSF2_Q6:		 1303-1310	 :	 1514-1521 	8.31-7.39
V$USF2_Q6:		 1373-1378	 :	 1610-1615 	6.12-5.83
V$CDXA_02:		 1398-1404	 :	 1627-1633 	4.98-5.29
V$CDXA_02:		 1577-1583	 :	 1838-1844 	5.04-5.62
V$HOXA3_01:		 1613-1621	 :	 1874-1882 	4.89-4.96
V$STAT5A_04:		 1776-1783	 :	 2033-2040 	5.49-5.11
V$GATA1_01:		 1787-1796	 :	 2047-2056 	5.94-6.05
V$MYB_Q3:		 1881-1886	 :	 2150-2155 	5.17-5.98
V$SRY_01:		 1946-1952	 :	 2217-2223 	7.09-7.09
V$AREB6_04:		 2072-2080	 :	 2372-2380 	7.55-7.48
V$SRY_01:		 2087-2093	 :	 2406-2412 	6.68-5.70
V$ETS_Q4:		 2156-2161	 :	 2452-2457 	6.13-6.13
V$ETS_Q4:		 2171-2176	 :	 2473-2478 	6.34-6.13
V$USF2_Q6:		 2198-2203	 :	 2516-2521 	5.83-6.53
V$GEN_INI3_B:		 2453-2460	 :	 2732-2739 	5.41-5.53
V$DBP_Q6:		 2478-2484	 :	 2755-2761 	6.34-5.98
V$DBP_Q6:		 2541-2547	 :	 2774-2780 	6.34-6.66
V$DBP_Q6:		 2604-2610	 :	 2817-2823 	6.34-6.66
V$DBP_Q6:		 2667-2673	 :	 2834-2840 	6.34-6.66
V$STAT5A_04:		 2722-2729	 :	 2889-2896 	5.42-5.58
V$HMGIY_Q6:		 2793-2799	 :	 2964-2970 	6.81-6.63
V$MEF2_Q6:		 2810-2819	 :	 2971-2980 	8.03-8.59
V$CAP_01:		 2824-2831	 :	 2987-2994 	4.50-4.43

]]>
</moby:text-formatted>
</moby:Simple>
            
                <moby:Simple><moby:text-formatted namespace='' id=''>
<![CDATA[
# meta_v1.0
# date Tue Oct 18 16:35:32 2005
# MAP1 CG5390 - Length = 50 elems
# MAP2 CG6936 - Length = 646 elems
# ALPHA = 0.50, LAMBDA = 0.10, MU = 0.10
# Maximum similarity: -51.63
# SimMatrix: 835 matches / 32300 positions (2.59 %)
### Best meta-alignment contains 5 elements
V$CDXA_02:		 97-103	 :	 64-70 	4.64-4.64
V$MYB_Q3:		 221-226	 :	 188-193 	5.39-5.35
V$STAT5A_04:		 227-234	 :	 198-205 	5.14-5.74
V$STAT3_02:		 253-260	 :	 267-274 	4.98-5.67
V$STAT5A_04:		 291-298	 :	 288-295 	5.03-4.96

]]>
</moby:text-formatted>
</moby:Simple>
            
                <moby:Simple><moby:text-formatted namespace='' id=''>
<![CDATA[
# meta_v1.0
# date Tue Oct 18 16:35:32 2005
# MAP1 CG5390 - Length = 50 elems
# MAP2 CG5304 - Length = 561 elems
# ALPHA = 0.50, LAMBDA = 0.10, MU = 0.10
# Maximum similarity: -35.47
# SimMatrix: 819 matches / 28050 positions (2.92 %)
### Best meta-alignment contains 6 elements
V$STAT5A_03:		 60-67	 :	 59-66 	6.00-5.51
V$HMGIY_Q6:		 115-121	 :	 113-119 	6.63-6.69
V$CDXA_01:		 192-198	 :	 127-133 	5.88-5.47
V$TCF4_Q5:		 216-223	 :	 152-159 	8.24-7.84
V$STAT3_02:		 253-260	 :	 213-220 	4.98-5.07
V$STAT5A_04:		 291-298	 :	 288-295 	5.03-5.11

]]>
</moby:text-formatted>
</moby:Simple>
            
                <moby:Simple><moby:text-formatted namespace='' id=''>
<![CDATA[
# meta_v1.0
# date Tue Oct 18 16:35:32 2005
# MAP1 CG5390 - Length = 50 elems
# MAP2 CG11331 - Length = 160 elems
# ALPHA = 0.50, LAMBDA = 0.10, MU = 0.10
# Maximum similarity: -9.08
# SimMatrix: 182 matches / 8000 positions (2.27 %)
### Best meta-alignment contains 2 elements
V$STAT5A_04:		 227-234	 :	 213-220 	5.14-5.03
V$XPF1_Q6:		 290-299	 :	 284-293 	8.04-8.04

]]>
</moby:text-formatted>
</moby:Simple>
            
                <moby:Simple><moby:text-formatted namespace='' id=''>
<![CDATA[
# meta_v1.0
# date Tue Oct 18 16:35:32 2005
# MAP1 CG5390 - Length = 50 elems
# MAP2 CG5731 - Length = 17 elems
# ALPHA = 0.50, LAMBDA = 0.10, MU = 0.10
# Maximum similarity: 5.25
# SimMatrix: 70 matches / 850 positions (8.24 %)
### Best meta-alignment contains 4 elements
V$MYB_Q3:		 66-71	 :	 54-59 	5.98-5.17
V$CDXA_02:		 93-99	 :	 62-68 	4.64-4.98
V$CDXA_02:		 135-141	 :	 82-88 	4.98-4.64
V$CDXA_02:		 148-154	 :	 102-108 	5.04-5.68

]]>
</moby:text-formatted>
</moby:Simple>
            
                <moby:Simple><moby:text-formatted namespace='' id=''>
<![CDATA[
# meta_v1.0
# date Tue Oct 18 16:35:32 2005
# MAP1 CG5390 - Length = 50 elems
# MAP2 CG14439 - Length = 377 elems
# ALPHA = 0.50, LAMBDA = 0.10, MU = 0.10
# Maximum similarity: -10.93
# SimMatrix: 452 matches / 18850 positions (2.40 %)
### Best meta-alignment contains 9 elements
V$MYB_Q3:		 66-71	 :	 86-91 	5.98-5.17
V$CDXA_02:		 97-103	 :	 145-151 	4.64-5.68
V$CDXA_02:		 135-141	 :	 162-168 	4.98-5.68
V$MEF2_Q6:		 146-155	 :	 206-215 	7.75-9.29
V$CDXA_01:		 172-178	 :	 236-242 	5.27-6.28
V$CDXA_01:		 192-198	 :	 243-249 	5.88-5.27
V$CDXA_02:		 200-206	 :	 265-271 	5.04-4.98
V$MYB_Q3:		 221-226	 :	 282-287 	5.39-5.39
V$STAT5A_04:		 291-298	 :	 366-373 	5.03-5.05

]]>
</moby:text-formatted>
</moby:Simple>
            
                <moby:Simple><moby:text-formatted namespace='' id=''>
<![CDATA[
# meta_v1.0
# date Tue Oct 18 16:35:32 2005
# MAP1 CG6936 - Length = 646 elems
# MAP2 CG5304 - Length = 561 elems
# ALPHA = 0.50, LAMBDA = 0.10, MU = 0.10
# Maximum similarity: 194.75
# SimMatrix: 8042 matches / 362406 positions (2.22 %)
### Best meta-alignment contains 76 elements
V$CDXA_01:		 45-51	 :	 39-45 	5.03-5.47
V$USF2_Q6:		 236-241	 :	 240-245 	6.12-5.83
V$STAT3_02:		 267-274	 :	 269-276 	5.67-5.87
V$STAT5A_04:		 288-295	 :	 288-295 	4.96-5.11
V$STAT1_03:		 366-373	 :	 420-427 	5.93-5.44
V$PAX2_02:		 416-424	 :	 453-461 	5.39-5.34
V$TBP_01:		 426-433	 :	 471-478 	7.70-7.33
V$MYB_Q3:		 487-492	 :	 541-546 	5.86-5.17
V$STAT5A_04:		 628-635	 :	 581-588 	4.98-4.94
V$SRY_01:		 641-647	 :	 591-597 	6.68-6.53
V$STAT5A_04:		 648-655	 :	 599-606 	5.54-5.11
V$MYB_Q3:		 713-718	 :	 671-676 	5.86-5.98
V$EN1_01:		 743-749	 :	 723-729 	5.00-5.07
V$CEBP_Q3:		 853-862	 :	 842-851 	7.26-6.60
V$CDXA_02:		 950-956	 :	 928-934 	4.86-5.68
V$CDXA_02:		 1031-1037	 :	 1009-1015 	5.04-4.64
V$STAT5A_04:		 1061-1068	 :	 1067-1074 	5.11-5.77
V$CDXA_02:		 1084-1090	 :	 1087-1093 	5.04-5.17
V$CDXA_02:		 1114-1120	 :	 1141-1147 	4.93-5.62
V$CDXA_02:		 1236-1242	 :	 1249-1255 	5.62-5.62
V$MYB_Q3:		 1255-1260	 :	 1264-1269 	4.82-5.17
V$PAX2_02:		 1313-1321	 :	 1325-1333 	5.83-5.87
V$STAT5A_04:		 1371-1378	 :	 1367-1374 	5.04-5.04
V$HMGIY_Q6:		 1444-1450	 :	 1439-1445 	6.41-6.81
V$CAP_01:		 1497-1504	 :	 1461-1468 	4.44-5.25
V$ETS_Q4:		 1517-1522	 :	 1474-1479 	6.13-7.23
V$STAT5A_04:		 1533-1540	 :	 1487-1494 	5.27-5.23
V$STAT5A_04:		 1684-1691	 :	 1496-1503 	5.30-6.13
V$CDXA_02:		 1701-1707	 :	 1510-1516 	5.68-5.11
V$GATA6_01:		 1808-1817	 :	 1567-1576 	5.60-6.67
V$DBP_Q6:		 1832-1838	 :	 1607-1613 	6.10-6.79
V$TEF1_Q6:		 1969-1974	 :	 1744-1749 	6.89-7.29
V$IRF1_Q6:		 2034-2040	 :	 1776-1782 	7.62-7.65
V$HNF3ALPHA_Q6:		 2067-2077	 :	 1794-1804 	10.55-8.62
V$E2F1_Q3:		 2155-2162	 :	 1859-1866 	5.92-6.32
V$TEF1_Q6:		 2334-2339	 :	 2032-2037 	6.89-6.89
V$TEF1_Q6:		 2444-2449	 :	 2086-2091 	6.89-6.89
V$STAT6_01:		 2710-2717	 :	 2334-2341 	6.37-6.66
V$STAT5A_04:		 2748-2755	 :	 2366-2373 	5.27-5.11
V$EN1_01:		 2960-2966	 :	 2559-2565 	5.07-4.88
V$MZF1_01:		 3036-3043	 :	 2605-2612 	7.22-7.13
V$HMGIY_Q6:		 3079-3085	 :	 2645-2651 	6.81-6.69
V$AREB6_04:		 3087-3095	 :	 2660-2668 	6.97-7.48
V$TEF1_Q6:		 3118-3123	 :	 2678-2683 	6.89-7.29
V$STAT4_01:		 3158-3165	 :	 2709-2716 	5.52-5.52
V$CDXA_02:		 3227-3233	 :	 2766-2772 	5.68-5.74
V$MYB_Q3:		 3273-3278	 :	 2803-2808 	5.23-5.86
V$SREBP1_Q6:		 3435-3441	 :	 2974-2980 	8.83-7.22
V$MYB_Q3:		 3564-3569	 :	 3067-3072 	5.17-5.86
V$MYB_Q3:		 3618-3623	 :	 3136-3141 	5.17-4.82
V$MYB_Q3:		 3644-3649	 :	 3157-3162 	5.39-4.82
V$STAT5A_03:		 3662-3669	 :	 3166-3173 	5.96-5.22
V$SRY_01:		 3842-3848	 :	 3367-3373 	7.09-6.05
V$TEF1_Q6:		 3897-3902	 :	 3447-3452 	7.29-6.48
V$STAT5A_04:		 3922-3929	 :	 3511-3518 	5.47-5.30
V$CDXA_01:		 3956-3962	 :	 3595-3601 	5.27-5.18
V$CDXA_02:		 4056-4062	 :	 3704-3710 	5.62-4.64
V$STAT5A_04:		 4082-4089	 :	 3747-3754 	5.52-5.04
V$STAT5A_04:		 4120-4127	 :	 3786-3793 	5.77-5.80
V$AREB6_04:		 4197-4205	 :	 3862-3870 	7.19-6.97
V$CDXA_01:		 4272-4278	 :	 3993-3999 	5.47-5.88
V$STAT5A_04:		 4295-4302	 :	 4016-4023 	5.70-5.46
V$STAT3_02:		 4379-4386	 :	 4111-4118 	4.94-5.12
V$PAX2_02:		 4399-4407	 :	 4253-4261 	6.29-5.45
V$CIZ_01:		 4430-4438	 :	 4322-4330 	8.28-7.98
V$GATA6_01:		 4498-4507	 :	 4399-4408 	6.40-6.11
V$EN1_01:		 4508-4514	 :	 4412-4418 	5.29-5.13
V$STAT6_02:		 4551-4558	 :	 4472-4479 	5.63-5.82
V$CDXA_02:		 4578-4584	 :	 4492-4498 	5.62-5.74
V$CAP_01:		 4655-4662	 :	 4568-4575 	4.36-4.49
V$MYB_Q3:		 4690-4695	 :	 4591-4596 	5.17-5.35
V$CEBP_Q3:		 4766-4775	 :	 4701-4710 	6.45-6.30
V$STAT5A_04:		 4799-4806	 :	 4742-4749 	5.27-5.22
V$EN1_01:		 4878-4884	 :	 4854-4860 	5.07-4.88
V$CAP_01:		 4897-4904	 :	 4869-4876 	4.30-4.43
V$PAX2_02:		 4919-4927	 :	 4901-4909 	6.29-5.67

]]>
</moby:text-formatted>
</moby:Simple>
            
                <moby:Simple><moby:text-formatted namespace='' id=''>
<![CDATA[
# meta_v1.0
# date Tue Oct 18 16:35:35 2005
# MAP1 CG6936 - Length = 646 elems
# MAP2 CG11331 - Length = 160 elems
# ALPHA = 0.50, LAMBDA = 0.10, MU = 0.10
# Maximum similarity: -5.38
# SimMatrix: 2027 matches / 103360 positions (1.96 %)
### Best meta-alignment contains 20 elements
V$CEBP_Q3:		 88-97	 :	 44-53 	7.10-6.78
V$STAT5A_04:		 198-205	 :	 166-173 	5.74-5.30
V$STAT5A_04:		 215-222	 :	 213-220 	5.14-5.03
V$STAT3_02:		 267-274	 :	 349-356 	5.67-5.67
V$AREB6_04:		 275-283	 :	 439-447 	7.14-6.56
V$STAT5A_04:		 288-295	 :	 453-460 	4.96-5.93
V$CEBP_Q3:		 327-336	 :	 488-497 	6.22-6.18
V$TBP_01:		 426-433	 :	 599-606 	7.70-9.09
V$STAT5A_03:		 448-455	 :	 609-616 	5.81-5.54
V$SRY_01:		 479-485	 :	 631-637 	7.09-6.05
V$STAT5A_04:		 628-635	 :	 718-725 	4.98-5.43
V$MYB_Q3:		 639-644	 :	 729-734 	5.98-4.82
V$MYB_Q6:		 711-720	 :	 806-815 	6.52-6.86
V$EN1_01:		 743-749	 :	 820-826 	5.00-5.29
V$SRY_01:		 767-773	 :	 838-844 	6.12-6.05
V$TCF11_01:		 814-826	 :	 884-896 	7.30-7.54
V$CEBP_Q3:		 853-862	 :	 922-931 	7.26-6.16
V$CIZ_01:		 910-918	 :	 1023-1031 	7.98-8.64
V$STAT5A_04:		 982-989	 :	 1054-1061 	5.93-5.23
V$STAT5A_04:		 1061-1068	 :	 1105-1112 	5.11-5.15

]]>
</moby:text-formatted>
</moby:Simple>
            
                <moby:Simple><moby:text-formatted namespace='' id=''>
<![CDATA[
# meta_v1.0
# date Tue Oct 18 16:35:35 2005
# MAP1 CG6936 - Length = 646 elems
# MAP2 CG5731 - Length = 17 elems
# ALPHA = 0.50, LAMBDA = 0.10, MU = 0.10
# Maximum similarity: -50.05
# SimMatrix: 482 matches / 10982 positions (4.39 %)
### Best meta-alignment contains 3 elements
V$SRY_01:		 18-24	 :	 50-56 	7.09-6.05
V$CDXA_02:		 45-51	 :	 62-68 	5.56-4.98
V$POU1F1_Q6:		 66-75	 :	 82-91 	9.01-9.01

]]>
</moby:text-formatted>
</moby:Simple>
            
                <moby:Simple><moby:text-formatted namespace='' id=''>
<![CDATA[
# meta_v1.0
# date Tue Oct 18 16:35:35 2005
# MAP1 CG6936 - Length = 646 elems
# MAP2 CG14439 - Length = 377 elems
# ALPHA = 0.50, LAMBDA = 0.10, MU = 0.10
# Maximum similarity: 82.37
# SimMatrix: 5206 matches / 243542 positions (2.14 %)
### Best meta-alignment contains 46 elements
V$CDXA_02:		 48-54	 :	 52-58 	5.56-5.62
V$CDXA_02:		 65-71	 :	 69-75 	4.64-4.98
V$MYB_Q3:		 215-220	 :	 282-287 	5.39-5.39
V$ETF_Q6:		 225-231	 :	 297-303 	7.63-7.85
V$TCF1P_Q6:		 252-259	 :	 341-348 	8.70-8.30
V$STAT5A_04:		 288-295	 :	 406-413 	4.96-5.07
V$TCF1P_Q6:		 313-320	 :	 460-467 	9.11-7.32
V$STAT5A_04:		 366-373	 :	 498-505 	5.17-5.64
V$AREB6_04:		 381-389	 :	 592-600 	7.55-7.32
V$STAT5A_04:		 448-455	 :	 703-710 	5.43-5.43
V$DBP_Q6:		 462-468	 :	 728-734 	6.79-6.66
V$STAT5A_04:		 628-635	 :	 894-901 	4.98-4.99
V$MYB_Q3:		 639-644	 :	 914-919 	5.98-5.98
V$MYB_Q3:		 713-718	 :	 1006-1011 	5.86-5.86
V$TEF1_Q6:		 724-729	 :	 1039-1044 	6.89-7.29
V$SRY_01:		 767-773	 :	 1080-1086 	6.12-6.05
V$GEN_INI3_B:		 856-863	 :	 1152-1159 	6.73-5.39
V$OSF2_Q6:		 895-902	 :	 1166-1173 	7.61-8.08
V$STAT5A_04:		 908-915	 :	 1177-1184 	4.95-5.11
V$GATA6_01:		 930-939	 :	 1202-1211 	6.54-6.28
V$CDXA_02:		 983-989	 :	 1279-1285 	4.59-5.56
V$CDXA_02:		 1097-1103	 :	 1413-1419 	5.74-4.59
V$STAT1_03:		 1278-1285	 :	 1597-1604 	5.57-5.49
V$MYB_Q3:		 1410-1415	 :	 1731-1736 	4.82-5.39
V$CDXA_02:		 1417-1423	 :	 1752-1758 	5.29-4.98
V$CAP_01:		 1497-1504	 :	 1810-1817 	4.44-4.44
V$CDXA_02:		 1533-1539	 :	 1858-1864 	4.59-5.74
V$MYB_Q3:		 1657-1662	 :	 2023-2028 	4.82-5.39
V$STAT5A_04:		 1684-1691	 :	 2033-2040 	5.30-5.11
V$STAT4_01:		 1713-1720	 :	 2075-2082 	5.93-5.77
V$GEN_INI2_B:		 1734-1741	 :	 2086-2093 	5.84-5.63
V$MYB_Q3:		 1793-1798	 :	 2150-2155 	5.98-5.98
V$SRY_01:		 1825-1831	 :	 2185-2191 	5.70-6.68
V$TEF1_Q6:		 1969-1974	 :	 2352-2357 	6.89-6.48
V$IRF1_Q6:		 2034-2040	 :	 2370-2376 	7.62-6.92
V$CDXA_02:		 2060-2066	 :	 2391-2397 	5.62-5.11
V$SRY_01:		 2069-2075	 :	 2406-2412 	7.09-5.70
V$ETS_Q4:		 2150-2155	 :	 2452-2457 	7.23-6.13
V$STAT6_02:		 2192-2199	 :	 2471-2478 	5.60-6.20
V$CAP_01:		 2362-2369	 :	 2604-2611 	4.44-5.13
V$TEF1_Q6:		 2444-2449	 :	 2697-2702 	6.89-6.89
V$DBP_Q6:		 2512-2518	 :	 2755-2761 	7.35-5.98
V$DBP_Q6:		 2601-2607	 :	 2805-2811 	6.54-6.66
V$DBP_Q6:		 2608-2614	 :	 2817-2823 	5.98-6.66
V$STAT6_02:		 2718-2725	 :	 2889-2896 	6.41-5.99
V$ETS_Q4:		 2861-2866	 :	 2966-2971 	6.34-6.13

]]>
</moby:text-formatted>
</moby:Simple>
            
                <moby:Simple><moby:text-formatted namespace='' id=''>
<![CDATA[
# meta_v1.0
# date Tue Oct 18 16:35:37 2005
# MAP1 CG5304 - Length = 561 elems
# MAP2 CG11331 - Length = 160 elems
# ALPHA = 0.50, LAMBDA = 0.10, MU = 0.10
# Maximum similarity: -2.86
# SimMatrix: 1827 matches / 89760 positions (2.04 %)
### Best meta-alignment contains 16 elements
V$STAT3_02:		 213-220	 :	 192-199 	5.07-5.01
V$STAT3_02:		 386-393	 :	 349-356 	5.34-5.67
V$GATA6_01:		 414-423	 :	 379-388 	6.86-5.79
V$PAX2_02:		 453-461	 :	 421-429 	5.34-5.32
V$TBP_01:		 471-478	 :	 496-503 	7.33-7.35
V$HMGIY_Q6:		 533-539	 :	 569-575 	6.69-6.41
V$CDXA_02:		 554-560	 :	 600-606 	4.86-5.74
V$STAT5A_04:		 581-588	 :	 609-616 	4.94-5.11
V$SRY_01:		 591-597	 :	 631-637 	6.53-6.05
V$MYB_Q3:		 671-676	 :	 729-734 	5.98-4.82
V$STAT5A_04:		 760-767	 :	 785-792 	5.22-5.70
V$HMGIY_Q6:		 865-871	 :	 879-885 	6.63-6.69
V$CDXA_01:		 928-934	 :	 909-915 	6.28-5.27
V$FOXD3_01:		 1007-1018	 :	 979-990 	9.52-9.61
V$STAT5A_03:		 1075-1082	 :	 1054-1061 	5.88-6.09
V$STAT5A_04:		 1087-1094	 :	 1105-1112 	5.04-5.15

]]>
</moby:text-formatted>
</moby:Simple>
            
                <moby:Simple><moby:text-formatted namespace='' id=''>
<![CDATA[
# meta_v1.0
# date Tue Oct 18 16:35:37 2005
# MAP1 CG5304 - Length = 561 elems
# MAP2 CG5731 - Length = 17 elems
# ALPHA = 0.50, LAMBDA = 0.10, MU = 0.10
# Maximum similarity: -52.33
# SimMatrix: 519 matches / 9537 positions (5.44 %)
### Best meta-alignment contains 2 elements
V$PAX2_02:		 39-47	 :	 51-59 	5.42-5.37
V$CDXA_01:		 127-133	 :	 102-108 	5.47-6.28

]]>
</moby:text-formatted>
</moby:Simple>
            
                <moby:Simple><moby:text-formatted namespace='' id=''>
<![CDATA[
# meta_v1.0
# date Tue Oct 18 16:35:37 2005
# MAP1 CG5304 - Length = 561 elems
# MAP2 CG14439 - Length = 377 elems
# ALPHA = 0.50, LAMBDA = 0.10, MU = 0.10
# Maximum similarity: 113.59
# SimMatrix: 4565 matches / 211497 positions (2.16 %)
### Best meta-alignment contains 48 elements
V$ETS_Q4:		 4-9	 :	 9-14 	7.23-6.13
V$IRF1_Q6:		 32-38	 :	 35-41 	7.93-7.65
V$STAT3_02:		 59-66	 :	 74-81 	5.07-4.94
V$STAT6_02:		 113-120	 :	 128-135 	5.98-6.19
V$CDXA_01:		 127-133	 :	 145-151 	5.47-6.28
V$STAT3_02:		 213-220	 :	 276-283 	5.07-4.92
V$MYB_Q3:		 278-283	 :	 341-346 	4.82-5.17
V$STAT5A_04:		 288-295	 :	 366-373 	5.11-5.05
V$USF2_Q6:		 393-398	 :	 420-425 	6.12-6.53
V$GATA6_01:		 414-423	 :	 453-462 	6.86-5.93
V$PAX2_02:		 453-461	 :	 476-484 	5.34-6.55
V$MYB_Q3:		 541-546	 :	 553-558 	5.17-5.35
V$STAT5A_04:		 599-606	 :	 703-710 	5.11-5.43
V$USF2_Q6:		 641-646	 :	 842-847 	5.83-6.53
V$NKX25_01:		 692-698	 :	 884-890 	8.37-8.65
V$FOXM1_01:		 707-715	 :	 897-905 	7.45-7.45
V$NKX25_01:		 846-852	 :	 1002-1008 	8.37-8.37
V$USF_C:		 956-963	 :	 1135-1142 	7.32-8.29
V$GEN_INI3_B:		 993-1000	 :	 1152-1159 	5.39-5.39
V$CDXA_02:		 1005-1011	 :	 1163-1169 	4.64-4.98
V$STAT6_01:		 1075-1082	 :	 1222-1229 	5.77-5.58
V$CDXA_02:		 1141-1147	 :	 1279-1285 	5.62-5.56
V$CDXA_02:		 1249-1255	 :	 1413-1419 	5.62-4.59
V$PAX2_02:		 1277-1285	 :	 1438-1446 	6.08-5.78
V$SRY_01:		 1324-1330	 :	 1468-1474 	6.53-6.68
V$STAT3_02:		 1412-1419	 :	 1502-1509 	5.88-5.34
V$GATA2_01:		 1477-1486	 :	 1571-1580 	5.62-6.33
V$STAT1_03:		 1487-1494	 :	 1597-1604 	5.42-5.49
V$STAT5A_03:		 1496-1503	 :	 1616-1623 	5.57-5.30
V$CDXA_02:		 1510-1516	 :	 1627-1633 	5.11-5.29
V$CDXA_02:		 1644-1650	 :	 1752-1758 	4.98-4.98
V$PAX2_02:		 1757-1765	 :	 1862-1870 	5.46-6.14
V$CDXA_02:		 1789-1795	 :	 1874-1880 	5.17-4.86
V$SOX5_01:		 1845-1854	 :	 1883-1892 	7.99-8.32
V$MYB_Q3:		 1979-1984	 :	 2023-2028 	5.17-5.39
V$STAT5A_03:		 2032-2039	 :	 2075-2082 	6.22-6.00
V$CDXA_02:		 2071-2077	 :	 2123-2129 	5.68-4.86
V$STAT5A_04:		 2103-2110	 :	 2156-2163 	4.98-5.61
V$IRF1_Q6:		 2310-2316	 :	 2370-2376 	7.65-6.92
V$STAT4_01:		 2364-2371	 :	 2450-2457 	6.18-6.60
V$USF2_Q6:		 2404-2409	 :	 2516-2521 	6.53-6.53
V$MYB_Q3:		 2465-2470	 :	 2526-2531 	5.86-5.39
V$CAP_01:		 2555-2562	 :	 2604-2611 	4.32-5.13
V$USF2_Q6:		 2574-2579	 :	 2618-2623 	5.83-6.53
V$TEF1_Q6:		 2678-2683	 :	 2697-2702 	7.29-6.89
V$TEF1_Q6:		 2711-2716	 :	 2739-2744 	6.89-6.48
V$STAT5A_04:		 2944-2951	 :	 2964-2971 	5.94-5.46
V$GEN_INI3_B:		 3005-3012	 :	 2989-2996 	5.82-5.53

]]>
</moby:text-formatted>
</moby:Simple>
            
                <moby:Simple><moby:text-formatted namespace='' id=''>
<![CDATA[
# meta_v1.0
# date Tue Oct 18 16:35:38 2005
# MAP1 CG11331 - Length = 160 elems
# MAP2 CG5731 - Length = 17 elems
# ALPHA = 0.50, LAMBDA = 0.10, MU = 0.10
# Maximum similarity: -16.50
# SimMatrix: 115 matches / 2720 positions (4.23 %)
### Best meta-alignment contains 0 elements

]]>
</moby:text-formatted>
</moby:Simple>
            
                <moby:Simple><moby:text-formatted namespace='' id=''>
<![CDATA[
# meta_v1.0
# date Tue Oct 18 16:35:38 2005
# MAP1 CG11331 - Length = 160 elems
# MAP2 CG14439 - Length = 377 elems
# ALPHA = 0.50, LAMBDA = 0.10, MU = 0.10
# Maximum similarity: 3.73
# SimMatrix: 1134 matches / 60320 positions (1.88 %)
### Best meta-alignment contains 12 elements
V$STAT3_02:		 192-199	 :	 195-202 	5.01-5.28
V$OSF2_Q6:		 298-305	 :	 314-321 	7.32-9.00
V$MYB_Q3:		 319-324	 :	 341-346 	5.23-5.17
V$CDXA_02:		 358-364	 :	 372-378 	5.74-5.11
V$GATA6_01:		 379-388	 :	 453-462 	5.79-5.93
V$PAX2_02:		 421-429	 :	 476-484 	5.32-6.55
V$STAT5A_04:		 453-460	 :	 498-505 	5.93-5.64
V$SRY_02:		 688-699	 :	 739-750 	8.74-8.49
V$MYB_Q3:		 842-847	 :	 896-901 	5.17-5.39
V$MYB_Q3:		 957-962	 :	 1006-1011 	4.82-5.86
V$STAT5A_04:		 1054-1061	 :	 1087-1094 	5.23-4.94
V$COREBINDINGFACTOR_Q6:		 1121-1128	 :	 1168-1175 	9.34-8.65

]]>
</moby:text-formatted>
</moby:Simple>
            
                <moby:Simple><moby:text-formatted namespace='' id=''>
<![CDATA[
# meta_v1.0
# date Tue Oct 18 16:35:38 2005
# MAP1 CG5731 - Length = 17 elems
# MAP2 CG14439 - Length = 377 elems
# ALPHA = 0.50, LAMBDA = 0.10, MU = 0.10
# Maximum similarity: -28.09
# SimMatrix: 313 matches / 6409 positions (4.88 %)
### Best meta-alignment contains 4 elements
V$CDXA_02:		 45-51	 :	 52-58 	4.98-5.62
V$MYB_Q3:		 54-59	 :	 86-91 	5.17-5.17
V$CDXA_02:		 82-88	 :	 145-151 	4.64-5.68
V$CDXA_01:		 102-108	 :	 162-168 	6.28-6.28

]]>
</moby:text-formatted>
</moby:Simple>
            
            </moby:Collection>
        </moby:mobyData>
        </moby:mobyContent></moby:MOBY>