log-odds matrix: alength= 20 w= 50 n= 3803 bayes= 10.0436 E= 7.1e+002 
  -286   -526    547    564    483   -442    455    623    601    610    520    638    513    559    569    867    153    675    304    443 
  -330   -671    549    507    341    171    382    387    512    419    327    561    420    423    497    608   -498    457    247    353 
  -330   -671    549    507    341    171    382    387    512    419    327    561    420    423    497    608   -498    457    247    353 
   158   -435    516    577    494   -309    417    588    558    629    503    525    510    515    535    780   -322    725    308    437 
  -330   -671    549    507    341    171    382    387    512    419    327    561    420    423    497    608   -498    457    247    353 
  -286   -526    547    564    483   -442    455    623    601    610    520    638    513    559    569    867    153    675    304    443 
  -330   -671    549    507    341    171    382    387    512    419    327    561    420    423    497    608   -498    457    247    353 
  -524    185    261    314    278   -709    207    382    269    391    283    277    242    247    305    374   -576    363     53    194 
   158   -435    516    577    494   -309    417    588    558    629    503    525    510    515    535    780   -322    725    308    437 
  -330   -671    549    507    341    171    382    387    512    419    327    561    420    423    497    608   -498    457    247    353 
  -286   -526    547    564    483   -442    455    623    601    610    520    638    513    559    569    867    153    675    304    443 
    27   -504    573    579    447     91    434    520    573    560    447    583    521    519    548    735   -357    643    301    425 
  -330   -671    549    507    341    171    382    387    512    419    327    561    420    423    497    608   -498    457    247    353 
  -199   -524    638    638    480     80    505    576    645    600    484    669    561    590    607    807    -28    650    340    475 
  -330   -671    549    507    341    171    382    387    512    419    327    561    420    423    497    608   -498    457    247    353 
  -286   -526    547    564    483   -442    455    623    601    610    520    638    513    559    569    867    153    675    304    443 
  -330   -671    549    507    341    171    382    387    512    419    327    561    420    423    497    608   -498    457    247    353 
   158   -435    516    577    494   -309    417    588    558    629    503    525    510    515    535    780   -322    725    308    437 
  -286   -526    547    564    483   -442    455    623    601    610    520    638    513    559    569    867    153    675    304    443 
  -223     83    518    498    441     31    396    507    511    533    412    538    462    458    513    659   -401    582    291    404 
  -286   -526    547    564    483   -442    455    623    601    610    520    638    513    559    569    867    153    675    304    443 
  -291    130    449    471    460   -487    389    581    503    582    458    519    446    468    495    756    -75    646    268    407 
  -330   -671    549    507    341    171    382    387    512    419    327    561    420    423    497    608   -498    457    247    353 
    27   -504    573    579    447     91    434    520    573    560    447    583    521    519    548    735   -357    643    301    425 
  -524    185    261    314    278   -709    207    382    269    391    283    277    242    247    305    374   -576    363     53    194 
  -286   -526    547    564    483   -442    455    623    601    610    520    638    513    559    569    867    153    675    304    443 
  -524    185    261    314    278   -709    207    382    269    391    283    277    242    247    305    374   -576    363     53    194 
   158   -435    516    577    494   -309    417    588    558    629    503    525    510    515    535    780   -322    725    308    437 
    17    104    443    480    468   -388    369    560    488    583    456    465    460    457    486    702   -369    677    268    408 
  -286   -526    547    564    483   -442    455    623    601    610    520    638    513    559    569    867    153    675    304    443 
  -330   -671    549    507    341    171    382    387    512    419    327    561    420    423    497    608   -498    457    247    353 
  -524    185    261    314    278   -709    207    382    269    391    283    277    242    247    305    374   -576    363     53    194 
   158   -435    516    577    494   -309    417    588    558    629    503    525    510    515    535    780   -322    725    308    437 
   158   -435    516    577    494   -309    417    588    558    629    503    525    510    515    535    780   -322    725    308    437 
  -524    185    261    314    278   -709    207    382    269    391    283    277    242    247    305    374   -576    363     53    194 
  -524    185    261    314    278   -709    207    382    269    391    283    277    242    247    305    374   -576    363     53    194 
  -286   -526    547    564    483   -442    455    623    601    610    520    638    513    559    569    867    153    675    304    443 
  -524    185    261    314    278   -709    207    382    269    391    283    277    242    247    305    374   -576    363     53    194 
  -291    130    449    471    460   -487    389    581    503    582    458    519    446    468    495    756    -75    646    268    407 
  -330   -671    549    507    341    171    382    387    512    419    327    561    420    423    497    608   -498    457    247    353 
  -524    185    261    314    278   -709    207    382    269    391    283    277    242    247    305    374   -576    363     53    194 
  -291    130    449    471    460   -487    389    581    503    582    458    519    446    468    495    756    -75    646    268    407 
  -286   -526    547    564    483   -442    455    623    601    610    520    638    513    559    569    867    153    675    304    443 
  -524    185    261    314    278   -709    207    382    269    391    283    277    242    247    305    374   -576    363     53    194 
  -524    185    261    314    278   -709    207    382    269    391    283    277    242    247    305    374   -576    363     53    194 
  -524    185    261    314    278   -709    207    382    269    391    283    277    242    247    305    374   -576    363     53    194 
   158   -435    516    577    494   -309    417    588    558    629    503    525    510    515    535    780   -322    725    308    437 
  -330   -671    549    507    341    171    382    387    512    419    327    561    420    423    497    608   -498    457    247    353 
  -330   -671    549    507    341    171    382    387    512    419    327    561    420    423    497    608   -498    457    247    353 
  -286   -526    547    564    483   -442    455    623    601    610    520    638    513    559    569    867    153    675    304    443 

log-odds matrix: alength= 20 w= 38 n= 3851 bayes= 10.9103 E= 9.7e+002 
   158   -435    516    577    494   -309    417    588    558    629    503    525    510    515    535    780   -322    725    308    437 
   158   -435    516    577    494   -309    417    588    558    629    503    525    510    515    535    780   -322    725    308    437 
  -286   -526    547    564    483   -442    455    623    601    610    520    638    513    559    569    867    153    675    304    443 
  -286   -526    547    564    483   -442    455    623    601    610    520    638    513    559    569    867    153    675    304    443 
  -286   -526    547    564    483   -442    455    623    601    610    520    638    513    559    569    867    153    675    304    443 
    17    104    443    480    468   -388    369    560    488    583    456    465    460    457    486    702   -369    677    268    408 
    55   -444    593    643    533   -315    499    651    649    668    545    628    599    610    611    861     12    762    349    503 
  -286   -526    547    564    483   -442    455    623    601    610    520    638    513    559    569    867    153    675    304    443 
    55   -444    593    643    533   -315    499    651    649    668    545    628    599    610    611    861     12    762    349    503 
    55   -444    593    643    533   -315    499    651    649    668    545    628    599    610    611    861     12    762    349    503 
  -286   -526    547    564    483   -442    455    623    601    610    520    638    513    559    569    867    153    675    304    443 
    55   -444    593    643    533   -315    499    651    649    668    545    628    599    610    611    861     12    762    349    503 
   158   -435    516    577    494   -309    417    588    558    629    503    525    510    515    535    780   -322    725    308    437 
   158   -435    516    577    494   -309    417    588    558    629    503    525    510    515    535    780   -322    725    308    437 
    27   -504    573    579    447     91    434    520    573    560    447    583    521    519    548    735   -357    643    301    425 
    55   -444    593    643    533   -315    499    651    649    668    545    628    599    610    611    861     12    762    349    503 
  -291    130    449    471    460   -487    389    581    503    582    458    519    446    468    495    756    -75    646    268    407 
   158   -435    516    577    494   -309    417    588    558    629    503    525    510    515    535    780   -322    725    308    437 
   158   -435    516    577    494   -309    417    588    558    629    503    525    510    515    535    780   -322    725    308    437 
  -286   -526    547    564    483   -442    455    623    601    610    520    638    513    559    569    867    153    675    304    443 
  -286   -526    547    564    483   -442    455    623    601    610    520    638    513    559    569    867    153    675    304    443 
  -291    130    449    471    460   -487    389    581    503    582    458    519    446    468    495    756    -75    646    268    407 
  -524    185    261    314    278   -709    207    382    269    391    283    277    242    247    305    374   -576    363     53    194 
   158   -435    516    577    494   -309    417    588    558    629    503    525    510    515    535    780   -322    725    308    437 
  -524    185    261    314    278   -709    207    382    269    391    283    277    242    247    305    374   -576    363     53    194 
  -286   -526    547    564    483   -442    455    623    601    610    520    638    513    559    569    867    153    675    304    443 
  -199   -524    638    638    480     80    505    576    645    600    484    669    561    590    607    807    -28    650    340    475 
    55   -444    593    643    533   -315    499    651    649    668    545    628    599    610    611    861     12    762    349    503 
   158   -435    516    577    494   -309    417    588    558    629    503    525    510    515    535    780   -322    725    308    437 
   158   -435    516    577    494   -309    417    588    558    629    503    525    510    515    535    780   -322    725    308    437 
   158   -435    516    577    494   -309    417    588    558    629    503    525    510    515    535    780   -322    725    308    437 
   158   -435    516    577    494   -309    417    588    558    629    503    525    510    515    535    780   -322    725    308    437 
  -199   -524    638    638    480     80    505    576    645    600    484    669    561    590    607    807    -28    650    340    475 
    27   -504    573    579    447     91    434    520    573    560    447    583    521    519    548    735   -357    643    301    425 
    55   -444    593    643    533   -315    499    651    649    668    545    628    599    610    611    861     12    762    349    503 
  -286   -526    547    564    483   -442    455    623    601    610    520    638    513    559    569    867    153    675    304    443 
  -286   -526    547    564    483   -442    455    623    601    610    520    638    513    559    569    867    153    675    304    443 
   158   -435    516    577    494   -309    417    588    558    629    503    525    510    515    535    780   -322    725    308    437 

log-odds matrix: alength= 20 w= 36 n= 3859 bayes= 10.9133 E= 5.7e+002 
  -286   -526    547    564    483   -442    455    623    601    610    520    638    513    559    569    867    153    675    304    443 
  -286   -526    547    564    483   -442    455    623    601    610    520    638    513    559    569    867    153    675    304    443 
  -223     83    518    498    441     31    396    507    511    533    412    538    462    458    513    659   -401    582    291    404 
    55   -444    593    643    533   -315    499    651    649    668    545    628    599    610    611    861     12    762    349    503 
  -286   -526    547    564    483   -442    455    623    601    610    520    638    513    559    569    867    153    675    304    443 
  -286   -526    547    564    483   -442    455    623    601    610    520    638    513    559    569    867    153    675    304    443 
  -524    185    261    314    278   -709    207    382    269    391    283    277    242    247    305    374   -576    363     53    194 
  -286   -526    547    564    483   -442    455    623    601    610    520    638    513    559    569    867    153    675    304    443 
  -199   -524    638    638    480     80    505    576    645    600    484    669    561    590    607    807    -28    650    340    475 
  -286   -526    547    564    483   -442    455    623    601    610    520    638    513    559    569    867    153    675    304    443 
  -223     83    518    498    441     31    396    507    511    533    412    538    462    458    513    659   -401    582    291    404 
  -199   -524    638    638    480     80    505    576    645    600    484    669    561    590    607    807    -28    650    340    475 
  -286   -526    547    564    483   -442    455    623    601    610    520    638    513    559    569    867    153    675    304    443 
   158   -435    516    577    494   -309    417    588    558    629    503    525    510    515    535    780   -322    725    308    437 
  -286   -526    547    564    483   -442    455    623    601    610    520    638    513    559    569    867    153    675    304    443 
  -330   -671    549    507    341    171    382    387    512    419    327    561    420    423    497    608   -498    457    247    353 
  -286   -526    547    564    483   -442    455    623    601    610    520    638    513    559    569    867    153    675    304    443 
    55   -444    593    643    533   -315    499    651    649    668    545    628    599    610    611    861     12    762    349    503 
    55   -444    593    643    533   -315    499    651    649    668    545    628    599    610    611    861     12    762    349    503 
    55   -444    593    643    533   -315    499    651    649    668    545    628    599    610    611    861     12    762    349    503 
  -286   -526    547    564    483   -442    455    623    601    610    520    638    513    559    569    867    153    675    304    443 
    27   -504    573    579    447     91    434    520    573    560    447    583    521    519    548    735   -357    643    301    425 
  -286   -526    547    564    483   -442    455    623    601    610    520    638    513    559    569    867    153    675    304    443 
  -286   -526    547    564    483   -442    455    623    601    610    520    638    513    559    569    867    153    675    304    443 
  -286   -526    547    564    483   -442    455    623    601    610    520    638    513    559    569    867    153    675    304    443 
   158   -435    516    577    494   -309    417    588    558    629    503    525    510    515    535    780   -322    725    308    437 
  -286   -526    547    564    483   -442    455    623    601    610    520    638    513    559    569    867    153    675    304    443 
  -223     83    518    498    441     31    396    507    511    533    412    538    462    458    513    659   -401    582    291    404 
  -291    130    449    471    460   -487    389    581    503    582    458    519    446    468    495    756    -75    646    268    407 
   158   -435    516    577    494   -309    417    588    558    629    503    525    510    515    535    780   -322    725    308    437 
  -286   -526    547    564    483   -442    455    623    601    610    520    638    513    559    569    867    153    675    304    443 
    55   -444    593    643    533   -315    499    651    649    668    545    628    599    610    611    861     12    762    349    503 
  -199   -524    638    638    480     80    505    576    645    600    484    669    561    590    607    807    -28    650    340    475 
   158   -435    516    577    494   -309    417    588    558    629    503    525    510    515    535    780   -322    725    308    437 
  -286   -526    547    564    483   -442    455    623    601    610    520    638    513    559    569    867    153    675    304    443 
  -286   -526    547    564    483   -442    455    623    601    610    520    638    513    559    569    867    153    675    304    443 
