################################################################################
###                                                                          ###
###                            RUNNING gff2aplot                             ###
###                                                                          ###
###                               User: lopep                                ###
###                      Date: Tue Jun  3 16:41:47 2003                      ###
###                               Perl: v5.8.0                               ###
################################################################################
################################################################################
###                             SETTING DEFAULTS                             ###
################################################################################
################################################################################
###                      CHECKING COMMAND-LINE OPTIONS                       ###
################################################################################
###
### Validating INPUT FILENAMES
###
###---> "hs.gff" exists, including as Input File.
###---> "mm.gff" exists, including as Input File.
###---> "hs-mm.sgp1.gff" exists, including as Input File.
###---> "hs-mm.sim.gff" exists, including as Input File.
###
### Validating CUSTOM FILENAMES
###
###---> ".gff2aplotrc" NOT FOUND, skipping!!!
###---> "mhc2.rc" exists, including as Custom File.
###---> "mhc2labels.rc" exists, including as Custom File.
###---> "mhc2+sgp1.rc" exists, including as Custom File.
###
### Checking COMMAND-LINE Options
###
......... [000009]
###
### Checking Custom Variables SET by COMMAND-LINE
###
################################################################################
###                       COMMAND-LINE OPTIONS CHECKED                       ###
###           0 wallclock secs ( 0.05 usr +  0.00 sys =  0.05 CPU)           ###
################################################################################
###
################################################################################
###                           COMMAND-LINE CHECKED                           ###
###           0 wallclock secs ( 0.00 usr +  0.00 sys =  0.00 CPU)           ###
################################################################################
###
################################################################################
###                           READING CUSTOM FILES                           ###
################################################################################
###
### Reading Customization Parameters from "mhc2.rc"
###
.*LL.LLLL.*GGG.*FFFFFFFFFFFFFFFFFF [000034]
###
### Reading Customization Parameters from "mhc2labels.rc"
###
.*LL [000004]
###
### Reading Customization Parameters from "mhc2+sgp1.rc"
###
.*LLLLLL.*SS.*GGGGG.*FFFFFFFFFFF [000032]
################################################################################
###                           CUSTOM FILES LOADED                            ###
###           0 wallclock secs ( 0.03 usr +  0.01 sys =  0.04 CPU)           ###
################################################################################
###
################################################################################
###                MAPPING CUSTOMIZATION INPUTS TO MAIN VARS                 ###
################################################################################
################################################################################
###                         VALUES SET for MAIN VARS                         ###
###           0 wallclock secs ( 0.00 usr +  0.00 sys =  0.00 CPU)           ###
################################################################################
###
################################################################################
###                        PARSING INPUT GFF RECORDS                         ###
################################################################################
###
### Reading GFF records from "hs.gff"
###
.X.XXXXXXXXXXXXXXXXXXXXXXXXXXXXXXXXXXX [000038]
###
### Reading GFF records from "mm.gff"
###
.XXXXXXXXXXXXXXXXXXXXXXXXXXXXXXXXXX [000035]
###
### Reading GFF records from "hs-mm.sgp1.gff"
###
.XXXXXXXXXXXXXXXXXXXXXXXXXXXXXXXX.XXXXXXXXXXXXXXXX [000050]
XXXXXXXXXXXXXXXX [000066]
###
### Reading GFF records from "hs-mm.sim.gff"
###
......oooooooooooooooooooooooooooooooooooooooooooo [000050]
oooooooooooooooooooooooooooooooooooooooooooooooooo [000100]
oooooooooooooooooooooooooooooooooooooooooooooooooo [000150]
oooooooooooooooooooooooooooooooooooooooooooooooooo [000200]
oooooooooooooooooooooooooooooooooooooooooooooooooo [000250]
oooooooooooooooooooooooooooooooooooooooooooooooooo [000300]
oooooooooooooooooooooooooooooooooooooooooooooooooo [000350]
oooooooooooooooooooooooooooooooooooooooooooooooooo [000400]
oooooooooooooooooooooooooooooooooooooooooooooooooo [000450]
oooooooooooooooooooooooooooooooooooooooooooooooooo [000500]
oooooooooooooooooooooooooooooooooooooooooooooooooo [000550]
oooooooooooooooooooooooooooooooooooooooooooooooooo [000600]
oooooooooooooooooooooooooooooooooooooooooooooooooo [000650]
oooooooooooooooooooooooooooooooooooooooooooooooooo [000700]
oooooooooooooooooooooooooooooooooooooooooooooooooo [000750]
oooooooooooooooooooooooooooooooooooooooooooooooooo [000800]
oooooooooooooooo [000816]
################################################################################
###                               DATA LOADED                                ###
###           2 wallclock secs ( 0.77 usr +  0.29 sys =  1.06 CPU)           ###
################################################################################
###
################################################################################
###                  SETTING CUSTOM VALUES TO GFF ELEMENTS                   ###
################################################################################
################################################################################
###                       VALUES SET for GFF ELEMENTS                        ###
###           2 wallclock secs ( 2.19 usr +  0.13 sys =  2.32 CPU)           ###
################################################################################
###
################################################################################
###                   SORTING ELEMENTS BY ACCEPTOR (START)                   ###
################################################################################
*- Sorting ANNOTATION DATA
|  *- Sequence: AF100956+AF027865
|  |  *- Source: genbank
|  |  |  *- Strand: -
|  |  |  |  *- Group: H2lmp2
|  |  |  |  |         Sorted 6 elements.
|  |  |  |  `Sorted 1 groups.
|  |  |  *- Strand: +
|  |  |  |  *- Group: H2tap1
|  |  |  |  |         Sorted 11 elements.
|  |  |  |  *- Group: H2-lmp7
|  |  |  |  |         Sorted 6 elements.
|  |  |  |  *- Group: H2tap2
|  |  |  |  |         Sorted 11 elements.
|  |  |  |  `Sorted 3 groups.
|  |  *- Source: sgp
|  |  |  *- Strand: -
|  |  |  |  *- Group: Gene1
|  |  |  |  |         Sorted 6 elements.
|  |  |  |  `Sorted 1 groups.
|  |  |  *- Strand: +
|  |  |  |  *- Group: Gene2
|  |  |  |  |         Sorted 26 elements.
|  |  |  |  `Sorted 1 groups.
|  *- Sequence: X87344
|  |  *- Source: genbank
|  |  |  *- Strand: -
|  |  |  |  *- Group: LMP2
|  |  |  |  |         Sorted 7 elements.
|  |  |  |  *- Group: polyA site
|  |  |  |  |         Sorted 1 elements.
|  |  |  |  `Sorted 2 groups.
|  |  |  *- Strand: +
|  |  |  |  *- Group: TAP2
|  |  |  |  |         Sorted 11 elements.
|  |  |  |  *- Group: LMP7
|  |  |  |  |         Sorted 6 elements.
|  |  |  |  *- Group: TAP1
|  |  |  |  |         Sorted 11 elements.
|  |  |  |  `Sorted 3 groups.
|  |  *- Source: sgp
|  |  |  *- Strand: -
|  |  |  |  *- Group: Gene1
|  |  |  |  |         Sorted 6 elements.
|  |  |  |  `Sorted 1 groups.
|  |  |  *- Strand: +
|  |  |  |  *- Group: Gene2
|  |  |  |  |         Sorted 26 elements.
|  |  |  |  `Sorted 1 groups.
*- Sorting ALIGNMENT DATA
|  *- Sequence: X87344:AF100956+AF027865
|  |  *- Source: sim96_LIN
|  |  |  *- Strand: ++
|  |  |  |  *- Group: X87344_AF100956+AF027865_sim96_LIN_++_94
|  |  |  |  |         Sorted 1 elements.
|  |  |  |  *- Group: X87344_AF100956+AF027865_sim96_LIN_++_130
|  |  |  |  |         Sorted 1 elements.
|  |  |  |  *- Group: X87344_AF100956+AF027865_sim96_LIN_++_721
|  |  |  |  |         Sorted 1 elements.
|  |  |  |  *- Group: X87344_AF100956+AF027865_sim96_LIN_++_481
|  |  |  |  |         Sorted 1 elements.
|  |  |  |  *- Group: X87344_AF100956+AF027865_sim96_LIN_++_129
|  |  |  |  |         Sorted 1 elements.
|  |  |  |  *- Group: X87344_AF100956+AF027865_sim96_LIN_++_769
|  |  |  |  |         Sorted 1 elements.
|  |  |  |  *- Group: X87344_AF100956+AF027865_sim96_LIN_++_795
|  |  |  |  |         Sorted 1 elements.
|  |  |  |  *- Group: X87344_AF100956+AF027865_sim96_LIN_++_162
|  |  |  |  |         Sorted 1 elements.
|  |  |  |  *- Group: X87344_AF100956+AF027865_sim96_LIN_++_145
|  |  |  |  |         Sorted 1 elements.
|  |  |  |  *- Group: X87344_AF100956+AF027865_sim96_LIN_++_623
|  |  |  |  |         Sorted 1 elements.
|  |  |  |  *- Group: X87344_AF100956+AF027865_sim96_LIN_++_413
|  |  |  |  |         Sorted 1 elements.
|  |  |  |  *- Group: X87344_AF100956+AF027865_sim96_LIN_++_797
|  |  |  |  |         Sorted 1 elements.
|  |  |  |  *- Group: X87344_AF100956+AF027865_sim96_LIN_++_715
|  |  |  |  |         Sorted 1 elements.
|  |  |  |  *- Group: X87344_AF100956+AF027865_sim96_LIN_++_199
|  |  |  |  |         Sorted 1 elements.
|  |  |  |  *- Group: X87344_AF100956+AF027865_sim96_LIN_++_535
|  |  |  |  |         Sorted 1 elements.
|  |  |  |  *- Group: X87344_AF100956+AF027865_sim96_LIN_++_439
|  |  |  |  |         Sorted 1 elements.
|  |  |  |  *- Group: X87344_AF100956+AF027865_sim96_LIN_++_372
|  |  |  |  |         Sorted 1 elements.
|  |  |  |  *- Group: X87344_AF100956+AF027865_sim96_LIN_++_729
|  |  |  |  |         Sorted 1 elements.
|  |  |  |  *- Group: X87344_AF100956+AF027865_sim96_LIN_++_273
|  |  |  |  |         Sorted 1 elements.
|  |  |  |  *- Group: X87344_AF100956+AF027865_sim96_LIN_++_703
|  |  |  |  |         Sorted 1 elements.
|  |  |  |  *- Group: X87344_AF100956+AF027865_sim96_LIN_++_586
|  |  |  |  |         Sorted 1 elements.
|  |  |  |  *- Group: X87344_AF100956+AF027865_sim96_LIN_++_379
|  |  |  |  |         Sorted 1 elements.
|  |  |  |  *- Group: X87344_AF100956+AF027865_sim96_LIN_++_190
|  |  |  |  |         Sorted 1 elements.
|  |  |  |  *- Group: X87344_AF100956+AF027865_sim96_LIN_++_664
|  |  |  |  |         Sorted 1 elements.
|  |  |  |  *- Group: X87344_AF100956+AF027865_sim96_LIN_++_491
|  |  |  |  |         Sorted 1 elements.
|  |  |  |  *- Group: X87344_AF100956+AF027865_sim96_LIN_++_55
|  |  |  |  |         Sorted 1 elements.
|  |  |  |  *- Group: X87344_AF100956+AF027865_sim96_LIN_++_246
|  |  |  |  |         Sorted 1 elements.
|  |  |  |  *- Group: X87344_AF100956+AF027865_sim96_LIN_++_48
|  |  |  |  |         Sorted 1 elements.
|  |  |  |  *- Group: X87344_AF100956+AF027865_sim96_LIN_++_459
|  |  |  |  |         Sorted 1 elements.
|  |  |  |  *- Group: X87344_AF100956+AF027865_sim96_LIN_++_308
|  |  |  |  |         Sorted 1 elements.
|  |  |  |  *- Group: X87344_AF100956+AF027865_sim96_LIN_++_785
|  |  |  |  |         Sorted 1 elements.
|  |  |  |  *- Group: X87344_AF100956+AF027865_sim96_LIN_++_730
|  |  |  |  |         Sorted 1 elements.
|  |  |  |  *- Group: X87344_AF100956+AF027865_sim96_LIN_++_615
|  |  |  |  |         Sorted 1 elements.
|  |  |  |  *- Group: X87344_AF100956+AF027865_sim96_LIN_++_349
|  |  |  |  |         Sorted 1 elements.
|  |  |  |  *- Group: X87344_AF100956+AF027865_sim96_LIN_++_724
|  |  |  |  |         Sorted 1 elements.
|  |  |  |  *- Group: X87344_AF100956+AF027865_sim96_LIN_++_139
|  |  |  |  |         Sorted 1 elements.
|  |  |  |  *- Group: X87344_AF100956+AF027865_sim96_LIN_++_630
|  |  |  |  |         Sorted 1 elements.
|  |  |  |  *- Group: X87344_AF100956+AF027865_sim96_LIN_++_609
|  |  |  |  |         Sorted 1 elements.
|  |  |  |  *- Group: X87344_AF100956+AF027865_sim96_LIN_++_654
|  |  |  |  |         Sorted 1 elements.
|  |  |  |  *- Group: X87344_AF100956+AF027865_sim96_LIN_++_74
|  |  |  |  |         Sorted 1 elements.
|  |  |  |  *- Group: X87344_AF100956+AF027865_sim96_LIN_++_757
|  |  |  |  |         Sorted 1 elements.
|  |  |  |  *- Group: X87344_AF100956+AF027865_sim96_LIN_++_138
|  |  |  |  |         Sorted 1 elements.
|  |  |  |  *- Group: X87344_AF100956+AF027865_sim96_LIN_++_716
|  |  |  |  |         Sorted 1 elements.
|  |  |  |  *- Group: X87344_AF100956+AF027865_sim96_LIN_++_618
|  |  |  |  |         Sorted 1 elements.
|  |  |  |  *- Group: X87344_AF100956+AF027865_sim96_LIN_++_771
|  |  |  |  |         Sorted 1 elements.
|  |  |  |  *- Group: X87344_AF100956+AF027865_sim96_LIN_++_750
|  |  |  |  |         Sorted 1 elements.
|  |  |  |  *- Group: X87344_AF100956+AF027865_sim96_LIN_++_470
|  |  |  |  |         Sorted 1 elements.
|  |  |  |  *- Group: X87344_AF100956+AF027865_sim96_LIN_++_584
|  |  |  |  |         Sorted 1 elements.
|  |  |  |  *- Group: X87344_AF100956+AF027865_sim96_LIN_++_451
|  |  |  |  |         Sorted 1 elements.
|  |  |  |  *- Group: X87344_AF100956+AF027865_sim96_LIN_++_760
|  |  |  |  |         Sorted 1 elements.
|  |  |  |  *- Group: X87344_AF100956+AF027865_sim96_LIN_++_297
|  |  |  |  |         Sorted 1 elements.
|  |  |  |  *- Group: X87344_AF100956+AF027865_sim96_LIN_++_205
|  |  |  |  |         Sorted 1 elements.
|  |  |  |  *- Group: X87344_AF100956+AF027865_sim96_LIN_++_137
|  |  |  |  |         Sorted 1 elements.
|  |  |  |  *- Group: X87344_AF100956+AF027865_sim96_LIN_++_168
|  |  |  |  |         Sorted 1 elements.
|  |  |  |  *- Group: X87344_AF100956+AF027865_sim96_LIN_++_691
|  |  |  |  |         Sorted 1 elements.
|  |  |  |  *- Group: X87344_AF100956+AF027865_sim96_LIN_++_126
|  |  |  |  |         Sorted 1 elements.
|  |  |  |  *- Group: X87344_AF100956+AF027865_sim96_LIN_++_568
|  |  |  |  |         Sorted 1 elements.
|  |  |  |  *- Group: X87344_AF100956+AF027865_sim96_LIN_++_83
|  |  |  |  |         Sorted 1 elements.
|  |  |  |  *- Group: X87344_AF100956+AF027865_sim96_LIN_++_488
|  |  |  |  |         Sorted 1 elements.
|  |  |  |  *- Group: X87344_AF100956+AF027865_sim96_LIN_++_298
|  |  |  |  |         Sorted 1 elements.
|  |  |  |  *- Group: X87344_AF100956+AF027865_sim96_LIN_++_557
|  |  |  |  |         Sorted 1 elements.
|  |  |  |  *- Group: X87344_AF100956+AF027865_sim96_LIN_++_519
|  |  |  |  |         Sorted 1 elements.
|  |  |  |  *- Group: X87344_AF100956+AF027865_sim96_LIN_++_705
|  |  |  |  |         Sorted 1 elements.
|  |  |  |  *- Group: X87344_AF100956+AF027865_sim96_LIN_++_694
|  |  |  |  |         Sorted 1 elements.
|  |  |  |  *- Group: X87344_AF100956+AF027865_sim96_LIN_++_460
|  |  |  |  |         Sorted 1 elements.
|  |  |  |  *- Group: X87344_AF100956+AF027865_sim96_LIN_++_640
|  |  |  |  |         Sorted 1 elements.
|  |  |  |  *- Group: X87344_AF100956+AF027865_sim96_LIN_++_500
|  |  |  |  |         Sorted 1 elements.
|  |  |  |  *- Group: X87344_AF100956+AF027865_sim96_LIN_++_335
|  |  |  |  |         Sorted 1 elements.
|  |  |  |  *- Group: X87344_AF100956+AF027865_sim96_LIN_++_208
|  |  |  |  |         Sorted 1 elements.
|  |  |  |  *- Group: X87344_AF100956+AF027865_sim96_LIN_++_155
|  |  |  |  |         Sorted 1 elements.
|  |  |  |  *- Group: X87344_AF100956+AF027865_sim96_LIN_++_153
|  |  |  |  |         Sorted 1 elements.
|  |  |  |  *- Group: X87344_AF100956+AF027865_sim96_LIN_++_442
|  |  |  |  |         Sorted 1 elements.
|  |  |  |  *- Group: X87344_AF100956+AF027865_sim96_LIN_++_34
|  |  |  |  |         Sorted 1 elements.
|  |  |  |  *- Group: X87344_AF100956+AF027865_sim96_LIN_++_717
|  |  |  |  |         Sorted 1 elements.
|  |  |  |  *- Group: X87344_AF100956+AF027865_sim96_LIN_++_320
|  |  |  |  |         Sorted 1 elements.
|  |  |  |  *- Group: X87344_AF100956+AF027865_sim96_LIN_++_411
|  |  |  |  |         Sorted 1 elements.
|  |  |  |  *- Group: X87344_AF100956+AF027865_sim96_LIN_++_396
|  |  |  |  |         Sorted 1 elements.
|  |  |  |  *- Group: X87344_AF100956+AF027865_sim96_LIN_++_626
|  |  |  |  |         Sorted 1 elements.
|  |  |  |  *- Group: X87344_AF100956+AF027865_sim96_LIN_++_521
|  |  |  |  |         Sorted 1 elements.
|  |  |  |  *- Group: X87344_AF100956+AF027865_sim96_LIN_++_281
|  |  |  |  |         Sorted 1 elements.
|  |  |  |  *- Group: X87344_AF100956+AF027865_sim96_LIN_++_217
|  |  |  |  |         Sorted 1 elements.
|  |  |  |  *- Group: X87344_AF100956+AF027865_sim96_LIN_++_756
|  |  |  |  |         Sorted 1 elements.
|  |  |  |  *- Group: X87344_AF100956+AF027865_sim96_LIN_++_163
|  |  |  |  |         Sorted 1 elements.
|  |  |  |  *- Group: X87344_AF100956+AF027865_sim96_LIN_++_783
|  |  |  |  |         Sorted 1 elements.
|  |  |  |  *- Group: X87344_AF100956+AF027865_sim96_LIN_++_677
|  |  |  |  |         Sorted 1 elements.
|  |  |  |  *- Group: X87344_AF100956+AF027865_sim96_LIN_++_540
|  |  |  |  |         Sorted 1 elements.
|  |  |  |  *- Group: X87344_AF100956+AF027865_sim96_LIN_++_493
|  |  |  |  |         Sorted 1 elements.
|  |  |  |  *- Group: X87344_AF100956+AF027865_sim96_LIN_++_18
|  |  |  |  |         Sorted 1 elements.
|  |  |  |  *- Group: X87344_AF100956+AF027865_sim96_LIN_++_44
|  |  |  |  |         Sorted 1 elements.
|  |  |  |  *- Group: X87344_AF100956+AF027865_sim96_LIN_++_363
|  |  |  |  |         Sorted 1 elements.
|  |  |  |  *- Group: X87344_AF100956+AF027865_sim96_LIN_++_225
|  |  |  |  |         Sorted 1 elements.
|  |  |  |  *- Group: X87344_AF100956+AF027865_sim96_LIN_++_71
|  |  |  |  |         Sorted 1 elements.
|  |  |  |  *- Group: X87344_AF100956+AF027865_sim96_LIN_++_461
|  |  |  |  |         Sorted 1 elements.
|  |  |  |  *- Group: X87344_AF100956+AF027865_sim96_LIN_++_406
|  |  |  |  |         Sorted 1 elements.
|  |  |  |  *- Group: X87344_AF100956+AF027865_sim96_LIN_++_347
|  |  |  |  |         Sorted 1 elements.
|  |  |  |  *- Group: X87344_AF100956+AF027865_sim96_LIN_++_330
|  |  |  |  |         Sorted 1 elements.
|  |  |  |  *- Group: X87344_AF100956+AF027865_sim96_LIN_++_325
|  |  |  |  |         Sorted 1 elements.
|  |  |  |  *- Group: X87344_AF100956+AF027865_sim96_LIN_++_427
|  |  |  |  |         Sorted 1 elements.
|  |  |  |  *- Group: X87344_AF100956+AF027865_sim96_LIN_++_237
|  |  |  |  |         Sorted 1 elements.
|  |  |  |  *- Group: X87344_AF100956+AF027865_sim96_LIN_++_161
|  |  |  |  |         Sorted 1 elements.
|  |  |  |  *- Group: X87344_AF100956+AF027865_sim96_LIN_++_314
|  |  |  |  |         Sorted 1 elements.
|  |  |  |  *- Group: X87344_AF100956+AF027865_sim96_LIN_++_502
|  |  |  |  |         Sorted 1 elements.
|  |  |  |  *- Group: X87344_AF100956+AF027865_sim96_LIN_++_541
|  |  |  |  |         Sorted 1 elements.
|  |  |  |  *- Group: X87344_AF100956+AF027865_sim96_LIN_++_8
|  |  |  |  |         Sorted 1 elements.
|  |  |  |  *- Group: X87344_AF100956+AF027865_sim96_LIN_++_15
|  |  |  |  |         Sorted 1 elements.
|  |  |  |  *- Group: X87344_AF100956+AF027865_sim96_LIN_++_526
|  |  |  |  |         Sorted 1 elements.
|  |  |  |  *- Group: X87344_AF100956+AF027865_sim96_LIN_++_378
|  |  |  |  |         Sorted 1 elements.
|  |  |  |  *- Group: X87344_AF100956+AF027865_sim96_LIN_++_570
|  |  |  |  |         Sorted 1 elements.
|  |  |  |  *- Group: X87344_AF100956+AF027865_sim96_LIN_++_202
|  |  |  |  |         Sorted 1 elements.
|  |  |  |  *- Group: X87344_AF100956+AF027865_sim96_LIN_++_722
|  |  |  |  |         Sorted 1 elements.
|  |  |  |  *- Group: X87344_AF100956+AF027865_sim96_LIN_++_132
|  |  |  |  |         Sorted 1 elements.
|  |  |  |  *- Group: X87344_AF100956+AF027865_sim96_LIN_++_82
|  |  |  |  |         Sorted 1 elements.
|  |  |  |  *- Group: X87344_AF100956+AF027865_sim96_LIN_++_174
|  |  |  |  |         Sorted 1 elements.
|  |  |  |  *- Group: X87344_AF100956+AF027865_sim96_LIN_++_210
|  |  |  |  |         Sorted 1 elements.
|  |  |  |  *- Group: X87344_AF100956+AF027865_sim96_LIN_++_146
|  |  |  |  |         Sorted 1 elements.
|  |  |  |  *- Group: X87344_AF100956+AF027865_sim96_LIN_++_772
|  |  |  |  |         Sorted 1 elements.
|  |  |  |  *- Group: X87344_AF100956+AF027865_sim96_LIN_++_608
|  |  |  |  |         Sorted 1 elements.
|  |  |  |  *- Group: X87344_AF100956+AF027865_sim96_LIN_++_479
|  |  |  |  |         Sorted 1 elements.
|  |  |  |  *- Group: X87344_AF100956+AF027865_sim96_LIN_++_394
|  |  |  |  |         Sorted 1 elements.
|  |  |  |  *- Group: X87344_AF100956+AF027865_sim96_LIN_++_236
|  |  |  |  |         Sorted 1 elements.
|  |  |  |  *- Group: X87344_AF100956+AF027865_sim96_LIN_++_26
|  |  |  |  |         Sorted 1 elements.
|  |  |  |  *- Group: X87344_AF100956+AF027865_sim96_LIN_++_254
|  |  |  |  |         Sorted 1 elements.
|  |  |  |  *- Group: X87344_AF100956+AF027865_sim96_LIN_++_810
|  |  |  |  |         Sorted 1 elements.
|  |  |  |  *- Group: X87344_AF100956+AF027865_sim96_LIN_++_617
|  |  |  |  |         Sorted 1 elements.
|  |  |  |  *- Group: X87344_AF100956+AF027865_sim96_LIN_++_443
|  |  |  |  |         Sorted 1 elements.
|  |  |  |  *- Group: X87344_AF100956+AF027865_sim96_LIN_++_587
|  |  |  |  |         Sorted 1 elements.
|  |  |  |  *- Group: X87344_AF100956+AF027865_sim96_LIN_++_755
|  |  |  |  |         Sorted 1 elements.
|  |  |  |  *- Group: X87344_AF100956+AF027865_sim96_LIN_++_179
|  |  |  |  |         Sorted 1 elements.
|  |  |  |  *- Group: X87344_AF100956+AF027865_sim96_LIN_++_536
|  |  |  |  |         Sorted 1 elements.
|  |  |  |  *- Group: X87344_AF100956+AF027865_sim96_LIN_++_532
|  |  |  |  |         Sorted 1 elements.
|  |  |  |  *- Group: X87344_AF100956+AF027865_sim96_LIN_++_516
|  |  |  |  |         Sorted 1 elements.
|  |  |  |  *- Group: X87344_AF100956+AF027865_sim96_LIN_++_412
|  |  |  |  |         Sorted 1 elements.
|  |  |  |  *- Group: X87344_AF100956+AF027865_sim96_LIN_++_784
|  |  |  |  |         Sorted 1 elements.
|  |  |  |  *- Group: X87344_AF100956+AF027865_sim96_LIN_++_226
|  |  |  |  |         Sorted 1 elements.
|  |  |  |  *- Group: X87344_AF100956+AF027865_sim96_LIN_++_650
|  |  |  |  |         Sorted 1 elements.
|  |  |  |  *- Group: X87344_AF100956+AF027865_sim96_LIN_++_675
|  |  |  |  |         Sorted 1 elements.
|  |  |  |  *- Group: X87344_AF100956+AF027865_sim96_LIN_++_436
|  |  |  |  |         Sorted 1 elements.
|  |  |  |  *- Group: X87344_AF100956+AF027865_sim96_LIN_++_185
|  |  |  |  |         Sorted 1 elements.
|  |  |  |  *- Group: X87344_AF100956+AF027865_sim96_LIN_++_773
|  |  |  |  |         Sorted 1 elements.
|  |  |  |  *- Group: X87344_AF100956+AF027865_sim96_LIN_++_93
|  |  |  |  |         Sorted 1 elements.
|  |  |  |  *- Group: X87344_AF100956+AF027865_sim96_LIN_++_583
|  |  |  |  |         Sorted 1 elements.
|  |  |  |  *- Group: X87344_AF100956+AF027865_sim96_LIN_++_749
|  |  |  |  |         Sorted 1 elements.
|  |  |  |  *- Group: X87344_AF100956+AF027865_sim96_LIN_++_512
|  |  |  |  |         Sorted 1 elements.
|  |  |  |  *- Group: X87344_AF100956+AF027865_sim96_LIN_++_334
|  |  |  |  |         Sorted 1 elements.
|  |  |  |  *- Group: X87344_AF100956+AF027865_sim96_LIN_++_276
|  |  |  |  |         Sorted 1 elements.
|  |  |  |  *- Group: X87344_AF100956+AF027865_sim96_LIN_++_35
|  |  |  |  |         Sorted 1 elements.
|  |  |  |  *- Group: X87344_AF100956+AF027865_sim96_LIN_++_655
|  |  |  |  |         Sorted 1 elements.
|  |  |  |  *- Group: X87344_AF100956+AF027865_sim96_LIN_++_602
|  |  |  |  |         Sorted 1 elements.
|  |  |  |  *- Group: X87344_AF100956+AF027865_sim96_LIN_++_229
|  |  |  |  |         Sorted 1 elements.
|  |  |  |  *- Group: X87344_AF100956+AF027865_sim96_LIN_++_361
|  |  |  |  |         Sorted 1 elements.
|  |  |  |  *- Group: X87344_AF100956+AF027865_sim96_LIN_++_786
|  |  |  |  |         Sorted 1 elements.
|  |  |  |  *- Group: X87344_AF100956+AF027865_sim96_LIN_++_148
|  |  |  |  |         Sorted 1 elements.
|  |  |  |  *- Group: X87344_AF100956+AF027865_sim96_LIN_++_75
|  |  |  |  |         Sorted 1 elements.
|  |  |  |  *- Group: X87344_AF100956+AF027865_sim96_LIN_++_316
|  |  |  |  |         Sorted 1 elements.
|  |  |  |  *- Group: X87344_AF100956+AF027865_sim96_LIN_++_804
|  |  |  |  |         Sorted 1 elements.
|  |  |  |  *- Group: X87344_AF100956+AF027865_sim96_LIN_++_563
|  |  |  |  |         Sorted 1 elements.
|  |  |  |  *- Group: X87344_AF100956+AF027865_sim96_LIN_++_287
|  |  |  |  |         Sorted 1 elements.
|  |  |  |  *- Group: X87344_AF100956+AF027865_sim96_LIN_++_214
|  |  |  |  |         Sorted 1 elements.
|  |  |  |  *- Group: X87344_AF100956+AF027865_sim96_LIN_++_554
|  |  |  |  |         Sorted 1 elements.
|  |  |  |  *- Group: X87344_AF100956+AF027865_sim96_LIN_++_358
|  |  |  |  |         Sorted 1 elements.
|  |  |  |  *- Group: X87344_AF100956+AF027865_sim96_LIN_++_740
|  |  |  |  |         Sorted 1 elements.
|  |  |  |  *- Group: X87344_AF100956+AF027865_sim96_LIN_++_702
|  |  |  |  |         Sorted 1 elements.
|  |  |  |  *- Group: X87344_AF100956+AF027865_sim96_LIN_++_265
|  |  |  |  |         Sorted 1 elements.
|  |  |  |  *- Group: X87344_AF100956+AF027865_sim96_LIN_++_152
|  |  |  |  |         Sorted 1 elements.
|  |  |  |  *- Group: X87344_AF100956+AF027865_sim96_LIN_++_741
|  |  |  |  |         Sorted 1 elements.
|  |  |  |  *- Group: X87344_AF100956+AF027865_sim96_LIN_++_450
|  |  |  |  |         Sorted 1 elements.
|  |  |  |  *- Group: X87344_AF100956+AF027865_sim96_LIN_++_571
|  |  |  |  |         Sorted 1 elements.
|  |  |  |  *- Group: X87344_AF100956+AF027865_sim96_LIN_++_32
|  |  |  |  |         Sorted 1 elements.
|  |  |  |  *- Group: X87344_AF100956+AF027865_sim96_LIN_++_243
|  |  |  |  |         Sorted 1 elements.
|  |  |  |  *- Group: X87344_AF100956+AF027865_sim96_LIN_++_454
|  |  |  |  |         Sorted 1 elements.
|  |  |  |  *- Group: X87344_AF100956+AF027865_sim96_LIN_++_529
|  |  |  |  |         Sorted 1 elements.
|  |  |  |  *- Group: X87344_AF100956+AF027865_sim96_LIN_++_371
|  |  |  |  |         Sorted 1 elements.
|  |  |  |  *- Group: X87344_AF100956+AF027865_sim96_LIN_++_238
|  |  |  |  |         Sorted 1 elements.
|  |  |  |  *- Group: X87344_AF100956+AF027865_sim96_LIN_++_501
|  |  |  |  |         Sorted 1 elements.
|  |  |  |  *- Group: X87344_AF100956+AF027865_sim96_LIN_++_426
|  |  |  |  |         Sorted 1 elements.
|  |  |  |  *- Group: X87344_AF100956+AF027865_sim96_LIN_++_549
|  |  |  |  |         Sorted 1 elements.
|  |  |  |  *- Group: X87344_AF100956+AF027865_sim96_LIN_++_610
|  |  |  |  |         Sorted 1 elements.
|  |  |  |  *- Group: X87344_AF100956+AF027865_sim96_LIN_++_559
|  |  |  |  |         Sorted 1 elements.
|  |  |  |  *- Group: X87344_AF100956+AF027865_sim96_LIN_++_407
|  |  |  |  |         Sorted 1 elements.
|  |  |  |  *- Group: X87344_AF100956+AF027865_sim96_LIN_++_674
|  |  |  |  |         Sorted 1 elements.
|  |  |  |  *- Group: X87344_AF100956+AF027865_sim96_LIN_++_739
|  |  |  |  |         Sorted 1 elements.
|  |  |  |  *- Group: X87344_AF100956+AF027865_sim96_LIN_++_114
|  |  |  |  |         Sorted 1 elements.
|  |  |  |  *- Group: X87344_AF100956+AF027865_sim96_LIN_++_496
|  |  |  |  |         Sorted 1 elements.
|  |  |  |  *- Group: X87344_AF100956+AF027865_sim96_LIN_++_25
|  |  |  |  |         Sorted 1 elements.
|  |  |  |  *- Group: X87344_AF100956+AF027865_sim96_LIN_++_397
|  |  |  |  |         Sorted 1 elements.
|  |  |  |  *- Group: X87344_AF100956+AF027865_sim96_LIN_++_666
|  |  |  |  |         Sorted 1 elements.
|  |  |  |  *- Group: X87344_AF100956+AF027865_sim96_LIN_++_471
|  |  |  |  |         Sorted 1 elements.
|  |  |  |  *- Group: X87344_AF100956+AF027865_sim96_LIN_++_253
|  |  |  |  |         Sorted 1 elements.
|  |  |  |  *- Group: X87344_AF100956+AF027865_sim96_LIN_++_331
|  |  |  |  |         Sorted 1 elements.
|  |  |  |  *- Group: X87344_AF100956+AF027865_sim96_LIN_++_324
|  |  |  |  |         Sorted 1 elements.
|  |  |  |  *- Group: X87344_AF100956+AF027865_sim96_LIN_++_143
|  |  |  |  |         Sorted 1 elements.
|  |  |  |  *- Group: X87344_AF100956+AF027865_sim96_LIN_++_43
|  |  |  |  |         Sorted 1 elements.
|  |  |  |  *- Group: X87344_AF100956+AF027865_sim96_LIN_++_448
|  |  |  |  |         Sorted 1 elements.
|  |  |  |  *- Group: X87344_AF100956+AF027865_sim96_LIN_++_419
|  |  |  |  |         Sorted 1 elements.
|  |  |  |  *- Group: X87344_AF100956+AF027865_sim96_LIN_++_808
|  |  |  |  |         Sorted 1 elements.
|  |  |  |  *- Group: X87344_AF100956+AF027865_sim96_LIN_++_299
|  |  |  |  |         Sorted 1 elements.
|  |  |  |  *- Group: X87344_AF100956+AF027865_sim96_LIN_++_49
|  |  |  |  |         Sorted 1 elements.
|  |  |  |  *- Group: X87344_AF100956+AF027865_sim96_LIN_++_9
|  |  |  |  |         Sorted 1 elements.
|  |  |  |  *- Group: X87344_AF100956+AF027865_sim96_LIN_++_54
|  |  |  |  |         Sorted 1 elements.
|  |  |  |  *- Group: X87344_AF100956+AF027865_sim96_LIN_++_167
|  |  |  |  |         Sorted 1 elements.
|  |  |  |  *- Group: X87344_AF100956+AF027865_sim96_LIN_++_149
|  |  |  |  |         Sorted 1 elements.
|  |  |  |  *- Group: X87344_AF100956+AF027865_sim96_LIN_++_89
|  |  |  |  |         Sorted 1 elements.
|  |  |  |  *- Group: X87344_AF100956+AF027865_sim96_LIN_++_484
|  |  |  |  |         Sorted 1 elements.
|  |  |  |  *- Group: X87344_AF100956+AF027865_sim96_LIN_++_3
|  |  |  |  |         Sorted 1 elements.
|  |  |  |  *- Group: X87344_AF100956+AF027865_sim96_LIN_++_646
|  |  |  |  |         Sorted 1 elements.
|  |  |  |  *- Group: X87344_AF100956+AF027865_sim96_LIN_++_364
|  |  |  |  |         Sorted 1 elements.
|  |  |  |  *- Group: X87344_AF100956+AF027865_sim96_LIN_++_509
|  |  |  |  |         Sorted 1 elements.
|  |  |  |  *- Group: X87344_AF100956+AF027865_sim96_LIN_++_203
|  |  |  |  |         Sorted 1 elements.
|  |  |  |  *- Group: X87344_AF100956+AF027865_sim96_LIN_++_118
|  |  |  |  |         Sorted 1 elements.
|  |  |  |  *- Group: X87344_AF100956+AF027865_sim96_LIN_++_13
|  |  |  |  |         Sorted 1 elements.
|  |  |  |  *- Group: X87344_AF100956+AF027865_sim96_LIN_++_754
|  |  |  |  |         Sorted 1 elements.
|  |  |  |  *- Group: X87344_AF100956+AF027865_sim96_LIN_++_151
|  |  |  |  |         Sorted 1 elements.
|  |  |  |  *- Group: X87344_AF100956+AF027865_sim96_LIN_++_344
|  |  |  |  |         Sorted 1 elements.
|  |  |  |  *- Group: X87344_AF100956+AF027865_sim96_LIN_++_318
|  |  |  |  |         Sorted 1 elements.
|  |  |  |  *- Group: X87344_AF100956+AF027865_sim96_LIN_++_27
|  |  |  |  |         Sorted 1 elements.
|  |  |  |  *- Group: X87344_AF100956+AF027865_sim96_LIN_++_189
|  |  |  |  |         Sorted 1 elements.
|  |  |  |  *- Group: X87344_AF100956+AF027865_sim96_LIN_++_221
|  |  |  |  |         Sorted 1 elements.
|  |  |  |  *- Group: X87344_AF100956+AF027865_sim96_LIN_++_681
|  |  |  |  |         Sorted 1 elements.
|  |  |  |  *- Group: X87344_AF100956+AF027865_sim96_LIN_++_350
|  |  |  |  |         Sorted 1 elements.
|  |  |  |  *- Group: X87344_AF100956+AF027865_sim96_LIN_++_713
|  |  |  |  |         Sorted 1 elements.
|  |  |  |  *- Group: X87344_AF100956+AF027865_sim96_LIN_++_515
|  |  |  |  |         Sorted 1 elements.
|  |  |  |  *- Group: X87344_AF100956+AF027865_sim96_LIN_++_503
|  |  |  |  |         Sorted 1 elements.
|  |  |  |  *- Group: X87344_AF100956+AF027865_sim96_LIN_++_747
|  |  |  |  |         Sorted 1 elements.
|  |  |  |  *- Group: X87344_AF100956+AF027865_sim96_LIN_++_422
|  |  |  |  |         Sorted 1 elements.
|  |  |  |  *- Group: X87344_AF100956+AF027865_sim96_LIN_++_218
|  |  |  |  |         Sorted 1 elements.
|  |  |  |  *- Group: X87344_AF100956+AF027865_sim96_LIN_++_251
|  |  |  |  |         Sorted 1 elements.
|  |  |  |  *- Group: X87344_AF100956+AF027865_sim96_LIN_++_275
|  |  |  |  |         Sorted 1 elements.
|  |  |  |  *- Group: X87344_AF100956+AF027865_sim96_LIN_++_4
|  |  |  |  |         Sorted 1 elements.
|  |  |  |  *- Group: X87344_AF100956+AF027865_sim96_LIN_++_150
|  |  |  |  |         Sorted 1 elements.
|  |  |  |  *- Group: X87344_AF100956+AF027865_sim96_LIN_++_156
|  |  |  |  |         Sorted 1 elements.
|  |  |  |  *- Group: X87344_AF100956+AF027865_sim96_LIN_++_380
|  |  |  |  |         Sorted 1 elements.
|  |  |  |  *- Group: X87344_AF100956+AF027865_sim96_LIN_++_478
|  |  |  |  |         Sorted 1 elements.
|  |  |  |  *- Group: X87344_AF100956+AF027865_sim96_LIN_++_767
|  |  |  |  |         Sorted 1 elements.
|  |  |  |  *- Group: X87344_AF100956+AF027865_sim96_LIN_++_164
|  |  |  |  |         Sorted 1 elements.
|  |  |  |  *- Group: X87344_AF100956+AF027865_sim96_LIN_++_485
|  |  |  |  |         Sorted 1 elements.
|  |  |  |  *- Group: X87344_AF100956+AF027865_sim96_LIN_++_431
|  |  |  |  |         Sorted 1 elements.
|  |  |  |  *- Group: X87344_AF100956+AF027865_sim96_LIN_++_728
|  |  |  |  |         Sorted 1 elements.
|  |  |  |  *- Group: X87344_AF100956+AF027865_sim96_LIN_++_352
|  |  |  |  |         Sorted 1 elements.
|  |  |  |  *- Group: X87344_AF100956+AF027865_sim96_LIN_++_601
|  |  |  |  |         Sorted 1 elements.
|  |  |  |  *- Group: X87344_AF100956+AF027865_sim96_LIN_++_517
|  |  |  |  |         Sorted 1 elements.
|  |  |  |  *- Group: X87344_AF100956+AF027865_sim96_LIN_++_296
|  |  |  |  |         Sorted 1 elements.
|  |  |  |  *- Group: X87344_AF100956+AF027865_sim96_LIN_++_687
|  |  |  |  |         Sorted 1 elements.
|  |  |  |  *- Group: X87344_AF100956+AF027865_sim96_LIN_++_46
|  |  |  |  |         Sorted 1 elements.
|  |  |  |  *- Group: X87344_AF100956+AF027865_sim96_LIN_++_95
|  |  |  |  |         Sorted 1 elements.
|  |  |  |  *- Group: X87344_AF100956+AF027865_sim96_LIN_++_424
|  |  |  |  |         Sorted 1 elements.
|  |  |  |  *- Group: X87344_AF100956+AF027865_sim96_LIN_++_398
|  |  |  |  |         Sorted 1 elements.
|  |  |  |  *- Group: X87344_AF100956+AF027865_sim96_LIN_++_738
|  |  |  |  |         Sorted 1 elements.
|  |  |  |  *- Group: X87344_AF100956+AF027865_sim96_LIN_++_679
|  |  |  |  |         Sorted 1 elements.
|  |  |  |  *- Group: X87344_AF100956+AF027865_sim96_LIN_++_59
|  |  |  |  |         Sorted 1 elements.
|  |  |  |  *- Group: X87344_AF100956+AF027865_sim96_LIN_++_574
|  |  |  |  |         Sorted 1 elements.
|  |  |  |  *- Group: X87344_AF100956+AF027865_sim96_LIN_++_573
|  |  |  |  |         Sorted 1 elements.
|  |  |  |  *- Group: X87344_AF100956+AF027865_sim96_LIN_++_676
|  |  |  |  |         Sorted 1 elements.
|  |  |  |  *- Group: X87344_AF100956+AF027865_sim96_LIN_++_736
|  |  |  |  |         Sorted 1 elements.
|  |  |  |  *- Group: X87344_AF100956+AF027865_sim96_LIN_++_639
|  |  |  |  |         Sorted 1 elements.
|  |  |  |  *- Group: X87344_AF100956+AF027865_sim96_LIN_++_86
|  |  |  |  |         Sorted 1 elements.
|  |  |  |  *- Group: X87344_AF100956+AF027865_sim96_LIN_++_131
|  |  |  |  |         Sorted 1 elements.
|  |  |  |  *- Group: X87344_AF100956+AF027865_sim96_LIN_++_147
|  |  |  |  |         Sorted 1 elements.
|  |  |  |  *- Group: X87344_AF100956+AF027865_sim96_LIN_++_69
|  |  |  |  |         Sorted 1 elements.
|  |  |  |  *- Group: X87344_AF100956+AF027865_sim96_LIN_++_472
|  |  |  |  |         Sorted 1 elements.
|  |  |  |  *- Group: X87344_AF100956+AF027865_sim96_LIN_++_665
|  |  |  |  |         Sorted 1 elements.
|  |  |  |  *- Group: X87344_AF100956+AF027865_sim96_LIN_++_581
|  |  |  |  |         Sorted 1 elements.
|  |  |  |  *- Group: X87344_AF100956+AF027865_sim96_LIN_++_528
|  |  |  |  |         Sorted 1 elements.
|  |  |  |  *- Group: X87344_AF100956+AF027865_sim96_LIN_++_333
|  |  |  |  |         Sorted 1 elements.
|  |  |  |  *- Group: X87344_AF100956+AF027865_sim96_LIN_++_197
|  |  |  |  |         Sorted 1 elements.
|  |  |  |  *- Group: X87344_AF100956+AF027865_sim96_LIN_++_613
|  |  |  |  |         Sorted 1 elements.
|  |  |  |  *- Group: X87344_AF100956+AF027865_sim96_LIN_++_616
|  |  |  |  |         Sorted 1 elements.
|  |  |  |  *- Group: X87344_AF100956+AF027865_sim96_LIN_++_291
|  |  |  |  |         Sorted 1 elements.
|  |  |  |  *- Group: X87344_AF100956+AF027865_sim96_LIN_++_582
|  |  |  |  |         Sorted 1 elements.
|  |  |  |  *- Group: X87344_AF100956+AF027865_sim96_LIN_++_96
|  |  |  |  |         Sorted 1 elements.
|  |  |  |  *- Group: X87344_AF100956+AF027865_sim96_LIN_++_555
|  |  |  |  |         Sorted 1 elements.
|  |  |  |  *- Group: X87344_AF100956+AF027865_sim96_LIN_++_173
|  |  |  |  |         Sorted 1 elements.
|  |  |  |  *- Group: X87344_AF100956+AF027865_sim96_LIN_++_2
|  |  |  |  |         Sorted 1 elements.
|  |  |  |  *- Group: X87344_AF100956+AF027865_sim96_LIN_++_319
|  |  |  |  |         Sorted 1 elements.
|  |  |  |  *- Group: X87344_AF100956+AF027865_sim96_LIN_++_562
|  |  |  |  |         Sorted 1 elements.
|  |  |  |  *- Group: X87344_AF100956+AF027865_sim96_LIN_++_495
|  |  |  |  |         Sorted 1 elements.
|  |  |  |  *- Group: X87344_AF100956+AF027865_sim96_LIN_++_631
|  |  |  |  |         Sorted 1 elements.
|  |  |  |  *- Group: X87344_AF100956+AF027865_sim96_LIN_++_621
|  |  |  |  |         Sorted 1 elements.
|  |  |  |  *- Group: X87344_AF100956+AF027865_sim96_LIN_++_53
|  |  |  |  |         Sorted 1 elements.
|  |  |  |  *- Group: X87344_AF100956+AF027865_sim96_LIN_++_511
|  |  |  |  |         Sorted 1 elements.
|  |  |  |  *- Group: X87344_AF100956+AF027865_sim96_LIN_++_186
|  |  |  |  |         Sorted 1 elements.
|  |  |  |  *- Group: X87344_AF100956+AF027865_sim96_LIN_++_719
|  |  |  |  |         Sorted 1 elements.
|  |  |  |  *- Group: X87344_AF100956+AF027865_sim96_LIN_++_779
|  |  |  |  |         Sorted 1 elements.
|  |  |  |  *- Group: X87344_AF100956+AF027865_sim96_LIN_++_369
|  |  |  |  |         Sorted 1 elements.
|  |  |  |  *- Group: X87344_AF100956+AF027865_sim96_LIN_++_558
|  |  |  |  |         Sorted 1 elements.
|  |  |  |  *- Group: X87344_AF100956+AF027865_sim96_LIN_++_353
|  |  |  |  |         Sorted 1 elements.
|  |  |  |  *- Group: X87344_AF100956+AF027865_sim96_LIN_++_303
|  |  |  |  |         Sorted 1 elements.
|  |  |  |  *- Group: X87344_AF100956+AF027865_sim96_LIN_++_183
|  |  |  |  |         Sorted 1 elements.
|  |  |  |  *- Group: X87344_AF100956+AF027865_sim96_LIN_++_688
|  |  |  |  |         Sorted 1 elements.
|  |  |  |  *- Group: X87344_AF100956+AF027865_sim96_LIN_++_401
|  |  |  |  |         Sorted 1 elements.
|  |  |  |  *- Group: X87344_AF100956+AF027865_sim96_LIN_++_215
|  |  |  |  |         Sorted 1 elements.
|  |  |  |  *- Group: X87344_AF100956+AF027865_sim96_LIN_++_425
|  |  |  |  |         Sorted 1 elements.
|  |  |  |  *- Group: X87344_AF100956+AF027865_sim96_LIN_++_805
|  |  |  |  |         Sorted 1 elements.
|  |  |  |  *- Group: X87344_AF100956+AF027865_sim96_LIN_++_223
|  |  |  |  |         Sorted 1 elements.
|  |  |  |  *- Group: X87344_AF100956+AF027865_sim96_LIN_++_16
|  |  |  |  |         Sorted 1 elements.
|  |  |  |  *- Group: X87344_AF100956+AF027865_sim96_LIN_++_467
|  |  |  |  |         Sorted 1 elements.
|  |  |  |  *- Group: X87344_AF100956+AF027865_sim96_LIN_++_386
|  |  |  |  |         Sorted 1 elements.
|  |  |  |  *- Group: X87344_AF100956+AF027865_sim96_LIN_++_763
|  |  |  |  |         Sorted 1 elements.
|  |  |  |  *- Group: X87344_AF100956+AF027865_sim96_LIN_++_213
|  |  |  |  |         Sorted 1 elements.
|  |  |  |  *- Group: X87344_AF100956+AF027865_sim96_LIN_++_657
|  |  |  |  |         Sorted 1 elements.
|  |  |  |  *- Group: X87344_AF100956+AF027865_sim96_LIN_++_62
|  |  |  |  |         Sorted 1 elements.
|  |  |  |  *- Group: X87344_AF100956+AF027865_sim96_LIN_++_235
|  |  |  |  |         Sorted 1 elements.
|  |  |  |  *- Group: X87344_AF100956+AF027865_sim96_LIN_++_542
|  |  |  |  |         Sorted 1 elements.
|  |  |  |  *- Group: X87344_AF100956+AF027865_sim96_LIN_++_374
|  |  |  |  |         Sorted 1 elements.
|  |  |  |  *- Group: X87344_AF100956+AF027865_sim96_LIN_++_21
|  |  |  |  |         Sorted 1 elements.
|  |  |  |  *- Group: X87344_AF100956+AF027865_sim96_LIN_++_453
|  |  |  |  |         Sorted 1 elements.
|  |  |  |  *- Group: X87344_AF100956+AF027865_sim96_LIN_++_288
|  |  |  |  |         Sorted 1 elements.
|  |  |  |  *- Group: X87344_AF100956+AF027865_sim96_LIN_++_548
|  |  |  |  |         Sorted 1 elements.
|  |  |  |  *- Group: X87344_AF100956+AF027865_sim96_LIN_++_652
|  |  |  |  |         Sorted 1 elements.
|  |  |  |  *- Group: X87344_AF100956+AF027865_sim96_LIN_++_727
|  |  |  |  |         Sorted 1 elements.
|  |  |  |  *- Group: X87344_AF100956+AF027865_sim96_LIN_++_224
|  |  |  |  |         Sorted 1 elements.
|  |  |  |  *- Group: X87344_AF100956+AF027865_sim96_LIN_++_753
|  |  |  |  |         Sorted 1 elements.
|  |  |  |  *- Group: X87344_AF100956+AF027865_sim96_LIN_++_768
|  |  |  |  |         Sorted 1 elements.
|  |  |  |  *- Group: X87344_AF100956+AF027865_sim96_LIN_++_113
|  |  |  |  |         Sorted 1 elements.
|  |  |  |  *- Group: X87344_AF100956+AF027865_sim96_LIN_++_249
|  |  |  |  |         Sorted 1 elements.
|  |  |  |  *- Group: X87344_AF100956+AF027865_sim96_LIN_++_47
|  |  |  |  |         Sorted 1 elements.
|  |  |  |  *- Group: X87344_AF100956+AF027865_sim96_LIN_++_504
|  |  |  |  |         Sorted 1 elements.
|  |  |  |  *- Group: X87344_AF100956+AF027865_sim96_LIN_++_430
|  |  |  |  |         Sorted 1 elements.
|  |  |  |  *- Group: X87344_AF100956+AF027865_sim96_LIN_++_423
|  |  |  |  |         Sorted 1 elements.
|  |  |  |  *- Group: X87344_AF100956+AF027865_sim96_LIN_++_359
|  |  |  |  |         Sorted 1 elements.
|  |  |  |  *- Group: X87344_AF100956+AF027865_sim96_LIN_++_520
|  |  |  |  |         Sorted 1 elements.
|  |  |  |  *- Group: X87344_AF100956+AF027865_sim96_LIN_++_144
|  |  |  |  |         Sorted 1 elements.
|  |  |  |  *- Group: X87344_AF100956+AF027865_sim96_LIN_++_791
|  |  |  |  |         Sorted 1 elements.
|  |  |  |  *- Group: X87344_AF100956+AF027865_sim96_LIN_++_748
|  |  |  |  |         Sorted 1 elements.
|  |  |  |  *- Group: X87344_AF100956+AF027865_sim96_LIN_++_476
|  |  |  |  |         Sorted 1 elements.
|  |  |  |  *- Group: X87344_AF100956+AF027865_sim96_LIN_++_707
|  |  |  |  |         Sorted 1 elements.
|  |  |  |  *- Group: X87344_AF100956+AF027865_sim96_LIN_++_482
|  |  |  |  |         Sorted 1 elements.
|  |  |  |  *- Group: X87344_AF100956+AF027865_sim96_LIN_++_469
|  |  |  |  |         Sorted 1 elements.
|  |  |  |  *- Group: X87344_AF100956+AF027865_sim96_LIN_++_686
|  |  |  |  |         Sorted 1 elements.
|  |  |  |  *- Group: X87344_AF100956+AF027865_sim96_LIN_++_737
|  |  |  |  |         Sorted 1 elements.
|  |  |  |  *- Group: X87344_AF100956+AF027865_sim96_LIN_++_278
|  |  |  |  |         Sorted 1 elements.
|  |  |  |  *- Group: X87344_AF100956+AF027865_sim96_LIN_++_76
|  |  |  |  |         Sorted 1 elements.
|  |  |  |  *- Group: X87344_AF100956+AF027865_sim96_LIN_++_267
|  |  |  |  |         Sorted 1 elements.
|  |  |  |  *- Group: X87344_AF100956+AF027865_sim96_LIN_++_667
|  |  |  |  |         Sorted 1 elements.
|  |  |  |  *- Group: X87344_AF100956+AF027865_sim96_LIN_++_445
|  |  |  |  |         Sorted 1 elements.
|  |  |  |  *- Group: X87344_AF100956+AF027865_sim96_LIN_++_802
|  |  |  |  |         Sorted 1 elements.
|  |  |  |  *- Group: X87344_AF100956+AF027865_sim96_LIN_++_99
|  |  |  |  |         Sorted 1 elements.
|  |  |  |  *- Group: X87344_AF100956+AF027865_sim96_LIN_++_714
|  |  |  |  |         Sorted 1 elements.
|  |  |  |  *- Group: X87344_AF100956+AF027865_sim96_LIN_++_438
|  |  |  |  |         Sorted 1 elements.
|  |  |  |  *- Group: X87344_AF100956+AF027865_sim96_LIN_++_165
|  |  |  |  |         Sorted 1 elements.
|  |  |  |  *- Group: X87344_AF100956+AF027865_sim96_LIN_++_33
|  |  |  |  |         Sorted 1 elements.
|  |  |  |  *- Group: X87344_AF100956+AF027865_sim96_LIN_++_547
|  |  |  |  |         Sorted 1 elements.
|  |  |  |  *- Group: X87344_AF100956+AF027865_sim96_LIN_++_245
|  |  |  |  |         Sorted 1 elements.
|  |  |  |  *- Group: X87344_AF100956+AF027865_sim96_LIN_++_58
|  |  |  |  |         Sorted 1 elements.
|  |  |  |  *- Group: X87344_AF100956+AF027865_sim96_LIN_++_206
|  |  |  |  |         Sorted 1 elements.
|  |  |  |  *- Group: X87344_AF100956+AF027865_sim96_LIN_++_704
|  |  |  |  |         Sorted 1 elements.
|  |  |  |  *- Group: X87344_AF100956+AF027865_sim96_LIN_++_343
|  |  |  |  |         Sorted 1 elements.
|  |  |  |  *- Group: X87344_AF100956+AF027865_sim96_LIN_++_5
|  |  |  |  |         Sorted 1 elements.
|  |  |  |  *- Group: X87344_AF100956+AF027865_sim96_LIN_++_14
|  |  |  |  |         Sorted 1 elements.
|  |  |  |  *- Group: X87344_AF100956+AF027865_sim96_LIN_++_523
|  |  |  |  |         Sorted 1 elements.
|  |  |  |  *- Group: X87344_AF100956+AF027865_sim96_LIN_++_487
|  |  |  |  |         Sorted 1 elements.
|  |  |  |  *- Group: X87344_AF100956+AF027865_sim96_LIN_++_629
|  |  |  |  |         Sorted 1 elements.
|  |  |  |  *- Group: X87344_AF100956+AF027865_sim96_LIN_++_696
|  |  |  |  |         Sorted 1 elements.
|  |  |  |  *- Group: X87344_AF100956+AF027865_sim96_LIN_++_121
|  |  |  |  |         Sorted 1 elements.
|  |  |  |  *- Group: X87344_AF100956+AF027865_sim96_LIN_++_222
|  |  |  |  |         Sorted 1 elements.
|  |  |  |  *- Group: X87344_AF100956+AF027865_sim96_LIN_++_85
|  |  |  |  |         Sorted 1 elements.
|  |  |  |  *- Group: X87344_AF100956+AF027865_sim96_LIN_++_409
|  |  |  |  |         Sorted 1 elements.
|  |  |  |  *- Group: X87344_AF100956+AF027865_sim96_LIN_++_117
|  |  |  |  |         Sorted 1 elements.
|  |  |  |  *- Group: X87344_AF100956+AF027865_sim96_LIN_++_100
|  |  |  |  |         Sorted 1 elements.
|  |  |  |  *- Group: X87344_AF100956+AF027865_sim96_LIN_++_530
|  |  |  |  |         Sorted 1 elements.
|  |  |  |  *- Group: X87344_AF100956+AF027865_sim96_LIN_++_770
|  |  |  |  |         Sorted 1 elements.
|  |  |  |  *- Group: X87344_AF100956+AF027865_sim96_LIN_++_157
|  |  |  |  |         Sorted 1 elements.
|  |  |  |  *- Group: X87344_AF100956+AF027865_sim96_LIN_++_266
|  |  |  |  |         Sorted 1 elements.
|  |  |  |  *- Group: X87344_AF100956+AF027865_sim96_LIN_++_345
|  |  |  |  |         Sorted 1 elements.
|  |  |  |  *- Group: X87344_AF100956+AF027865_sim96_LIN_++_477
|  |  |  |  |         Sorted 1 elements.
|  |  |  |  *- Group: X87344_AF100956+AF027865_sim96_LIN_++_534
|  |  |  |  |         Sorted 1 elements.
|  |  |  |  *- Group: X87344_AF100956+AF027865_sim96_LIN_++_290
|  |  |  |  |         Sorted 1 elements.
|  |  |  |  *- Group: X87344_AF100956+AF027865_sim96_LIN_++_234
|  |  |  |  |         Sorted 1 elements.
|  |  |  |  *- Group: X87344_AF100956+AF027865_sim96_LIN_++_599
|  |  |  |  |         Sorted 1 elements.
|  |  |  |  *- Group: X87344_AF100956+AF027865_sim96_LIN_++_317
|  |  |  |  |         Sorted 1 elements.
|  |  |  |  *- Group: X87344_AF100956+AF027865_sim96_LIN_++_572
|  |  |  |  |         Sorted 1 elements.
|  |  |  |  *- Group: X87344_AF100956+AF027865_sim96_LIN_++_433
|  |  |  |  |         Sorted 1 elements.
|  |  |  |  *- Group: X87344_AF100956+AF027865_sim96_LIN_++_20
|  |  |  |  |         Sorted 1 elements.
|  |  |  |  *- Group: X87344_AF100956+AF027865_sim96_LIN_++_84
|  |  |  |  |         Sorted 1 elements.
|  |  |  |  *- Group: X87344_AF100956+AF027865_sim96_LIN_++_672
|  |  |  |  |         Sorted 1 elements.
|  |  |  |  *- Group: X87344_AF100956+AF027865_sim96_LIN_++_653
|  |  |  |  |         Sorted 1 elements.
|  |  |  |  *- Group: X87344_AF100956+AF027865_sim96_LIN_++_61
|  |  |  |  |         Sorted 1 elements.
|  |  |  |  *- Group: X87344_AF100956+AF027865_sim96_LIN_++_632
|  |  |  |  |         Sorted 1 elements.
|  |  |  |  *- Group: X87344_AF100956+AF027865_sim96_LIN_++_198
|  |  |  |  |         Sorted 1 elements.
|  |  |  |  *- Group: X87344_AF100956+AF027865_sim96_LIN_++_30
|  |  |  |  |         Sorted 1 elements.
|  |  |  |  *- Group: X87344_AF100956+AF027865_sim96_LIN_++_373
|  |  |  |  |         Sorted 1 elements.
|  |  |  |  *- Group: X87344_AF100956+AF027865_sim96_LIN_++_580
|  |  |  |  |         Sorted 1 elements.
|  |  |  |  *- Group: X87344_AF100956+AF027865_sim96_LIN_++_543
|  |  |  |  |         Sorted 1 elements.
|  |  |  |  *- Group: X87344_AF100956+AF027865_sim96_LIN_++_498
|  |  |  |  |         Sorted 1 elements.
|  |  |  |  *- Group: X87344_AF100956+AF027865_sim96_LIN_++_362
|  |  |  |  |         Sorted 1 elements.
|  |  |  |  *- Group: X87344_AF100956+AF027865_sim96_LIN_++_64
|  |  |  |  |         Sorted 1 elements.
|  |  |  |  *- Group: X87344_AF100956+AF027865_sim96_LIN_++_565
|  |  |  |  |         Sorted 1 elements.
|  |  |  |  *- Group: X87344_AF100956+AF027865_sim96_LIN_++_321
|  |  |  |  |         Sorted 1 elements.
|  |  |  |  *- Group: X87344_AF100956+AF027865_sim96_LIN_++_302
|  |  |  |  |         Sorted 1 elements.
|  |  |  |  *- Group: X87344_AF100956+AF027865_sim96_LIN_++_510
|  |  |  |  |         Sorted 1 elements.
|  |  |  |  *- Group: X87344_AF100956+AF027865_sim96_LIN_++_533
|  |  |  |  |         Sorted 1 elements.
|  |  |  |  *- Group: X87344_AF100956+AF027865_sim96_LIN_++_80
|  |  |  |  |         Sorted 1 elements.
|  |  |  |  *- Group: X87344_AF100956+AF027865_sim96_LIN_++_399
|  |  |  |  |         Sorted 1 elements.
|  |  |  |  *- Group: X87344_AF100956+AF027865_sim96_LIN_++_706
|  |  |  |  |         Sorted 1 elements.
|  |  |  |  *- Group: X87344_AF100956+AF027865_sim96_LIN_++_414
|  |  |  |  |         Sorted 1 elements.
|  |  |  |  *- Group: X87344_AF100956+AF027865_sim96_LIN_++_468
|  |  |  |  |         Sorted 1 elements.
|  |  |  |  *- Group: X87344_AF100956+AF027865_sim96_LIN_++_381
|  |  |  |  |         Sorted 1 elements.
|  |  |  |  *- Group: X87344_AF100956+AF027865_sim96_LIN_++_735
|  |  |  |  |         Sorted 1 elements.
|  |  |  |  *- Group: X87344_AF100956+AF027865_sim96_LIN_++_607
|  |  |  |  |         Sorted 1 elements.
|  |  |  |  *- Group: X87344_AF100956+AF027865_sim96_LIN_++_645
|  |  |  |  |         Sorted 1 elements.
|  |  |  |  *- Group: X87344_AF100956+AF027865_sim96_LIN_++_79
|  |  |  |  |         Sorted 1 elements.
|  |  |  |  *- Group: X87344_AF100956+AF027865_sim96_LIN_++_514
|  |  |  |  |         Sorted 1 elements.
|  |  |  |  *- Group: X87344_AF100956+AF027865_sim96_LIN_++_624
|  |  |  |  |         Sorted 1 elements.
|  |  |  |  *- Group: X87344_AF100956+AF027865_sim96_LIN_++_600
|  |  |  |  |         Sorted 1 elements.
|  |  |  |  *- Group: X87344_AF100956+AF027865_sim96_LIN_++_455
|  |  |  |  |         Sorted 1 elements.
|  |  |  |  *- Group: X87344_AF100956+AF027865_sim96_LIN_++_766
|  |  |  |  |         Sorted 1 elements.
|  |  |  |  *- Group: X87344_AF100956+AF027865_sim96_LIN_++_181
|  |  |  |  |         Sorted 1 elements.
|  |  |  |  *- Group: X87344_AF100956+AF027865_sim96_LIN_++_593
|  |  |  |  |         Sorted 1 elements.
|  |  |  |  *- Group: X87344_AF100956+AF027865_sim96_LIN_++_285
|  |  |  |  |         Sorted 1 elements.
|  |  |  |  *- Group: X87344_AF100956+AF027865_sim96_LIN_++_351
|  |  |  |  |         Sorted 1 elements.
|  |  |  |  *- Group: X87344_AF100956+AF027865_sim96_LIN_++_200
|  |  |  |  |         Sorted 1 elements.
|  |  |  |  *- Group: X87344_AF100956+AF027865_sim96_LIN_++_505
|  |  |  |  |         Sorted 1 elements.
|  |  |  |  *- Group: X87344_AF100956+AF027865_sim96_LIN_++_376
|  |  |  |  |         Sorted 1 elements.
|  |  |  |  *- Group: X87344_AF100956+AF027865_sim96_LIN_++_158
|  |  |  |  |         Sorted 1 elements.
|  |  |  |  *- Group: X87344_AF100956+AF027865_sim96_LIN_++_444
|  |  |  |  |         Sorted 1 elements.
|  |  |  |  *- Group: X87344_AF100956+AF027865_sim96_LIN_++_195
|  |  |  |  |         Sorted 1 elements.
|  |  |  |  *- Group: X87344_AF100956+AF027865_sim96_LIN_++_387
|  |  |  |  |         Sorted 1 elements.
|  |  |  |  *- Group: X87344_AF100956+AF027865_sim96_LIN_++_268
|  |  |  |  |         Sorted 1 elements.
|  |  |  |  *- Group: X87344_AF100956+AF027865_sim96_LIN_++_708
|  |  |  |  |         Sorted 1 elements.
|  |  |  |  *- Group: X87344_AF100956+AF027865_sim96_LIN_++_598
|  |  |  |  |         Sorted 1 elements.
|  |  |  |  *- Group: X87344_AF100956+AF027865_sim96_LIN_++_184
|  |  |  |  |         Sorted 1 elements.
|  |  |  |  *- Group: X87344_AF100956+AF027865_sim96_LIN_++_400
|  |  |  |  |         Sorted 1 elements.
|  |  |  |  *- Group: X87344_AF100956+AF027865_sim96_LIN_++_690
|  |  |  |  |         Sorted 1 elements.
|  |  |  |  *- Group: X87344_AF100956+AF027865_sim96_LIN_++_803
|  |  |  |  |         Sorted 1 elements.
|  |  |  |  *- Group: X87344_AF100956+AF027865_sim96_LIN_++_552
|  |  |  |  |         Sorted 1 elements.
|  |  |  |  *- Group: X87344_AF100956+AF027865_sim96_LIN_++_11
|  |  |  |  |         Sorted 1 elements.
|  |  |  |  *- Group: X87344_AF100956+AF027865_sim96_LIN_++_752
|  |  |  |  |         Sorted 1 elements.
|  |  |  |  *- Group: X87344_AF100956+AF027865_sim96_LIN_++_697
|  |  |  |  |         Sorted 1 elements.
|  |  |  |  *- Group: X87344_AF100956+AF027865_sim96_LIN_++_354
|  |  |  |  |         Sorted 1 elements.
|  |  |  |  *- Group: X87344_AF100956+AF027865_sim96_LIN_++_464
|  |  |  |  |         Sorted 1 elements.
|  |  |  |  *- Group: X87344_AF100956+AF027865_sim96_LIN_++_258
|  |  |  |  |         Sorted 1 elements.
|  |  |  |  *- Group: X87344_AF100956+AF027865_sim96_LIN_++_807
|  |  |  |  |         Sorted 1 elements.
|  |  |  |  *- Group: X87344_AF100956+AF027865_sim96_LIN_++_764
|  |  |  |  |         Sorted 1 elements.
|  |  |  |  *- Group: X87344_AF100956+AF027865_sim96_LIN_++_209
|  |  |  |  |         Sorted 1 elements.
|  |  |  |  *- Group: X87344_AF100956+AF027865_sim96_LIN_++_176
|  |  |  |  |         Sorted 1 elements.
|  |  |  |  *- Group: X87344_AF100956+AF027865_sim96_LIN_++_539
|  |  |  |  |         Sorted 1 elements.
|  |  |  |  *- Group: X87344_AF100956+AF027865_sim96_LIN_++_711
|  |  |  |  |         Sorted 1 elements.
|  |  |  |  *- Group: X87344_AF100956+AF027865_sim96_LIN_++_193
|  |  |  |  |         Sorted 1 elements.
|  |  |  |  *- Group: X87344_AF100956+AF027865_sim96_LIN_++_627
|  |  |  |  |         Sorted 1 elements.
|  |  |  |  *- Group: X87344_AF100956+AF027865_sim96_LIN_++_636
|  |  |  |  |         Sorted 1 elements.
|  |  |  |  *- Group: X87344_AF100956+AF027865_sim96_LIN_++_597
|  |  |  |  |         Sorted 1 elements.
|  |  |  |  *- Group: X87344_AF100956+AF027865_sim96_LIN_++_166
|  |  |  |  |         Sorted 1 elements.
|  |  |  |  *- Group: X87344_AF100956+AF027865_sim96_LIN_++_709
|  |  |  |  |         Sorted 1 elements.
|  |  |  |  *- Group: X87344_AF100956+AF027865_sim96_LIN_++_141
|  |  |  |  |         Sorted 1 elements.
|  |  |  |  *- Group: X87344_AF100956+AF027865_sim96_LIN_++_239
|  |  |  |  |         Sorted 1 elements.
|  |  |  |  *- Group: X87344_AF100956+AF027865_sim96_LIN_++_465
|  |  |  |  |         Sorted 1 elements.
|  |  |  |  *- Group: X87344_AF100956+AF027865_sim96_LIN_++_733
|  |  |  |  |         Sorted 1 elements.
|  |  |  |  *- Group: X87344_AF100956+AF027865_sim96_LIN_++_216
|  |  |  |  |         Sorted 1 elements.
|  |  |  |  *- Group: X87344_AF100956+AF027865_sim96_LIN_++_301
|  |  |  |  |         Sorted 1 elements.
|  |  |  |  *- Group: X87344_AF100956+AF027865_sim96_LIN_++_159
|  |  |  |  |         Sorted 1 elements.
|  |  |  |  *- Group: X87344_AF100956+AF027865_sim96_LIN_++_614
|  |  |  |  |         Sorted 1 elements.
|  |  |  |  *- Group: X87344_AF100956+AF027865_sim96_LIN_++_7
|  |  |  |  |         Sorted 1 elements.
|  |  |  |  *- Group: X87344_AF100956+AF027865_sim96_LIN_++_45
|  |  |  |  |         Sorted 1 elements.
|  |  |  |  *- Group: X87344_AF100956+AF027865_sim96_LIN_++_329
|  |  |  |  |         Sorted 1 elements.
|  |  |  |  *- Group: X87344_AF100956+AF027865_sim96_LIN_++_538
|  |  |  |  |         Sorted 1 elements.
|  |  |  |  *- Group: X87344_AF100956+AF027865_sim96_LIN_++_416
|  |  |  |  |         Sorted 1 elements.
|  |  |  |  *- Group: X87344_AF100956+AF027865_sim96_LIN_++_745
|  |  |  |  |         Sorted 1 elements.
|  |  |  |  *- Group: X87344_AF100956+AF027865_sim96_LIN_++_800
|  |  |  |  |         Sorted 1 elements.
|  |  |  |  *- Group: X87344_AF100956+AF027865_sim96_LIN_++_792
|  |  |  |  |         Sorted 1 elements.
|  |  |  |  *- Group: X87344_AF100956+AF027865_sim96_LIN_++_589
|  |  |  |  |         Sorted 1 elements.
|  |  |  |  *- Group: X87344_AF100956+AF027865_sim96_LIN_++_101
|  |  |  |  |         Sorted 1 elements.
|  |  |  |  *- Group: X87344_AF100956+AF027865_sim96_LIN_++_52
|  |  |  |  |         Sorted 1 elements.
|  |  |  |  *- Group: X87344_AF100956+AF027865_sim96_LIN_++_122
|  |  |  |  |         Sorted 1 elements.
|  |  |  |  *- Group: X87344_AF100956+AF027865_sim96_LIN_++_789
|  |  |  |  |         Sorted 1 elements.
|  |  |  |  *- Group: X87344_AF100956+AF027865_sim96_LIN_++_77
|  |  |  |  |         Sorted 1 elements.
|  |  |  |  *- Group: X87344_AF100956+AF027865_sim96_LIN_++_649
|  |  |  |  |         Sorted 1 elements.
|  |  |  |  *- Group: X87344_AF100956+AF027865_sim96_LIN_++_112
|  |  |  |  |         Sorted 1 elements.
|  |  |  |  *- Group: X87344_AF100956+AF027865_sim96_LIN_++_340
|  |  |  |  |         Sorted 1 elements.
|  |  |  |  *- Group: X87344_AF100956+AF027865_sim96_LIN_++_408
|  |  |  |  |         Sorted 1 elements.
|  |  |  |  *- Group: X87344_AF100956+AF027865_sim96_LIN_++_280
|  |  |  |  |         Sorted 1 elements.
|  |  |  |  *- Group: X87344_AF100956+AF027865_sim96_LIN_++_63
|  |  |  |  |         Sorted 1 elements.
|  |  |  |  *- Group: X87344_AF100956+AF027865_sim96_LIN_++_393
|  |  |  |  |         Sorted 1 elements.
|  |  |  |  *- Group: X87344_AF100956+AF027865_sim96_LIN_++_743
|  |  |  |  |         Sorted 1 elements.
|  |  |  |  *- Group: X87344_AF100956+AF027865_sim96_LIN_++_252
|  |  |  |  |         Sorted 1 elements.
|  |  |  |  *- Group: X87344_AF100956+AF027865_sim96_LIN_++_312
|  |  |  |  |         Sorted 1 elements.
|  |  |  |  *- Group: X87344_AF100956+AF027865_sim96_LIN_++_342
|  |  |  |  |         Sorted 1 elements.
|  |  |  |  *- Group: X87344_AF100956+AF027865_sim96_LIN_++_339
|  |  |  |  |         Sorted 1 elements.
|  |  |  |  *- Group: X87344_AF100956+AF027865_sim96_LIN_++_659
|  |  |  |  |         Sorted 1 elements.
|  |  |  |  *- Group: X87344_AF100956+AF027865_sim96_LIN_++_475
|  |  |  |  |         Sorted 1 elements.
|  |  |  |  *- Group: X87344_AF100956+AF027865_sim96_LIN_++_546
|  |  |  |  |         Sorted 1 elements.
|  |  |  |  *- Group: X87344_AF100956+AF027865_sim96_LIN_++_660
|  |  |  |  |         Sorted 1 elements.
|  |  |  |  *- Group: X87344_AF100956+AF027865_sim96_LIN_++_307
|  |  |  |  |         Sorted 1 elements.
|  |  |  |  *- Group: X87344_AF100956+AF027865_sim96_LIN_++_682
|  |  |  |  |         Sorted 1 elements.
|  |  |  |  *- Group: X87344_AF100956+AF027865_sim96_LIN_++_576
|  |  |  |  |         Sorted 1 elements.
|  |  |  |  *- Group: X87344_AF100956+AF027865_sim96_LIN_++_726
|  |  |  |  |         Sorted 1 elements.
|  |  |  |  *- Group: X87344_AF100956+AF027865_sim96_LIN_++_633
|  |  |  |  |         Sorted 1 elements.
|  |  |  |  *- Group: X87344_AF100956+AF027865_sim96_LIN_++_765
|  |  |  |  |         Sorted 1 elements.
|  |  |  |  *- Group: X87344_AF100956+AF027865_sim96_LIN_++_553
|  |  |  |  |         Sorted 1 elements.
|  |  |  |  *- Group: X87344_AF100956+AF027865_sim96_LIN_++_38
|  |  |  |  |         Sorted 1 elements.
|  |  |  |  *- Group: X87344_AF100956+AF027865_sim96_LIN_++_323
|  |  |  |  |         Sorted 1 elements.
|  |  |  |  *- Group: X87344_AF100956+AF027865_sim96_LIN_++_391
|  |  |  |  |         Sorted 1 elements.
|  |  |  |  *- Group: X87344_AF100956+AF027865_sim96_LIN_++_794
|  |  |  |  |         Sorted 1 elements.
|  |  |  |  *- Group: X87344_AF100956+AF027865_sim96_LIN_++_383
|  |  |  |  |         Sorted 1 elements.
|  |  |  |  *- Group: X87344_AF100956+AF027865_sim96_LIN_++_458
|  |  |  |  |         Sorted 1 elements.
|  |  |  |  *- Group: X87344_AF100956+AF027865_sim96_LIN_++_286
|  |  |  |  |         Sorted 1 elements.
|  |  |  |  *- Group: X87344_AF100956+AF027865_sim96_LIN_++_663
|  |  |  |  |         Sorted 1 elements.
|  |  |  |  *- Group: X87344_AF100956+AF027865_sim96_LIN_++_525
|  |  |  |  |         Sorted 1 elements.
|  |  |  |  *- Group: X87344_AF100956+AF027865_sim96_LIN_++_644
|  |  |  |  |         Sorted 1 elements.
|  |  |  |  *- Group: X87344_AF100956+AF027865_sim96_LIN_++_170
|  |  |  |  |         Sorted 1 elements.
|  |  |  |  *- Group: X87344_AF100956+AF027865_sim96_LIN_++_277
|  |  |  |  |         Sorted 1 elements.
|  |  |  |  *- Group: X87344_AF100956+AF027865_sim96_LIN_++_788
|  |  |  |  |         Sorted 1 elements.
|  |  |  |  *- Group: X87344_AF100956+AF027865_sim96_LIN_++_606
|  |  |  |  |         Sorted 1 elements.
|  |  |  |  *- Group: X87344_AF100956+AF027865_sim96_LIN_++_134
|  |  |  |  |         Sorted 1 elements.
|  |  |  |  *- Group: X87344_AF100956+AF027865_sim96_LIN_++_429
|  |  |  |  |         Sorted 1 elements.
|  |  |  |  *- Group: X87344_AF100956+AF027865_sim96_LIN_++_293
|  |  |  |  |         Sorted 1 elements.
|  |  |  |  *- Group: X87344_AF100956+AF027865_sim96_LIN_++_420
|  |  |  |  |         Sorted 1 elements.
|  |  |  |  *- Group: X87344_AF100956+AF027865_sim96_LIN_++_28
|  |  |  |  |         Sorted 1 elements.
|  |  |  |  *- Group: X87344_AF100956+AF027865_sim96_LIN_++_508
|  |  |  |  |         Sorted 1 elements.
|  |  |  |  *- Group: X87344_AF100956+AF027865_sim96_LIN_++_761
|  |  |  |  |         Sorted 1 elements.
|  |  |  |  *- Group: X87344_AF100956+AF027865_sim96_LIN_++_611
|  |  |  |  |         Sorted 1 elements.
|  |  |  |  *- Group: X87344_AF100956+AF027865_sim96_LIN_++_643
|  |  |  |  |         Sorted 1 elements.
|  |  |  |  *- Group: X87344_AF100956+AF027865_sim96_LIN_++_421
|  |  |  |  |         Sorted 1 elements.
|  |  |  |  *- Group: X87344_AF100956+AF027865_sim96_LIN_++_123
|  |  |  |  |         Sorted 1 elements.
|  |  |  |  *- Group: X87344_AF100956+AF027865_sim96_LIN_++_78
|  |  |  |  |         Sorted 1 elements.
|  |  |  |  *- Group: X87344_AF100956+AF027865_sim96_LIN_++_262
|  |  |  |  |         Sorted 1 elements.
|  |  |  |  *- Group: X87344_AF100956+AF027865_sim96_LIN_++_341
|  |  |  |  |         Sorted 1 elements.
|  |  |  |  *- Group: X87344_AF100956+AF027865_sim96_LIN_++_746
|  |  |  |  |         Sorted 1 elements.
|  |  |  |  *- Group: X87344_AF100956+AF027865_sim96_LIN_++_375
|  |  |  |  |         Sorted 1 elements.
|  |  |  |  *- Group: X87344_AF100956+AF027865_sim96_LIN_++_6
|  |  |  |  |         Sorted 1 elements.
|  |  |  |  *- Group: X87344_AF100956+AF027865_sim96_LIN_++_497
|  |  |  |  |         Sorted 1 elements.
|  |  |  |  *- Group: X87344_AF100956+AF027865_sim96_LIN_++_432
|  |  |  |  |         Sorted 1 elements.
|  |  |  |  *- Group: X87344_AF100956+AF027865_sim96_LIN_++_175
|  |  |  |  |         Sorted 1 elements.
|  |  |  |  *- Group: X87344_AF100956+AF027865_sim96_LIN_++_678
|  |  |  |  |         Sorted 1 elements.
|  |  |  |  *- Group: X87344_AF100956+AF027865_sim96_LIN_++_111
|  |  |  |  |         Sorted 1 elements.
|  |  |  |  *- Group: X87344_AF100956+AF027865_sim96_LIN_++_194
|  |  |  |  |         Sorted 1 elements.
|  |  |  |  *- Group: X87344_AF100956+AF027865_sim96_LIN_++_304
|  |  |  |  |         Sorted 1 elements.
|  |  |  |  *- Group: X87344_AF100956+AF027865_sim96_LIN_++_466
|  |  |  |  |         Sorted 1 elements.
|  |  |  |  *- Group: X87344_AF100956+AF027865_sim96_LIN_++_628
|  |  |  |  |         Sorted 1 elements.
|  |  |  |  *- Group: X87344_AF100956+AF027865_sim96_LIN_++_605
|  |  |  |  |         Sorted 1 elements.
|  |  |  |  *- Group: X87344_AF100956+AF027865_sim96_LIN_++_698
|  |  |  |  |         Sorted 1 elements.
|  |  |  |  *- Group: X87344_AF100956+AF027865_sim96_LIN_++_136
|  |  |  |  |         Sorted 1 elements.
|  |  |  |  *- Group: X87344_AF100956+AF027865_sim96_LIN_++_247
|  |  |  |  |         Sorted 1 elements.
|  |  |  |  *- Group: X87344_AF100956+AF027865_sim96_LIN_++_744
|  |  |  |  |         Sorted 1 elements.
|  |  |  |  *- Group: X87344_AF100956+AF027865_sim96_LIN_++_31
|  |  |  |  |         Sorted 1 elements.
|  |  |  |  *- Group: X87344_AF100956+AF027865_sim96_LIN_++_182
|  |  |  |  |         Sorted 1 elements.
|  |  |  |  *- Group: X87344_AF100956+AF027865_sim96_LIN_++_456
|  |  |  |  |         Sorted 1 elements.
|  |  |  |  *- Group: X87344_AF100956+AF027865_sim96_LIN_++_415
|  |  |  |  |         Sorted 1 elements.
|  |  |  |  *- Group: X87344_AF100956+AF027865_sim96_LIN_++_39
|  |  |  |  |         Sorted 1 elements.
|  |  |  |  *- Group: X87344_AF100956+AF027865_sim96_LIN_++_220
|  |  |  |  |         Sorted 1 elements.
|  |  |  |  *- Group: X87344_AF100956+AF027865_sim96_LIN_++_367
|  |  |  |  |         Sorted 1 elements.
|  |  |  |  *- Group: X87344_AF100956+AF027865_sim96_LIN_++_360
|  |  |  |  |         Sorted 1 elements.
|  |  |  |  *- Group: X87344_AF100956+AF027865_sim96_LIN_++_780
|  |  |  |  |         Sorted 1 elements.
|  |  |  |  *- Group: X87344_AF100956+AF027865_sim96_LIN_++_204
|  |  |  |  |         Sorted 1 elements.
|  |  |  |  *- Group: X87344_AF100956+AF027865_sim96_LIN_++_88
|  |  |  |  |         Sorted 1 elements.
|  |  |  |  *- Group: X87344_AF100956+AF027865_sim96_LIN_++_51
|  |  |  |  |         Sorted 1 elements.
|  |  |  |  *- Group: X87344_AF100956+AF027865_sim96_LIN_++_560
|  |  |  |  |         Sorted 1 elements.
|  |  |  |  *- Group: X87344_AF100956+AF027865_sim96_LIN_++_98
|  |  |  |  |         Sorted 1 elements.
|  |  |  |  *- Group: X87344_AF100956+AF027865_sim96_LIN_++_257
|  |  |  |  |         Sorted 1 elements.
|  |  |  |  *- Group: X87344_AF100956+AF027865_sim96_LIN_++_592
|  |  |  |  |         Sorted 1 elements.
|  |  |  |  *- Group: X87344_AF100956+AF027865_sim96_LIN_++_638
|  |  |  |  |         Sorted 1 elements.
|  |  |  |  *- Group: X87344_AF100956+AF027865_sim96_LIN_++_332
|  |  |  |  |         Sorted 1 elements.
|  |  |  |  *- Group: X87344_AF100956+AF027865_sim96_LIN_++_564
|  |  |  |  |         Sorted 1 elements.
|  |  |  |  *- Group: X87344_AF100956+AF027865_sim96_LIN_++_142
|  |  |  |  |         Sorted 1 elements.
|  |  |  |  *- Group: X87344_AF100956+AF027865_sim96_LIN_++_801
|  |  |  |  |         Sorted 1 elements.
|  |  |  |  *- Group: X87344_AF100956+AF027865_sim96_LIN_++_328
|  |  |  |  |         Sorted 1 elements.
|  |  |  |  *- Group: X87344_AF100956+AF027865_sim96_LIN_++_12
|  |  |  |  |         Sorted 1 elements.
|  |  |  |  *- Group: X87344_AF100956+AF027865_sim96_LIN_++_300
|  |  |  |  |         Sorted 1 elements.
|  |  |  |  *- Group: X87344_AF100956+AF027865_sim96_LIN_++_637
|  |  |  |  |         Sorted 1 elements.
|  |  |  |  *- Group: X87344_AF100956+AF027865_sim96_LIN_++_670
|  |  |  |  |         Sorted 1 elements.
|  |  |  |  *- Group: X87344_AF100956+AF027865_sim96_LIN_++_368
|  |  |  |  |         Sorted 1 elements.
|  |  |  |  *- Group: X87344_AF100956+AF027865_sim96_LIN_++_269
|  |  |  |  |         Sorted 1 elements.
|  |  |  |  *- Group: X87344_AF100956+AF027865_sim96_LIN_++_29
|  |  |  |  |         Sorted 1 elements.
|  |  |  |  *- Group: X87344_AF100956+AF027865_sim96_LIN_++_40
|  |  |  |  |         Sorted 1 elements.
|  |  |  |  *- Group: X87344_AF100956+AF027865_sim96_LIN_++_384
|  |  |  |  |         Sorted 1 elements.
|  |  |  |  *- Group: X87344_AF100956+AF027865_sim96_LIN_++_712
|  |  |  |  |         Sorted 1 elements.
|  |  |  |  *- Group: X87344_AF100956+AF027865_sim96_LIN_++_295
|  |  |  |  |         Sorted 1 elements.
|  |  |  |  *- Group: X87344_AF100956+AF027865_sim96_LIN_++_522
|  |  |  |  |         Sorted 1 elements.
|  |  |  |  *- Group: X87344_AF100956+AF027865_sim96_LIN_++_551
|  |  |  |  |         Sorted 1 elements.
|  |  |  |  *- Group: X87344_AF100956+AF027865_sim96_LIN_++_545
|  |  |  |  |         Sorted 1 elements.
|  |  |  |  *- Group: X87344_AF100956+AF027865_sim96_LIN_++_127
|  |  |  |  |         Sorted 1 elements.
|  |  |  |  *- Group: X87344_AF100956+AF027865_sim96_LIN_++_725
|  |  |  |  |         Sorted 1 elements.
|  |  |  |  *- Group: X87344_AF100956+AF027865_sim96_LIN_++_322
|  |  |  |  |         Sorted 1 elements.
|  |  |  |  *- Group: X87344_AF100956+AF027865_sim96_LIN_++_240
|  |  |  |  |         Sorted 1 elements.
|  |  |  |  *- Group: X87344_AF100956+AF027865_sim96_LIN_++_306
|  |  |  |  |         Sorted 1 elements.
|  |  |  |  *- Group: X87344_AF100956+AF027865_sim96_LIN_++_683
|  |  |  |  |         Sorted 1 elements.
|  |  |  |  *- Group: X87344_AF100956+AF027865_sim96_LIN_++_160
|  |  |  |  |         Sorted 1 elements.
|  |  |  |  *- Group: X87344_AF100956+AF027865_sim96_LIN_++_283
|  |  |  |  |         Sorted 1 elements.
|  |  |  |  *- Group: X87344_AF100956+AF027865_sim96_LIN_++_178
|  |  |  |  |         Sorted 1 elements.
|  |  |  |  *- Group: X87344_AF100956+AF027865_sim96_LIN_++_474
|  |  |  |  |         Sorted 1 elements.
|  |  |  |  *- Group: X87344_AF100956+AF027865_sim96_LIN_++_567
|  |  |  |  |         Sorted 1 elements.
|  |  |  |  *- Group: X87344_AF100956+AF027865_sim96_LIN_++_133
|  |  |  |  |         Sorted 1 elements.
|  |  |  |  *- Group: X87344_AF100956+AF027865_sim96_LIN_++_196
|  |  |  |  |         Sorted 1 elements.
|  |  |  |  *- Group: X87344_AF100956+AF027865_sim96_LIN_++_119
|  |  |  |  |         Sorted 1 elements.
|  |  |  |  *- Group: X87344_AF100956+AF027865_sim96_LIN_++_90
|  |  |  |  |         Sorted 1 elements.
|  |  |  |  *- Group: X87344_AF100956+AF027865_sim96_LIN_++_22
|  |  |  |  |         Sorted 1 elements.
|  |  |  |  *- Group: X87344_AF100956+AF027865_sim96_LIN_++_490
|  |  |  |  |         Sorted 1 elements.
|  |  |  |  *- Group: X87344_AF100956+AF027865_sim96_LIN_++_102
|  |  |  |  |         Sorted 1 elements.
|  |  |  |  *- Group: X87344_AF100956+AF027865_sim96_LIN_++_622
|  |  |  |  |         Sorted 1 elements.
|  |  |  |  *- Group: X87344_AF100956+AF027865_sim96_LIN_++_435
|  |  |  |  |         Sorted 1 elements.
|  |  |  |  *- Group: X87344_AF100956+AF027865_sim96_LIN_++_662
|  |  |  |  |         Sorted 1 elements.
|  |  |  |  *- Group: X87344_AF100956+AF027865_sim96_LIN_++_689
|  |  |  |  |         Sorted 1 elements.
|  |  |  |  *- Group: X87344_AF100956+AF027865_sim96_LIN_++_270
|  |  |  |  |         Sorted 1 elements.
|  |  |  |  *- Group: X87344_AF100956+AF027865_sim96_LIN_++_66
|  |  |  |  |         Sorted 1 elements.
|  |  |  |  *- Group: X87344_AF100956+AF027865_sim96_LIN_++_656
|  |  |  |  |         Sorted 1 elements.
|  |  |  |  *- Group: X87344_AF100956+AF027865_sim96_LIN_++_596
|  |  |  |  |         Sorted 1 elements.
|  |  |  |  *- Group: X87344_AF100956+AF027865_sim96_LIN_++_233
|  |  |  |  |         Sorted 1 elements.
|  |  |  |  *- Group: X87344_AF100956+AF027865_sim96_LIN_++_799
|  |  |  |  |         Sorted 1 elements.
|  |  |  |  *- Group: X87344_AF100956+AF027865_sim96_LIN_++_480
|  |  |  |  |         Sorted 1 elements.
|  |  |  |  *- Group: X87344_AF100956+AF027865_sim96_LIN_++_751
|  |  |  |  |         Sorted 1 elements.
|  |  |  |  *- Group: X87344_AF100956+AF027865_sim96_LIN_++_531
|  |  |  |  |         Sorted 1 elements.
|  |  |  |  *- Group: X87344_AF100956+AF027865_sim96_LIN_++_695
|  |  |  |  |         Sorted 1 elements.
|  |  |  |  *- Group: X87344_AF100956+AF027865_sim96_LIN_++_37
|  |  |  |  |         Sorted 1 elements.
|  |  |  |  *- Group: X87344_AF100956+AF027865_sim96_LIN_++_680
|  |  |  |  |         Sorted 1 elements.
|  |  |  |  *- Group: X87344_AF100956+AF027865_sim96_LIN_++_120
|  |  |  |  |         Sorted 1 elements.
|  |  |  |  *- Group: X87344_AF100956+AF027865_sim96_LIN_++_793
|  |  |  |  |         Sorted 1 elements.
|  |  |  |  *- Group: X87344_AF100956+AF027865_sim96_LIN_++_699
|  |  |  |  |         Sorted 1 elements.
|  |  |  |  *- Group: X87344_AF100956+AF027865_sim96_LIN_++_776
|  |  |  |  |         Sorted 1 elements.
|  |  |  |  *- Group: X87344_AF100956+AF027865_sim96_LIN_++_109
|  |  |  |  |         Sorted 1 elements.
|  |  |  |  *- Group: X87344_AF100956+AF027865_sim96_LIN_++_673
|  |  |  |  |         Sorted 1 elements.
|  |  |  |  *- Group: X87344_AF100956+AF027865_sim96_LIN_++_338
|  |  |  |  |         Sorted 1 elements.
|  |  |  |  *- Group: X87344_AF100956+AF027865_sim96_LIN_++_575
|  |  |  |  |         Sorted 1 elements.
|  |  |  |  *- Group: X87344_AF100956+AF027865_sim96_LIN_++_292
|  |  |  |  |         Sorted 1 elements.
|  |  |  |  *- Group: X87344_AF100956+AF027865_sim96_LIN_++_313
|  |  |  |  |         Sorted 1 elements.
|  |  |  |  *- Group: X87344_AF100956+AF027865_sim96_LIN_++_428
|  |  |  |  |         Sorted 1 elements.
|  |  |  |  *- Group: X87344_AF100956+AF027865_sim96_LIN_++_50
|  |  |  |  |         Sorted 1 elements.
|  |  |  |  *- Group: X87344_AF100956+AF027865_sim96_LIN_++_462
|  |  |  |  |         Sorted 1 elements.
|  |  |  |  *- Group: X87344_AF100956+AF027865_sim96_LIN_++_230
|  |  |  |  |         Sorted 1 elements.
|  |  |  |  *- Group: X87344_AF100956+AF027865_sim96_LIN_++_108
|  |  |  |  |         Sorted 1 elements.
|  |  |  |  *- Group: X87344_AF100956+AF027865_sim96_LIN_++_81
|  |  |  |  |         Sorted 1 elements.
|  |  |  |  *- Group: X87344_AF100956+AF027865_sim96_LIN_++_457
|  |  |  |  |         Sorted 1 elements.
|  |  |  |  *- Group: X87344_AF100956+AF027865_sim96_LIN_++_620
|  |  |  |  |         Sorted 1 elements.
|  |  |  |  *- Group: X87344_AF100956+AF027865_sim96_LIN_++_305
|  |  |  |  |         Sorted 1 elements.
|  |  |  |  *- Group: X87344_AF100956+AF027865_sim96_LIN_++_390
|  |  |  |  |         Sorted 1 elements.
|  |  |  |  *- Group: X87344_AF100956+AF027865_sim96_LIN_++_402
|  |  |  |  |         Sorted 1 elements.
|  |  |  |  *- Group: X87344_AF100956+AF027865_sim96_LIN_++_642
|  |  |  |  |         Sorted 1 elements.
|  |  |  |  *- Group: X87344_AF100956+AF027865_sim96_LIN_++_634
|  |  |  |  |         Sorted 1 elements.
|  |  |  |  *- Group: X87344_AF100956+AF027865_sim96_LIN_++_261
|  |  |  |  |         Sorted 1 elements.
|  |  |  |  *- Group: X87344_AF100956+AF027865_sim96_LIN_++_110
|  |  |  |  |         Sorted 1 elements.
|  |  |  |  *- Group: X87344_AF100956+AF027865_sim96_LIN_++_489
|  |  |  |  |         Sorted 1 elements.
|  |  |  |  *- Group: X87344_AF100956+AF027865_sim96_LIN_++_389
|  |  |  |  |         Sorted 1 elements.
|  |  |  |  *- Group: X87344_AF100956+AF027865_sim96_LIN_++_762
|  |  |  |  |         Sorted 1 elements.
|  |  |  |  *- Group: X87344_AF100956+AF027865_sim96_LIN_++_336
|  |  |  |  |         Sorted 1 elements.
|  |  |  |  *- Group: X87344_AF100956+AF027865_sim96_LIN_++_172
|  |  |  |  |         Sorted 1 elements.
|  |  |  |  *- Group: X87344_AF100956+AF027865_sim96_LIN_++_250
|  |  |  |  |         Sorted 1 elements.
|  |  |  |  *- Group: X87344_AF100956+AF027865_sim96_LIN_++_377
|  |  |  |  |         Sorted 1 elements.
|  |  |  |  *- Group: X87344_AF100956+AF027865_sim96_LIN_++_42
|  |  |  |  |         Sorted 1 elements.
|  |  |  |  *- Group: X87344_AF100956+AF027865_sim96_LIN_++_718
|  |  |  |  |         Sorted 1 elements.
|  |  |  |  *- Group: X87344_AF100956+AF027865_sim96_LIN_++_103
|  |  |  |  |         Sorted 1 elements.
|  |  |  |  *- Group: X87344_AF100956+AF027865_sim96_LIN_++_65
|  |  |  |  |         Sorted 1 elements.
|  |  |  |  *- Group: X87344_AF100956+AF027865_sim96_LIN_++_57
|  |  |  |  |         Sorted 1 elements.
|  |  |  |  *- Group: X87344_AF100956+AF027865_sim96_LIN_++_651
|  |  |  |  |         Sorted 1 elements.
|  |  |  |  *- Group: X87344_AF100956+AF027865_sim96_LIN_++_579
|  |  |  |  |         Sorted 1 elements.
|  |  |  |  *- Group: X87344_AF100956+AF027865_sim96_LIN_++_201
|  |  |  |  |         Sorted 1 elements.
|  |  |  |  *- Group: X87344_AF100956+AF027865_sim96_LIN_++_279
|  |  |  |  |         Sorted 1 elements.
|  |  |  |  *- Group: X87344_AF100956+AF027865_sim96_LIN_++_256
|  |  |  |  |         Sorted 1 elements.
|  |  |  |  *- Group: X87344_AF100956+AF027865_sim96_LIN_++_778
|  |  |  |  |         Sorted 1 elements.
|  |  |  |  *- Group: X87344_AF100956+AF027865_sim96_LIN_++_124
|  |  |  |  |         Sorted 1 elements.
|  |  |  |  *- Group: X87344_AF100956+AF027865_sim96_LIN_++_418
|  |  |  |  |         Sorted 1 elements.
|  |  |  |  *- Group: X87344_AF100956+AF027865_sim96_LIN_++_72
|  |  |  |  |         Sorted 1 elements.
|  |  |  |  *- Group: X87344_AF100956+AF027865_sim96_LIN_++_759
|  |  |  |  |         Sorted 1 elements.
|  |  |  |  *- Group: X87344_AF100956+AF027865_sim96_LIN_++_191
|  |  |  |  |         Sorted 1 elements.
|  |  |  |  *- Group: X87344_AF100956+AF027865_sim96_LIN_++_310
|  |  |  |  |         Sorted 1 elements.
|  |  |  |  *- Group: X87344_AF100956+AF027865_sim96_LIN_++_440
|  |  |  |  |         Sorted 1 elements.
|  |  |  |  *- Group: X87344_AF100956+AF027865_sim96_LIN_++_24
|  |  |  |  |         Sorted 1 elements.
|  |  |  |  *- Group: X87344_AF100956+AF027865_sim96_LIN_++_492
|  |  |  |  |         Sorted 1 elements.
|  |  |  |  *- Group: X87344_AF100956+AF027865_sim96_LIN_++_92
|  |  |  |  |         Sorted 1 elements.
|  |  |  |  *- Group: X87344_AF100956+AF027865_sim96_LIN_++_732
|  |  |  |  |         Sorted 1 elements.
|  |  |  |  *- Group: X87344_AF100956+AF027865_sim96_LIN_++_207
|  |  |  |  |         Sorted 1 elements.
|  |  |  |  *- Group: X87344_AF100956+AF027865_sim96_LIN_++_348
|  |  |  |  |         Sorted 1 elements.
|  |  |  |  *- Group: X87344_AF100956+AF027865_sim96_LIN_++_264
|  |  |  |  |         Sorted 1 elements.
|  |  |  |  *- Group: X87344_AF100956+AF027865_sim96_LIN_++_648
|  |  |  |  |         Sorted 1 elements.
|  |  |  |  *- Group: X87344_AF100956+AF027865_sim96_LIN_++_244
|  |  |  |  |         Sorted 1 elements.
|  |  |  |  *- Group: X87344_AF100956+AF027865_sim96_LIN_++_537
|  |  |  |  |         Sorted 1 elements.
|  |  |  |  *- Group: X87344_AF100956+AF027865_sim96_LIN_++_774
|  |  |  |  |         Sorted 1 elements.
|  |  |  |  *- Group: X87344_AF100956+AF027865_sim96_LIN_++_483
|  |  |  |  |         Sorted 1 elements.
|  |  |  |  *- Group: X87344_AF100956+AF027865_sim96_LIN_++_561
|  |  |  |  |         Sorted 1 elements.
|  |  |  |  *- Group: X87344_AF100956+AF027865_sim96_LIN_++_232
|  |  |  |  |         Sorted 1 elements.
|  |  |  |  *- Group: X87344_AF100956+AF027865_sim96_LIN_++_449
|  |  |  |  |         Sorted 1 elements.
|  |  |  |  *- Group: X87344_AF100956+AF027865_sim96_LIN_++_701
|  |  |  |  |         Sorted 1 elements.
|  |  |  |  *- Group: X87344_AF100956+AF027865_sim96_LIN_++_566
|  |  |  |  |         Sorted 1 elements.
|  |  |  |  *- Group: X87344_AF100956+AF027865_sim96_LIN_++_315
|  |  |  |  |         Sorted 1 elements.
|  |  |  |  *- Group: X87344_AF100956+AF027865_sim96_LIN_++_385
|  |  |  |  |         Sorted 1 elements.
|  |  |  |  *- Group: X87344_AF100956+AF027865_sim96_LIN_++_790
|  |  |  |  |         Sorted 1 elements.
|  |  |  |  *- Group: X87344_AF100956+AF027865_sim96_LIN_++_693
|  |  |  |  |         Sorted 1 elements.
|  |  |  |  *- Group: X87344_AF100956+AF027865_sim96_LIN_++_135
|  |  |  |  |         Sorted 1 elements.
|  |  |  |  *- Group: X87344_AF100956+AF027865_sim96_LIN_++_544
|  |  |  |  |         Sorted 1 elements.
|  |  |  |  *- Group: X87344_AF100956+AF027865_sim96_LIN_++_355
|  |  |  |  |         Sorted 1 elements.
|  |  |  |  *- Group: X87344_AF100956+AF027865_sim96_LIN_++_723
|  |  |  |  |         Sorted 1 elements.
|  |  |  |  *- Group: X87344_AF100956+AF027865_sim96_LIN_++_365
|  |  |  |  |         Sorted 1 elements.
|  |  |  |  *- Group: X87344_AF100956+AF027865_sim96_LIN_++_395
|  |  |  |  |         Sorted 1 elements.
|  |  |  |  *- Group: X87344_AF100956+AF027865_sim96_LIN_++_410
|  |  |  |  |         Sorted 1 elements.
|  |  |  |  *- Group: X87344_AF100956+AF027865_sim96_LIN_++_106
|  |  |  |  |         Sorted 1 elements.
|  |  |  |  *- Group: X87344_AF100956+AF027865_sim96_LIN_++_241
|  |  |  |  |         Sorted 1 elements.
|  |  |  |  *- Group: X87344_AF100956+AF027865_sim96_LIN_++_731
|  |  |  |  |         Sorted 1 elements.
|  |  |  |  *- Group: X87344_AF100956+AF027865_sim96_LIN_++_591
|  |  |  |  |         Sorted 1 elements.
|  |  |  |  *- Group: X87344_AF100956+AF027865_sim96_LIN_++_188
|  |  |  |  |         Sorted 1 elements.
|  |  |  |  *- Group: X87344_AF100956+AF027865_sim96_LIN_++_337
|  |  |  |  |         Sorted 1 elements.
|  |  |  |  *- Group: X87344_AF100956+AF027865_sim96_LIN_++_357
|  |  |  |  |         Sorted 1 elements.
|  |  |  |  *- Group: X87344_AF100956+AF027865_sim96_LIN_++_669
|  |  |  |  |         Sorted 1 elements.
|  |  |  |  *- Group: X87344_AF100956+AF027865_sim96_LIN_++_604
|  |  |  |  |         Sorted 1 elements.
|  |  |  |  *- Group: X87344_AF100956+AF027865_sim96_LIN_++_809
|  |  |  |  |         Sorted 1 elements.
|  |  |  |  *- Group: X87344_AF100956+AF027865_sim96_LIN_++_327
|  |  |  |  |         Sorted 1 elements.
|  |  |  |  *- Group: X87344_AF100956+AF027865_sim96_LIN_++_595
|  |  |  |  |         Sorted 1 elements.
|  |  |  |  *- Group: X87344_AF100956+AF027865_sim96_LIN_++_447
|  |  |  |  |         Sorted 1 elements.
|  |  |  |  *- Group: X87344_AF100956+AF027865_sim96_LIN_++_36
|  |  |  |  |         Sorted 1 elements.
|  |  |  |  *- Group: X87344_AF100956+AF027865_sim96_LIN_++_227
|  |  |  |  |         Sorted 1 elements.
|  |  |  |  *- Group: X87344_AF100956+AF027865_sim96_LIN_++_370
|  |  |  |  |         Sorted 1 elements.
|  |  |  |  *- Group: X87344_AF100956+AF027865_sim96_LIN_++_404
|  |  |  |  |         Sorted 1 elements.
|  |  |  |  *- Group: X87344_AF100956+AF027865_sim96_LIN_++_798
|  |  |  |  |         Sorted 1 elements.
|  |  |  |  *- Group: X87344_AF100956+AF027865_sim96_LIN_++_19
|  |  |  |  |         Sorted 1 elements.
|  |  |  |  *- Group: X87344_AF100956+AF027865_sim96_LIN_++_507
|  |  |  |  |         Sorted 1 elements.
|  |  |  |  *- Group: X87344_AF100956+AF027865_sim96_LIN_++_781
|  |  |  |  |         Sorted 1 elements.
|  |  |  |  *- Group: X87344_AF100956+AF027865_sim96_LIN_++_550
|  |  |  |  |         Sorted 1 elements.
|  |  |  |  *- Group: X87344_AF100956+AF027865_sim96_LIN_++_685
|  |  |  |  |         Sorted 1 elements.
|  |  |  |  *- Group: X87344_AF100956+AF027865_sim96_LIN_++_486
|  |  |  |  |         Sorted 1 elements.
|  |  |  |  *- Group: X87344_AF100956+AF027865_sim96_LIN_++_271
|  |  |  |  |         Sorted 1 elements.
|  |  |  |  *- Group: X87344_AF100956+AF027865_sim96_LIN_++_647
|  |  |  |  |         Sorted 1 elements.
|  |  |  |  *- Group: X87344_AF100956+AF027865_sim96_LIN_++_219
|  |  |  |  |         Sorted 1 elements.
|  |  |  |  *- Group: X87344_AF100956+AF027865_sim96_LIN_++_499
|  |  |  |  |         Sorted 1 elements.
|  |  |  |  *- Group: X87344_AF100956+AF027865_sim96_LIN_++_619
|  |  |  |  |         Sorted 1 elements.
|  |  |  |  *- Group: X87344_AF100956+AF027865_sim96_LIN_++_556
|  |  |  |  |         Sorted 1 elements.
|  |  |  |  *- Group: X87344_AF100956+AF027865_sim96_LIN_++_255
|  |  |  |  |         Sorted 1 elements.
|  |  |  |  *- Group: X87344_AF100956+AF027865_sim96_LIN_++_473
|  |  |  |  |         Sorted 1 elements.
|  |  |  |  *- Group: X87344_AF100956+AF027865_sim96_LIN_++_272
|  |  |  |  |         Sorted 1 elements.
|  |  |  |  *- Group: X87344_AF100956+AF027865_sim96_LIN_++_513
|  |  |  |  |         Sorted 1 elements.
|  |  |  |  *- Group: X87344_AF100956+AF027865_sim96_LIN_++_775
|  |  |  |  |         Sorted 1 elements.
|  |  |  |  *- Group: X87344_AF100956+AF027865_sim96_LIN_++_107
|  |  |  |  |         Sorted 1 elements.
|  |  |  |  *- Group: X87344_AF100956+AF027865_sim96_LIN_++_417
|  |  |  |  |         Sorted 1 elements.
|  |  |  |  *- Group: X87344_AF100956+AF027865_sim96_LIN_++_260
|  |  |  |  |         Sorted 1 elements.
|  |  |  |  *- Group: X87344_AF100956+AF027865_sim96_LIN_++_56
|  |  |  |  |         Sorted 1 elements.
|  |  |  |  *- Group: X87344_AF100956+AF027865_sim96_LIN_++_289
|  |  |  |  |         Sorted 1 elements.
|  |  |  |  *- Group: X87344_AF100956+AF027865_sim96_LIN_++_192
|  |  |  |  |         Sorted 1 elements.
|  |  |  |  *- Group: X87344_AF100956+AF027865_sim96_LIN_++_60
|  |  |  |  |         Sorted 1 elements.
|  |  |  |  *- Group: X87344_AF100956+AF027865_sim96_LIN_++_700
|  |  |  |  |         Sorted 1 elements.
|  |  |  |  *- Group: X87344_AF100956+AF027865_sim96_LIN_++_169
|  |  |  |  |         Sorted 1 elements.
|  |  |  |  *- Group: X87344_AF100956+AF027865_sim96_LIN_++_211
|  |  |  |  |         Sorted 1 elements.
|  |  |  |  *- Group: X87344_AF100956+AF027865_sim96_LIN_++_177
|  |  |  |  |         Sorted 1 elements.
|  |  |  |  *- Group: X87344_AF100956+AF027865_sim96_LIN_++_463
|  |  |  |  |         Sorted 1 elements.
|  |  |  |  *- Group: X87344_AF100956+AF027865_sim96_LIN_++_17
|  |  |  |  |         Sorted 1 elements.
|  |  |  |  *- Group: X87344_AF100956+AF027865_sim96_LIN_++_140
|  |  |  |  |         Sorted 1 elements.
|  |  |  |  *- Group: X87344_AF100956+AF027865_sim96_LIN_++_494
|  |  |  |  |         Sorted 1 elements.
|  |  |  |  *- Group: X87344_AF100956+AF027865_sim96_LIN_++_104
|  |  |  |  |         Sorted 1 elements.
|  |  |  |  *- Group: X87344_AF100956+AF027865_sim96_LIN_++_68
|  |  |  |  |         Sorted 1 elements.
|  |  |  |  *- Group: X87344_AF100956+AF027865_sim96_LIN_++_91
|  |  |  |  |         Sorted 1 elements.
|  |  |  |  *- Group: X87344_AF100956+AF027865_sim96_LIN_++_128
|  |  |  |  |         Sorted 1 elements.
|  |  |  |  *- Group: X87344_AF100956+AF027865_sim96_LIN_++_588
|  |  |  |  |         Sorted 1 elements.
|  |  |  |  *- Group: X87344_AF100956+AF027865_sim96_LIN_++_309
|  |  |  |  |         Sorted 1 elements.
|  |  |  |  *- Group: X87344_AF100956+AF027865_sim96_LIN_++_41
|  |  |  |  |         Sorted 1 elements.
|  |  |  |  *- Group: X87344_AF100956+AF027865_sim96_LIN_++_388
|  |  |  |  |         Sorted 1 elements.
|  |  |  |  *- Group: X87344_AF100956+AF027865_sim96_LIN_++_284
|  |  |  |  |         Sorted 1 elements.
|  |  |  |  *- Group: X87344_AF100956+AF027865_sim96_LIN_++_274
|  |  |  |  |         Sorted 1 elements.
|  |  |  |  *- Group: X87344_AF100956+AF027865_sim96_LIN_++_671
|  |  |  |  |         Sorted 1 elements.
|  |  |  |  *- Group: X87344_AF100956+AF027865_sim96_LIN_++_403
|  |  |  |  |         Sorted 1 elements.
|  |  |  |  *- Group: X87344_AF100956+AF027865_sim96_LIN_++_720
|  |  |  |  |         Sorted 1 elements.
|  |  |  |  *- Group: X87344_AF100956+AF027865_sim96_LIN_++_356
|  |  |  |  |         Sorted 1 elements.
|  |  |  |  *- Group: X87344_AF100956+AF027865_sim96_LIN_++_441
|  |  |  |  |         Sorted 1 elements.
|  |  |  |  *- Group: X87344_AF100956+AF027865_sim96_LIN_++_758
|  |  |  |  |         Sorted 1 elements.
|  |  |  |  *- Group: X87344_AF100956+AF027865_sim96_LIN_++_171
|  |  |  |  |         Sorted 1 elements.
|  |  |  |  *- Group: X87344_AF100956+AF027865_sim96_LIN_++_452
|  |  |  |  |         Sorted 1 elements.
|  |  |  |  *- Group: X87344_AF100956+AF027865_sim96_LIN_++_23
|  |  |  |  |         Sorted 1 elements.
|  |  |  |  *- Group: X87344_AF100956+AF027865_sim96_LIN_++_434
|  |  |  |  |         Sorted 1 elements.
|  |  |  |  *- Group: X87344_AF100956+AF027865_sim96_LIN_++_635
|  |  |  |  |         Sorted 1 elements.
|  |  |  |  *- Group: X87344_AF100956+AF027865_sim96_LIN_++_742
|  |  |  |  |         Sorted 1 elements.
|  |  |  |  *- Group: X87344_AF100956+AF027865_sim96_LIN_++_692
|  |  |  |  |         Sorted 1 elements.
|  |  |  |  *- Group: X87344_AF100956+AF027865_sim96_LIN_++_115
|  |  |  |  |         Sorted 1 elements.
|  |  |  |  *- Group: X87344_AF100956+AF027865_sim96_LIN_++_263
|  |  |  |  |         Sorted 1 elements.
|  |  |  |  *- Group: X87344_AF100956+AF027865_sim96_LIN_++_212
|  |  |  |  |         Sorted 1 elements.
|  |  |  |  *- Group: X87344_AF100956+AF027865_sim96_LIN_++_577
|  |  |  |  |         Sorted 1 elements.
|  |  |  |  *- Group: X87344_AF100956+AF027865_sim96_LIN_++_524
|  |  |  |  |         Sorted 1 elements.
|  |  |  |  *- Group: X87344_AF100956+AF027865_sim96_LIN_++_734
|  |  |  |  |         Sorted 1 elements.
|  |  |  |  *- Group: X87344_AF100956+AF027865_sim96_LIN_++_518
|  |  |  |  |         Sorted 1 elements.
|  |  |  |  *- Group: X87344_AF100956+AF027865_sim96_LIN_++_187
|  |  |  |  |         Sorted 1 elements.
|  |  |  |  *- Group: X87344_AF100956+AF027865_sim96_LIN_++_73
|  |  |  |  |         Sorted 1 elements.
|  |  |  |  *- Group: X87344_AF100956+AF027865_sim96_LIN_++_248
|  |  |  |  |         Sorted 1 elements.
|  |  |  |  *- Group: X87344_AF100956+AF027865_sim96_LIN_++_366
|  |  |  |  |         Sorted 1 elements.
|  |  |  |  *- Group: X87344_AF100956+AF027865_sim96_LIN_++_668
|  |  |  |  |         Sorted 1 elements.
|  |  |  |  *- Group: X87344_AF100956+AF027865_sim96_LIN_++_294
|  |  |  |  |         Sorted 1 elements.
|  |  |  |  *- Group: X87344_AF100956+AF027865_sim96_LIN_++_116
|  |  |  |  |         Sorted 1 elements.
|  |  |  |  *- Group: X87344_AF100956+AF027865_sim96_LIN_++_282
|  |  |  |  |         Sorted 1 elements.
|  |  |  |  *- Group: X87344_AF100956+AF027865_sim96_LIN_++_658
|  |  |  |  |         Sorted 1 elements.
|  |  |  |  *- Group: X87344_AF100956+AF027865_sim96_LIN_++_787
|  |  |  |  |         Sorted 1 elements.
|  |  |  |  *- Group: X87344_AF100956+AF027865_sim96_LIN_++_569
|  |  |  |  |         Sorted 1 elements.
|  |  |  |  *- Group: X87344_AF100956+AF027865_sim96_LIN_++_154
|  |  |  |  |         Sorted 1 elements.
|  |  |  |  *- Group: X87344_AF100956+AF027865_sim96_LIN_++_228
|  |  |  |  |         Sorted 1 elements.
|  |  |  |  *- Group: X87344_AF100956+AF027865_sim96_LIN_++_346
|  |  |  |  |         Sorted 1 elements.
|  |  |  |  *- Group: X87344_AF100956+AF027865_sim96_LIN_++_710
|  |  |  |  |         Sorted 1 elements.
|  |  |  |  *- Group: X87344_AF100956+AF027865_sim96_LIN_++_585
|  |  |  |  |         Sorted 1 elements.
|  |  |  |  *- Group: X87344_AF100956+AF027865_sim96_LIN_++_67
|  |  |  |  |         Sorted 1 elements.
|  |  |  |  *- Group: X87344_AF100956+AF027865_sim96_LIN_++_590
|  |  |  |  |         Sorted 1 elements.
|  |  |  |  *- Group: X87344_AF100956+AF027865_sim96_LIN_++_105
|  |  |  |  |         Sorted 1 elements.
|  |  |  |  *- Group: X87344_AF100956+AF027865_sim96_LIN_++_125
|  |  |  |  |         Sorted 1 elements.
|  |  |  |  *- Group: X87344_AF100956+AF027865_sim96_LIN_++_446
|  |  |  |  |         Sorted 1 elements.
|  |  |  |  *- Group: X87344_AF100956+AF027865_sim96_LIN_++_806
|  |  |  |  |         Sorted 1 elements.
|  |  |  |  *- Group: X87344_AF100956+AF027865_sim96_LIN_++_641
|  |  |  |  |         Sorted 1 elements.
|  |  |  |  *- Group: X87344_AF100956+AF027865_sim96_LIN_++_612
|  |  |  |  |         Sorted 1 elements.
|  |  |  |  *- Group: X87344_AF100956+AF027865_sim96_LIN_++_603
|  |  |  |  |         Sorted 1 elements.
|  |  |  |  *- Group: X87344_AF100956+AF027865_sim96_LIN_++_242
|  |  |  |  |         Sorted 1 elements.
|  |  |  |  *- Group: X87344_AF100956+AF027865_sim96_LIN_++_777
|  |  |  |  |         Sorted 1 elements.
|  |  |  |  *- Group: X87344_AF100956+AF027865_sim96_LIN_++_87
|  |  |  |  |         Sorted 1 elements.
|  |  |  |  *- Group: X87344_AF100956+AF027865_sim96_LIN_++_10
|  |  |  |  |         Sorted 1 elements.
|  |  |  |  *- Group: X87344_AF100956+AF027865_sim96_LIN_++_578
|  |  |  |  |         Sorted 1 elements.
|  |  |  |  *- Group: X87344_AF100956+AF027865_sim96_LIN_++_506
|  |  |  |  |         Sorted 1 elements.
|  |  |  |  *- Group: X87344_AF100956+AF027865_sim96_LIN_++_405
|  |  |  |  |         Sorted 1 elements.
|  |  |  |  *- Group: X87344_AF100956+AF027865_sim96_LIN_++_382
|  |  |  |  |         Sorted 1 elements.
|  |  |  |  *- Group: X87344_AF100956+AF027865_sim96_LIN_++_97
|  |  |  |  |         Sorted 1 elements.
|  |  |  |  *- Group: X87344_AF100956+AF027865_sim96_LIN_++_326
|  |  |  |  |         Sorted 1 elements.
|  |  |  |  *- Group: X87344_AF100956+AF027865_sim96_LIN_++_594
|  |  |  |  |         Sorted 1 elements.
|  |  |  |  *- Group: X87344_AF100956+AF027865_sim96_LIN_++_437
|  |  |  |  |         Sorted 1 elements.
|  |  |  |  *- Group: X87344_AF100956+AF027865_sim96_LIN_++_661
|  |  |  |  |         Sorted 1 elements.
|  |  |  |  *- Group: X87344_AF100956+AF027865_sim96_LIN_++_684
|  |  |  |  |         Sorted 1 elements.
|  |  |  |  *- Group: X87344_AF100956+AF027865_sim96_LIN_++_70
|  |  |  |  |         Sorted 1 elements.
|  |  |  |  *- Group: X87344_AF100956+AF027865_sim96_LIN_++_259
|  |  |  |  |         Sorted 1 elements.
|  |  |  |  *- Group: X87344_AF100956+AF027865_sim96_LIN_++_782
|  |  |  |  |         Sorted 1 elements.
|  |  |  |  *- Group: X87344_AF100956+AF027865_sim96_LIN_++_527
|  |  |  |  |         Sorted 1 elements.
|  |  |  |  *- Group: X87344_AF100956+AF027865_sim96_LIN_++_796
|  |  |  |  |         Sorted 1 elements.
|  |  |  |  *- Group: X87344_AF100956+AF027865_sim96_LIN_++_392
|  |  |  |  |         Sorted 1 elements.
|  |  |  |  *- Group: X87344_AF100956+AF027865_sim96_LIN_++_625
|  |  |  |  |         Sorted 1 elements.
|  |  |  |  *- Group: X87344_AF100956+AF027865_sim96_LIN_++_231
|  |  |  |  |         Sorted 1 elements.
|  |  |  |  *- Group: X87344_AF100956+AF027865_sim96_LIN_++_180
|  |  |  |  |         Sorted 1 elements.
|  |  |  |  *- Group: X87344_AF100956+AF027865_sim96_LIN_++_311
|  |  |  |  |         Sorted 1 elements.
|  |  |  |  `Sorted 809 groups.
|  |  |  *- Strand: ..
|  |  |  |  *- Group: X87344_AF100956+AF027865_sim96_LIN_.._1
|  |  |  |  |         Sorted 1 elements.
|  |  |  |  `Sorted 1 groups.
################################################################################
###                             ELEMENTS SORTED                              ###
###           1 wallclock secs ( 0.49 usr +  0.04 sys =  0.53 CPU)           ###
################################################################################
###
################################################################################
###                           SETTING PAGE LAYOUT                            ###
################################################################################
###---> Page size set to "a4" ( 595 x 842 )...
###---> Setting plot AXES: 
###     ALIGNMENT "X87344:AF100956+AF027865" was found. PLOTTING IT...
###     X-SEQUENCE "X87344" was found. PLOTTING IT...
###     Y-SEQUENCE "AF100956+AF027865" was found. PLOTTING IT...
###---> SEQUENCE BOUNDARIES selected for this plot:
###      X : 1 to 6500
###      Y : 1 to 6500
###---> SEQUENCE ZOOM that has been choosen:
###      X : 1 to 6500
###      Y : 1 to 6500
###---> NO ZOOM AREA was selected for this plot... 
###---> SCORE BOUNDARIES selected for this plot:
###      ALIGNMENT:   0 to 1
###      PERCENT box: 0.2 to 1.0
###---> TICKMARKS were set: 
###      Nucleotide-Scale: Major step 1000 - Minor step 200
###      Score-Scale:      Major step 0.2 - Minor step 0.05
###---> X/Y scale settings are: 
###     XY-RATIO is not taken into account for this plot ...
###     Are X/Y axes going to have same length ?  YES 
################################################################################
###                     PAGE LAYOUT SET for CURRENT PLOT                     ###
###           0 wallclock secs ( 0.00 usr +  0.00 sys =  0.00 CPU)           ###
################################################################################
###
################################################################################
###                       WRITING POSTSCRIPT TO STDOUT                       ###
################################################################################
###---> PostScript Header DONE...
###---> PostScript Colors Table SET...
###---> PostScript Page-formats Table SET...
###---> PostScript Variables SET...
###---> PostScript Functions SET...
###---> Writting PostScript Page:
###     + APLOT-BOX section :
###       + drawing X-sequence annotation (X87344)...
###       + drawing X-sequence ribbons...
###       + drawing Y-sequence annotation (AF100956+AF027865)...
###       + drawing Y-sequence ribbons...
###       + drawing alignment features (X87344:AF100956+AF027865)...
###       + APLOT-BOX section DONE...
###     + PERCENT-BOX section :
###       + drawing X-sequence ribbons...
###       + drawing alignment features (X87344:AF100956+AF027865)...
###       + PERCENT-BOX section DONE...
###---> PostScript Page FINISHED...
################################################################################
###                       WRITING POSTSCRIPT FINISHED                        ###
###           0 wallclock secs ( 0.17 usr +  0.01 sys =  0.18 CPU)           ###
################################################################################
###
################################################################################
###                          gff2aplot HAS FINISHED                          ###
###        [  5 wallclock secs ( 3.70 usr +  0.48 sys =  4.18 CPU) ]         ###
################################################################################
