## gff-version 3
# Sequence-region AC005155 1 127282
AC005155	geneid_v1.2	gene	8670	40482	 15.97	+	.	ID=AC005155_gene_1
AC005155	geneid_v1.2	mRNA	8670	40482	 15.97	+	.	ID=AC005155_mRNA_1;Parent=AC005155_gene_1
AC005155	geneid_v1.2	CDS	8670	8861	 5.01	+	0	Parent=AC005155_mRNA_1
AC005155	geneid_v1.2	CDS	9168	9248	 2.24	+	0	Parent=AC005155_mRNA_1
AC005155	geneid_v1.2	CDS	10054	10212	 5.99	+	0	Parent=AC005155_mRNA_1
AC005155	geneid_v1.2	CDS	15646	15664	 1.46	+	0	Parent=AC005155_mRNA_1
AC005155	geneid_v1.2	CDS	18188	18289	 0.54	+	2	Parent=AC005155_mRNA_1
AC005155	geneid_v1.2	CDS	25273	25556	 0.22	+	2	Parent=AC005155_mRNA_1
AC005155	geneid_v1.2	CDS	30838	30906	 0.85	+	0	Parent=AC005155_mRNA_1
AC005155	geneid_v1.2	CDS	40309	40482	-0.34	+	0	Parent=AC005155_mRNA_1
AC005155	geneid_v1.2	exon	8670	8861	 5.01	+	.	Parent=AC005155_mRNA_1
AC005155	geneid_v1.2	exon	9168	9248	 2.24	+	.	Parent=AC005155_mRNA_1
AC005155	geneid_v1.2	exon	10054	10212	 5.99	+	.	Parent=AC005155_mRNA_1
AC005155	geneid_v1.2	exon	15646	15664	 1.46	+	.	Parent=AC005155_mRNA_1
AC005155	geneid_v1.2	exon	18188	18289	 0.54	+	.	Parent=AC005155_mRNA_1
AC005155	geneid_v1.2	exon	25273	25556	 0.22	+	.	Parent=AC005155_mRNA_1
AC005155	geneid_v1.2	exon	30838	30906	 0.85	+	.	Parent=AC005155_mRNA_1
AC005155	geneid_v1.2	exon	40309	40482	-0.34	+	.	Parent=AC005155_mRNA_1

AC005155	geneid_v1.2	gene	46226	46345	 0.03	+	.	ID=AC005155_gene_2
AC005155	geneid_v1.2	mRNA	46226	46345	 0.03	+	.	ID=AC005155_mRNA_2;Parent=AC005155_gene_2
AC005155	geneid_v1.2	CDS	46226	46345	 0.03	+	0	Parent=AC005155_mRNA_2

AC005155	geneid_v1.2	gene	50673	70265	18.52	+	.	ID=AC005155_gene_3
AC005155	geneid_v1.2	mRNA	50673	70265	18.52	+	.	ID=AC005155_mRNA_3;Parent=AC005155_gene_3
AC005155	geneid_v1.2	CDS	50673	50729	 0.62	+	0	Parent=AC005155_mRNA_3
AC005155	geneid_v1.2	CDS	55667	55774	 0.18	+	0	Parent=AC005155_mRNA_3
AC005155	geneid_v1.2	CDS	57723	57820	 3.21	+	0	Parent=AC005155_mRNA_3
AC005155	geneid_v1.2	CDS	58567	58745	 2.08	+	1	Parent=AC005155_mRNA_3
AC005155	geneid_v1.2	CDS	61033	61093	 2.15	+	2	Parent=AC005155_mRNA_3
AC005155	geneid_v1.2	CDS	61575	61644	 2.98	+	1	Parent=AC005155_mRNA_3
AC005155	geneid_v1.2	CDS	62381	62508	 2.40	+	0	Parent=AC005155_mRNA_3
AC005155	geneid_v1.2	CDS	63033	63162	 3.56	+	1	Parent=AC005155_mRNA_3
AC005155	geneid_v1.2	CDS	63885	63926	 0.81	+	0	Parent=AC005155_mRNA_3
AC005155	geneid_v1.2	CDS	70173	70265	 0.52	+	0	Parent=AC005155_mRNA_3

AC005155	geneid_v1.2	gene	79293	90721	1.29	-	.	ID=AC005155_gene_4
AC005155	geneid_v1.2	mRNA	79293	90721	1.29	-	.	Parent=AC005155_gene_4;Parent=AC005155_gene_4
AC005155	geneid_v1.2	CDS	79293	79412	-0.86	-	0	Parent=AC005155_mRNA_4
AC005155	geneid_v1.2	CDS	90500	90721	 2.15	-	0	Parent=AC005155_mRNA_4

AC005155	geneid_v1.2	gene	93507	113559	 2.48	+	.	ID=AC005155_gene_5
AC005155	geneid_v1.2	mRNA	93507	113559	 2.48	+	.	ID=AC005155_mRNA_5;Parent=AC005155_gene_5
AC005155	geneid_v1.2	CDS	93507	93724	 1.56	+	0	Parent=AC005155_mRNA_5
AC005155	geneid_v1.2	CDS	105467	105524	 0.60	+	1	Parent=AC005155_mRNA_5
AC005155	geneid_v1.2	CDS	110445	110497	 0.34	+	0	Parent=AC005155_mRNA_5
AC005155	geneid_v1.2	CDS	113385	113559	-0.03	+	1	Parent=AC005155_mRNA_5

AC005155	geneid_v1.2	gene	119940		124444	1.84	-	.	ID=AC005155_gene_6
AC005155	geneid_v1.2	mRNA	119940		124444	1.84	-	.	ID=AC005155_mRNA_6;Parent=AC005155_gene_6
AC005155	geneid_v1.2	CDS	119940	119954	-0.80	-	0	Parent=AC005155_mRNA_6
AC005155	geneid_v1.2	CDS	120657	120754	 3.35	-	2	Parent=AC005155_mRNA_6
AC005155	geneid_v1.2	CDS	124306	124444	-0.71	-	0	Parent=AC005155_mRNA_6
