## gff-version 2
## date Mon May  2 12:33:19 2005
## source-version: geneid v 1.2 -- geneid@imim.es
# Sequence AC005155 - Length = 127282 bps
# Optimal Gene Structure. 6 genes. Score = 40.14 
# Gene 1 (Forward). 8 exons. 360 aa. Score = 15.97 
AC005155	geneid_v1.2	Internal	8670	8861	 5.01	+	0	AC005155_1
AC005155	geneid_v1.2	Internal	9168	9248	 2.24	+	0	AC005155_1
AC005155	geneid_v1.2	Internal	10054	10212	 5.99	+	0	AC005155_1
AC005155	geneid_v1.2	Internal	15646	15664	 1.46	+	0	AC005155_1
AC005155	geneid_v1.2	Internal	18188	18289	 0.54	+	2	AC005155_1
AC005155	geneid_v1.2	Internal	25273	25556	 0.22	+	2	AC005155_1
AC005155	geneid_v1.2	Internal	30838	30906	 0.85	+	0	AC005155_1
AC005155	geneid_v1.2	Terminal	40309	40482	-0.34	+	0	AC005155_1
# Gene 2 (Forward). 1 exons. 40 aa. Score = 0.03 
AC005155	geneid_v1.2	Single	46226	46345	 0.03	+	0	AC005155_2
# Gene 3 (Forward). 10 exons. 322 aa. Score = 18.52 
AC005155	geneid_v1.2	First	50673	50729	 0.62	+	0	AC005155_3
AC005155	geneid_v1.2	Internal	55667	55774	 0.18	+	0	AC005155_3
AC005155	geneid_v1.2	Internal	57723	57820	 3.21	+	0	AC005155_3
AC005155	geneid_v1.2	Internal	58567	58745	 2.08	+	1	AC005155_3
AC005155	geneid_v1.2	Internal	61033	61093	 2.15	+	2	AC005155_3
AC005155	geneid_v1.2	Internal	61575	61644	 2.98	+	1	AC005155_3
AC005155	geneid_v1.2	Internal	62381	62508	 2.40	+	0	AC005155_3
AC005155	geneid_v1.2	Internal	63033	63162	 3.56	+	1	AC005155_3
AC005155	geneid_v1.2	Internal	63885	63926	 0.81	+	0	AC005155_3
AC005155	geneid_v1.2	Terminal	70173	70265	 0.52	+	0	AC005155_3
# Gene 4 (Reverse). 2 exons. 114 aa. Score = 1.29 
AC005155	geneid_v1.2	Terminal	79293	79412	-0.86	-	0	AC005155_4
AC005155	geneid_v1.2	First	90500	90721	 2.15	-	0	AC005155_4
# Gene 5 (Forward). 4 exons. 168 aa. Score = 2.48 
AC005155	geneid_v1.2	First	93507	93724	 1.56	+	0	AC005155_5
AC005155	geneid_v1.2	Internal	105467	105524	 0.60	+	1	AC005155_5
AC005155	geneid_v1.2	Internal	110445	110497	 0.34	+	0	AC005155_5
AC005155	geneid_v1.2	Terminal	113385	113559	-0.03	+	1	AC005155_5
# Gene 6 (Reverse). 3 exons. 84 aa. Score = 1.84 
AC005155	geneid_v1.2	Terminal	119940	119954	-0.80	-	0	AC005155_6
AC005155	geneid_v1.2	Internal	120657	120754	 3.35	-	2	AC005155_6
AC005155	geneid_v1.2	Internal	124306	124444	-0.71	-	0	AC005155_6
