## gff-version 3
ENSG00000174697	MatScan	binding_site	397	406	 8.80	+	.	ID=V$SP1_01;Seq=GGGGCGGGGC
ENSG00000174697	MatScan	binding_site	86	93	 9.42	-	.	ID=I$TTK69_01;Seq=GGTCCTGG
ENSG00000174697	MatScan	binding_site	420	424	 5.48	+	.	ID=I$HSF_01;Seq=AGAAA
ENSG00000174697	MatScan	binding_site	246	250	 5.48	-	.	ID=I$HSF_01;Seq=AGAAA
ENSG00000174697	MatScan	binding_site	420	424	 4.72	+	.	ID=F$HSF_01;Seq=AGAAA
ENSG00000174697	MatScan	binding_site	246	250	 4.72	-	.	ID=F$HSF_01;Seq=AGAAA
ENSG00000174697	MatScan	binding_site	229	234	 5.37	+	.	ID=F$ADR1_01;Seq=TGGAGG
ENSG00000174697	MatScan	binding_site	266	271	 5.88	-	.	ID=F$ADR1_01;Seq=TGGGGG
ENSG00000174697	MatScan	binding_site	147	152	 5.70	-	.	ID=F$ADR1_01;Seq=CGGGGG
ENSG00000174697	MatScan	binding_site	72	77	 5.99	-	.	ID=F$ADR1_01;Seq=CGGGGT
ENSG00000174697	MatScan	binding_site	419	425	 5.29	-	.	ID=V$CDXA_02;Seq=ATTTCTA
ENSG00000174697	MatScan	binding_site	276	284	 9.81	+	.	ID=V$LYF1_01;Seq=TTTGGGAGG
ENSG00000174697	MatScan	binding_site	442	451	 7.11	-	.	ID=V$MYB_Q6;Seq=CGCAACTGCC
ENSG00000174697	MatScan	binding_site	395	407	11.55	+	.	ID=V$SP1_Q6;Seq=GAGGGGCGGGGCG
ENSG00000174697	MatScan	binding_site	395	408	11.00	+	.	ID=V$GC_01;Seq=GAGGGGCGGGGCGG
ENSG00000174697	MatScan	binding_site	190	196	 7.54	+	.	ID=F$STRE_B;Seq=AAGGGGC
ENSG00000174697	MatScan	binding_site	297	306	 9.83	-	.	ID=V$MYCMAX_B;Seq=GCCACGCGCG
ENSG00000174697	MatScan	binding_site	42	50	 6.44	+	.	ID=V$AP2ALPHA_01;Seq=GCCGTCGGG
ENSG00000174697	MatScan	binding_site	434	442	 6.68	+	.	ID=V$AP2ALPHA_01;Seq=GCCTGCGGG
ENSG00000174697	MatScan	binding_site	358	366	 7.28	-	.	ID=V$AP2ALPHA_01;Seq=GCCCTGGGC
ENSG00000174697	MatScan	binding_site	328	336	 6.49	-	.	ID=V$AP2ALPHA_01;Seq=GCCTCGAGG
ENSG00000174697	MatScan	binding_site	434	442	 7.45	+	.	ID=V$AP2GAMMA_01;Seq=GCCTGCGGG
ENSG00000174697	MatScan	binding_site	358	366	 7.44	-	.	ID=V$AP2GAMMA_01;Seq=GCCCTGGGC
ENSG00000174697	MatScan	binding_site	419	426	 5.57	-	.	ID=V$STAT5A_03;Seq=CATTTCTA
ENSG00000174697	MatScan	binding_site	23	30	 5.94	+	.	ID=V$STAT3_02;Seq=GGCTTCCC
ENSG00000174697	MatScan	binding_site	244	251	 5.93	+	.	ID=V$STAT4_01;Seq=GATTTCTC
ENSG00000174697	MatScan	binding_site	419	426	 6.18	-	.	ID=V$STAT4_01;Seq=CATTTCTA
ENSG00000174697	MatScan	binding_site	244	251	 5.77	+	.	ID=V$STAT5A_04;Seq=GATTTCTC
ENSG00000174697	MatScan	binding_site	419	426	 6.13	-	.	ID=V$STAT5A_04;Seq=CATTTCTA
ENSG00000174697	MatScan	binding_site	23	30	 6.08	+	.	ID=V$STAT6_02;Seq=GGCTTCCC
ENSG00000174697	MatScan	binding_site	182	189	 6.07	+	.	ID=V$STAT6_02;Seq=ACCTTCCC
ENSG00000174697	MatScan	binding_site	264	272	10.78	-	.	ID=F$GBF_Q6;Seq=TTGGGGGTG
ENSG00000174697	MatScan	binding_site	369	375	 7.36	-	.	ID=V$LBP1_Q6;Seq=CGGCTGC
ENSG00000174697	MatScan	binding_site	103	109	 7.36	-	.	ID=V$LBP1_Q6;Seq=CGGCTGC
ENSG00000174697	MatScan	binding_site	323	330	 9.06	-	.	ID=V$MAZ_Q6;Seq=AGGGAGGG
ENSG00000174697	MatScan	binding_site	381	385	 6.59	+	.	ID=P$OCSBF1_01;Seq=CACGT
ENSG00000174697	MatScan	binding_site	382	386	 5.68	-	.	ID=P$OCSBF1_01;Seq=GACGT
ENSG00000174697	MatScan	binding_site	381	387	 6.97	-	.	ID=P$RITA1_01;Seq=CGACGTG
ENSG00000174697	MatScan	binding_site	328	334	 7.87	+	.	ID=F$XBP1_Q2;Seq=CCTCGAG
ENSG00000174697	MatScan	binding_site	329	335	 7.87	-	.	ID=F$XBP1_Q2;Seq=CCTCGAG
ENSG00000174697	MatScan	binding_site	174	180	 8.72	-	.	ID=F$XBP1_Q2;Seq=CTTCGAG
ENSG00000174697	MatScan	binding_site	268	275	 7.04	+	.	ID=V$AP3_Q6;Seq=CCCAAATT
ENSG00000174697	MatScan	binding_site	397	403	 7.63	+	.	ID=V$ETF_Q6;Seq=GGGGCGG
ENSG00000174697	MatScan	binding_site	402	408	 7.63	+	.	ID=V$ETF_Q6;Seq=GGGGCGG
ENSG00000174697	MatScan	binding_site	478	484	 7.63	+	.	ID=V$ETF_Q6;Seq=GGGGCGG
ENSG00000174697	MatScan	binding_site	150	156	 7.63	-	.	ID=V$ETF_Q6;Seq=GGGGCGG
ENSG00000174697	MatScan	binding_site	421	426	 6.89	+	.	ID=V$TEF1_Q6;Seq=GAAATG
ENSG00000174697	MatScan	binding_site	324	332	 8.70	-	.	ID=V$TFIII_Q6;Seq=CGAGGGAGG
ENSG00000174697	MatScan	binding_site	471	482	10.36	+	.	ID=V$TFIIA_Q6;Seq=TATAAGAGGGGC
ENSG00000174697	MatScan	binding_site	159	166	 7.95	-	.	ID=V$ZF5_01;Seq=GGGCGCGG
ENSG00000174697	MatScan	binding_site	323	331	 9.28	-	.	ID=V$CACBINDINGPROTEIN_Q6;Seq=GAGGGAGGG
ENSG00000174697	MatScan	binding_site	262	270	 8.99	-	.	ID=V$CACBINDINGPROTEIN_Q6;Seq=GGGGGTGGC
ENSG00000174697	MatScan	binding_site	143	151	 8.99	-	.	ID=V$CACBINDINGPROTEIN_Q6;Seq=GGGGGTGGC
ENSG00000174697	MatScan	binding_site	299	304	 6.53	-	.	ID=V$USF2_Q6;Seq=CACGCG
ENSG00000174697	MatScan	binding_site	125	132	10.64	+	.	ID=F$PDR3_Q2;Seq=TCCGCGGA
ENSG00000174697	MatScan	binding_site	125	132	10.64	-	.	ID=F$PDR3_Q2;Seq=TCCGCGGA
ENSG00000174697	MatScan	binding_site	203	212	 6.51	+	.	ID=V$CEBP_Q3;Seq=TTGCGCCATA
ENSG00000174697	MatScan	binding_site	445	454	 6.61	-	.	ID=V$CEBP_Q3;Seq=TTGCGCAACT
ENSG00000174697	MatScan	binding_site	444	449	 5.98	+	.	ID=V$MYB_Q3;Seq=CAGTTG
