Use of /g modifier is meaningless in split at /home/ug/jabril/development/softjabril/gfftools/gff2aplot/bin/parseblast.pl line 831.
Use of /g modifier is meaningless in split at /home/ug/jabril/development/softjabril/gfftools/gff2aplot/bin/parseblast.pl line 867.
##########################################################
##               RUNNING parseblast v2.0                ##
##                                                      ##
##                 Host: xinxan.imim.es                 ##
##                     User: lopep                      ##
##                     Perl: v5.8.0                     ##
##                                                      ##
##            Date: Tue Jun  3 16:42:23 2003            ##
##########################################################
##########################################################
##               PARSING STDIN FROM BLAST               ##
##########################################################
..................................................[000050]
..................................................[000100]
..................................................[000150]
..................................................[000200]
..................................................[000250]
..................................................[000300]
..................................................[000350]
..................................................[000400]
..................................................[000450]
..................................................[000500]
..................................................[000550]
....[000554]
##########################################################
##               WRITING OUTPUT TO STDOUT               ##
##########################################################
..........................................[000042]
##########################################################
##                 FROM 812 INPUT LINES                 ##
##                554 INPUT RECORDS READ                ##
##                TOTAL HSPs WRITTEN: 42                ##
##########################################################
##########################################################
##             parseblast v2.0 HAS FINISHED             ##
##                                                      ##
##       Total Execution Time: 00:00:00 (0 secs)        ##
##         ( 0.19 usr +  0.00 sys =  0.19 CPU)          ##
##########################################################
