Use of /g modifier is meaningless in split at /home/ug/jabril/development/softjabril/gfftools/gff2aplot/bin/parseblast.pl line 831.
Use of /g modifier is meaningless in split at /home/ug/jabril/development/softjabril/gfftools/gff2aplot/bin/parseblast.pl line 867.
##########################################################
##               RUNNING parseblast v2.0                ##
##                                                      ##
##                 Host: xinxan.imim.es                 ##
##                     User: lopep                      ##
##                     Perl: v5.8.0                     ##
##                                                      ##
##            Date: Tue Jun  3 16:42:24 2003            ##
##########################################################
##########################################################
##               PARSING STDIN FROM BLAST               ##
##########################################################
..................................................[000050]
..................................................[000100]
..................................................[000150]
..................................................[000200]
..................................................[000250]
..................................................[000300]
..................................................[000350]
..................................................[000400]
..................................................[000450]
..................................................[000500]
..................................................[000550]
..................................................[000600]
..................................................[000650]
..................................................[000700]
..................................................[000750]
..................................................[000800]
..................................................[000850]
..................................................[000900]
..................................................[000950]
..................................................[001000]
....[001004]
##########################################################
##               WRITING OUTPUT TO STDOUT               ##
##########################################################
..................................................[000050]
..................................................[000100]
..................................................[000150]
.........................................[000191]
##########################################################
##                FROM 1656 INPUT LINES                 ##
##               1004 INPUT RECORDS READ                ##
##               TOTAL HSPs WRITTEN: 191                ##
##########################################################
##########################################################
##             parseblast v2.0 HAS FINISHED             ##
##                                                      ##
##       Total Execution Time: 00:00:01 (1 secs)        ##
##         ( 0.35 usr +  0.03 sys =  0.38 CPU)          ##
##########################################################
